Tue Nov 13 19:44:16 2018       
+-----------------------------------------------------------------------------+
| NVIDIA-SMI 390.87                 Driver Version: 390.87                    |
|-------------------------------+----------------------+----------------------+
| GPU  Name        Persistence-M| Bus-Id        Disp.A | Volatile Uncorr. ECC |
| Fan  Temp  Perf  Pwr:Usage/Cap|         Memory-Usage | GPU-Util  Compute M. |
|===============================+======================+======================|
|   0  TITAN X (Pascal)    Off  | 00000000:02:00.0 Off |                  N/A |
| 25%   35C    P8    17W / 250W |      0MiB / 12196MiB |      0%      Default |
+-------------------------------+----------------------+----------------------+
|   1  TITAN X (Pascal)    Off  | 00000000:03:00.0 Off |                  N/A |
| 32%   47C    P8    19W / 250W |      0MiB / 12196MiB |      0%      Default |
+-------------------------------+----------------------+----------------------+
                                                                               
+-----------------------------------------------------------------------------+
| Processes:                                                       GPU Memory |
|  GPU       PID   Type   Process name                             Usage      |
|=============================================================================|
|  No running processes found                                                 |
+-----------------------------------------------------------------------------+
Waking up Bertie...
Bertie is going to help us train a ResNet on CIFAR-10...
Namespace(GPU='0,1', base_file='bbb', batch_size=256, learning_rate=0.1, no_epochs=30, print_freq=51, save_file='resnet', workers=0)
CUDA AVAILABLE
Using multiple GPUs
Files already downloaded and verified
Files already downloaded and verified
Files already downloaded and verified
Files already downloaded and verified
Epoch 1:
Learning rate is 0.05714285714285715
Epoch: [1][0/196]	Time 2.927 (2.927)	Data 0.048 (0.048)	Loss 2.3252 (2.3252)	Error@1 90.234 (90.234)	Error@5 45.703 (45.703)
Epoch: [1][51/196]	Time 0.082 (0.138)	Data 0.047 (0.048)	Loss 1.6738 (1.8712)	Error@1 61.719 (70.260)	Error@5 9.766 (16.985)
Epoch: [1][102/196]	Time 0.081 (0.111)	Data 0.046 (0.047)	Loss 1.5214 (1.7300)	Error@1 54.297 (64.783)	Error@5 10.938 (13.387)
Epoch: [1][153/196]	Time 0.084 (0.102)	Data 0.046 (0.047)	Loss 1.2258 (1.6332)	Error@1 42.188 (60.935)	Error@5 1.562 (11.394)
Test: [0/40]	Time 0.073 (0.073)	Loss 1.6664 (1.6664)	Error@1 58.203 (58.203)	Error@5 8.203 (8.203)
 * Error@1 55.510 Error@5 7.100
Epoch 2:
Learning rate is 0.1142857142857143
Epoch: [2][0/196]	Time 0.082 (0.082)	Data 0.047 (0.047)	Loss 1.4097 (1.4097)	Error@1 50.000 (50.000)	Error@5 8.203 (8.203)
Epoch: [2][51/196]	Time 0.084 (0.083)	Data 0.049 (0.047)	Loss 1.2068 (1.3405)	Error@1 42.188 (49.249)	Error@5 5.469 (6.122)
Epoch: [2][102/196]	Time 0.088 (0.084)	Data 0.045 (0.047)	Loss 1.1463 (1.2562)	Error@1 41.016 (45.923)	Error@5 5.859 (5.245)
Epoch: [2][153/196]	Time 0.082 (0.084)	Data 0.047 (0.047)	Loss 0.9698 (1.1826)	Error@1 33.203 (42.933)	Error@5 3.125 (4.695)
Test: [0/40]	Time 0.068 (0.068)	Loss 1.2771 (1.2771)	Error@1 39.844 (39.844)	Error@5 2.344 (2.344)
 * Error@1 38.730 Error@5 2.890
Epoch 3:
Learning rate is 0.17142857142857143
Epoch: [3][0/196]	Time 0.083 (0.083)	Data 0.048 (0.048)	Loss 0.9634 (0.9634)	Error@1 33.984 (33.984)	Error@5 4.688 (4.688)
Epoch: [3][51/196]	Time 0.084 (0.084)	Data 0.045 (0.047)	Loss 1.0445 (0.9508)	Error@1 39.453 (33.909)	Error@5 3.125 (2.787)
Epoch: [3][102/196]	Time 0.082 (0.084)	Data 0.047 (0.047)	Loss 0.8687 (0.9355)	Error@1 29.297 (33.222)	Error@5 2.734 (2.674)
Epoch: [3][153/196]	Time 0.083 (0.084)	Data 0.045 (0.047)	Loss 0.8416 (0.9003)	Error@1 29.688 (31.904)	Error@5 1.953 (2.498)
Test: [0/40]	Time 0.070 (0.070)	Loss 0.8534 (0.8534)	Error@1 30.469 (30.469)	Error@5 3.906 (3.906)
 * Error@1 31.460 Error@5 2.340
Epoch 4:
Learning rate is 0.2285714285714286
Epoch: [4][0/196]	Time 0.084 (0.084)	Data 0.048 (0.048)	Loss 0.7305 (0.7305)	Error@1 25.781 (25.781)	Error@5 1.562 (1.562)
Epoch: [4][51/196]	Time 0.084 (0.084)	Data 0.047 (0.048)	Loss 0.7715 (0.7784)	Error@1 26.172 (27.163)	Error@5 0.781 (1.780)
Epoch: [4][102/196]	Time 0.085 (0.084)	Data 0.048 (0.047)	Loss 0.7796 (0.7479)	Error@1 25.391 (26.009)	Error@5 1.953 (1.612)
Epoch: [4][153/196]	Time 0.083 (0.084)	Data 0.048 (0.047)	Loss 0.7099 (0.7290)	Error@1 26.953 (25.368)	Error@5 1.562 (1.631)
Test: [0/40]	Time 0.068 (0.068)	Loss 0.6990 (0.6990)	Error@1 24.219 (24.219)	Error@5 0.781 (0.781)
 * Error@1 24.860 Error@5 1.210
Epoch 5:
Learning rate is 0.28571428571428575
Epoch: [5][0/196]	Time 0.082 (0.082)	Data 0.047 (0.047)	Loss 0.6908 (0.6908)	Error@1 26.562 (26.562)	Error@5 1.562 (1.562)
Epoch: [5][51/196]	Time 0.084 (0.084)	Data 0.046 (0.047)	Loss 0.6861 (0.6458)	Error@1 21.484 (22.671)	Error@5 1.562 (1.209)
Epoch: [5][102/196]	Time 0.084 (0.084)	Data 0.046 (0.047)	Loss 0.6401 (0.6401)	Error@1 22.266 (22.353)	Error@5 0.781 (1.236)
Epoch: [5][153/196]	Time 0.084 (0.084)	Data 0.048 (0.047)	Loss 0.6436 (0.6347)	Error@1 22.656 (22.045)	Error@5 1.172 (1.273)
Test: [0/40]	Time 0.071 (0.071)	Loss 0.7869 (0.7869)	Error@1 21.484 (21.484)	Error@5 3.125 (3.125)
 * Error@1 21.980 Error@5 1.290
Epoch 6:
Learning rate is 0.34285714285714286
Epoch: [6][0/196]	Time 0.124 (0.124)	Data 0.087 (0.087)	Loss 0.6358 (0.6358)	Error@1 21.484 (21.484)	Error@5 1.172 (1.172)
Epoch: [6][51/196]	Time 0.084 (0.086)	Data 0.046 (0.048)	Loss 0.5708 (0.5907)	Error@1 17.188 (20.463)	Error@5 0.000 (0.939)
Epoch: [6][102/196]	Time 0.088 (0.088)	Data 0.046 (0.048)	Loss 0.5859 (0.5789)	Error@1 18.750 (20.138)	Error@5 1.953 (0.952)
Epoch: [6][153/196]	Time 0.086 (0.087)	Data 0.049 (0.048)	Loss 0.6615 (0.5701)	Error@1 22.656 (19.706)	Error@5 1.953 (0.964)
Test: [0/40]	Time 0.071 (0.071)	Loss 0.7326 (0.7326)	Error@1 25.391 (25.391)	Error@5 1.953 (1.953)
 * Error@1 25.870 Error@5 1.700
Epoch 7:
Learning rate is 0.4
Epoch: [7][0/196]	Time 0.085 (0.085)	Data 0.048 (0.048)	Loss 0.5990 (0.5990)	Error@1 19.922 (19.922)	Error@5 1.172 (1.172)
Epoch: [7][51/196]	Time 0.092 (0.089)	Data 0.046 (0.047)	Loss 0.4833 (0.5206)	Error@1 14.062 (17.916)	Error@5 0.781 (0.894)
Epoch: [7][102/196]	Time 0.083 (0.087)	Data 0.046 (0.047)	Loss 0.4979 (0.5346)	Error@1 15.625 (18.333)	Error@5 0.781 (0.838)
Epoch: [7][153/196]	Time 0.084 (0.087)	Data 0.046 (0.047)	Loss 0.4783 (0.5247)	Error@1 16.797 (18.042)	Error@5 1.172 (0.814)
Test: [0/40]	Time 0.071 (0.071)	Loss 0.6093 (0.6093)	Error@1 22.266 (22.266)	Error@5 2.344 (2.344)
 * Error@1 21.570 Error@5 1.380
Epoch 8:
Learning rate is 0.35714285714285715
Epoch: [8][0/196]	Time 0.084 (0.084)	Data 0.048 (0.048)	Loss 0.5552 (0.5552)	Error@1 17.969 (17.969)	Error@5 0.781 (0.781)
Epoch: [8][51/196]	Time 0.086 (0.086)	Data 0.045 (0.048)	Loss 0.4685 (0.4623)	Error@1 16.406 (16.211)	Error@5 0.391 (0.616)
Epoch: [8][102/196]	Time 0.091 (0.087)	Data 0.046 (0.048)	Loss 0.4794 (0.4523)	Error@1 14.453 (15.602)	Error@5 0.781 (0.656)
Epoch: [8][153/196]	Time 0.085 (0.087)	Data 0.049 (0.048)	Loss 0.4389 (0.4504)	Error@1 14.062 (15.491)	Error@5 1.172 (0.634)
Test: [0/40]	Time 0.071 (0.071)	Loss 0.5452 (0.5452)	Error@1 19.531 (19.531)	Error@5 0.781 (0.781)
 * Error@1 18.950 Error@5 0.770
Epoch 9:
Learning rate is 0.3142857142857143
Epoch: [9][0/196]	Time 0.118 (0.118)	Data 0.080 (0.080)	Loss 0.2868 (0.2868)	Error@1 10.938 (10.938)	Error@5 0.391 (0.391)
Epoch: [9][51/196]	Time 0.084 (0.087)	Data 0.045 (0.048)	Loss 0.3615 (0.4173)	Error@1 10.547 (14.423)	Error@5 0.000 (0.511)
Epoch: [9][102/196]	Time 0.089 (0.086)	Data 0.046 (0.048)	Loss 0.2852 (0.4031)	Error@1 8.203 (13.858)	Error@5 0.391 (0.523)
Epoch: [9][153/196]	Time 0.085 (0.087)	Data 0.046 (0.048)	Loss 0.3534 (0.3981)	Error@1 14.453 (13.751)	Error@5 0.781 (0.482)
Test: [0/40]	Time 0.068 (0.068)	Loss 0.4305 (0.4305)	Error@1 14.062 (14.062)	Error@5 0.781 (0.781)
 * Error@1 16.130 Error@5 0.620
Epoch 10:
Learning rate is 0.27142857142857146
Epoch: [10][0/196]	Time 0.087 (0.087)	Data 0.049 (0.049)	Loss 0.3700 (0.3700)	Error@1 10.547 (10.547)	Error@5 0.781 (0.781)
Epoch: [10][51/196]	Time 0.084 (0.087)	Data 0.045 (0.047)	Loss 0.4325 (0.3530)	Error@1 15.234 (12.222)	Error@5 1.172 (0.376)
Epoch: [10][102/196]	Time 0.086 (0.087)	Data 0.047 (0.048)	Loss 0.3088 (0.3470)	Error@1 10.547 (11.950)	Error@5 0.391 (0.375)
Epoch: [10][153/196]	Time 0.085 (0.087)	Data 0.049 (0.048)	Loss 0.3041 (0.3510)	Error@1 8.984 (12.092)	Error@5 0.781 (0.388)
Test: [0/40]	Time 0.070 (0.070)	Loss 0.5080 (0.5080)	Error@1 17.969 (17.969)	Error@5 1.562 (1.562)
 * Error@1 15.860 Error@5 0.740
Epoch 11:
Learning rate is 0.22857142857142856
Epoch: [11][0/196]	Time 0.087 (0.087)	Data 0.049 (0.049)	Loss 0.2546 (0.2546)	Error@1 9.766 (9.766)	Error@5 0.000 (0.000)
Epoch: [11][51/196]	Time 0.092 (0.087)	Data 0.045 (0.047)	Loss 0.3352 (0.3064)	Error@1 10.938 (10.427)	Error@5 0.391 (0.248)
Epoch: [11][102/196]	Time 0.085 (0.087)	Data 0.049 (0.047)	Loss 0.3225 (0.3016)	Error@1 10.156 (10.247)	Error@5 0.781 (0.273)
Epoch: [11][153/196]	Time 0.087 (0.087)	Data 0.051 (0.048)	Loss 0.2482 (0.3064)	Error@1 8.984 (10.468)	Error@5 0.391 (0.264)
Test: [0/40]	Time 0.070 (0.070)	Loss 0.4392 (0.4392)	Error@1 14.062 (14.062)	Error@5 1.172 (1.172)
 * Error@1 13.900 Error@5 0.610
Epoch 12:
Learning rate is 0.1857142857142857
Epoch: [12][0/196]	Time 0.091 (0.091)	Data 0.051 (0.051)	Loss 0.2065 (0.2065)	Error@1 8.203 (8.203)	Error@5 0.000 (0.000)
Epoch: [12][51/196]	Time 0.085 (0.087)	Data 0.046 (0.047)	Loss 0.2529 (0.2589)	Error@1 8.203 (8.999)	Error@5 0.000 (0.293)
Epoch: [12][102/196]	Time 0.087 (0.086)	Data 0.045 (0.047)	Loss 0.2586 (0.2600)	Error@1 10.547 (8.931)	Error@5 0.391 (0.265)
Epoch: [12][153/196]	Time 0.088 (0.086)	Data 0.047 (0.047)	Loss 0.1861 (0.2639)	Error@1 7.422 (9.071)	Error@5 0.000 (0.264)
Test: [0/40]	Time 0.069 (0.069)	Loss 0.4153 (0.4153)	Error@1 12.891 (12.891)	Error@5 0.000 (0.000)
 * Error@1 15.310 Error@5 0.610
Epoch 13:
Learning rate is 0.14285714285714285
Epoch: [13][0/196]	Time 0.086 (0.086)	Data 0.047 (0.047)	Loss 0.2668 (0.2668)	Error@1 10.547 (10.547)	Error@5 0.000 (0.000)
Epoch: [13][51/196]	Time 0.083 (0.087)	Data 0.045 (0.047)	Loss 0.2499 (0.2266)	Error@1 8.203 (8.000)	Error@5 0.781 (0.180)
Epoch: [13][102/196]	Time 0.084 (0.086)	Data 0.049 (0.047)	Loss 0.2188 (0.2250)	Error@1 7.031 (7.907)	Error@5 0.000 (0.152)
Epoch: [13][153/196]	Time 0.084 (0.086)	Data 0.048 (0.047)	Loss 0.1743 (0.2255)	Error@1 6.250 (7.894)	Error@5 0.000 (0.167)
Test: [0/40]	Time 0.071 (0.071)	Loss 0.4034 (0.4034)	Error@1 14.453 (14.453)	Error@5 0.391 (0.391)
 * Error@1 12.360 Error@5 0.460
Epoch 14:
Learning rate is 0.1
Epoch: [14][0/196]	Time 0.083 (0.083)	Data 0.048 (0.048)	Loss 0.2083 (0.2083)	Error@1 7.031 (7.031)	Error@5 0.391 (0.391)
Epoch: [14][51/196]	Time 0.085 (0.088)	Data 0.046 (0.047)	Loss 0.2017 (0.1949)	Error@1 5.078 (6.731)	Error@5 0.000 (0.090)
Epoch: [14][102/196]	Time 0.085 (0.087)	Data 0.048 (0.048)	Loss 0.1685 (0.1896)	Error@1 7.031 (6.557)	Error@5 0.000 (0.087)
Epoch: [14][153/196]	Time 0.088 (0.087)	Data 0.052 (0.048)	Loss 0.2192 (0.1914)	Error@1 7.422 (6.757)	Error@5 0.781 (0.094)
Test: [0/40]	Time 0.073 (0.073)	Loss 0.2799 (0.2799)	Error@1 8.594 (8.594)	Error@5 0.000 (0.000)
 * Error@1 10.380 Error@5 0.280
Epoch 15:
Learning rate is 0.08585714285714287
Epoch: [15][0/196]	Time 0.086 (0.086)	Data 0.048 (0.048)	Loss 0.1918 (0.1918)	Error@1 7.422 (7.422)	Error@5 0.000 (0.000)
Epoch: [15][51/196]	Time 0.084 (0.088)	Data 0.047 (0.047)	Loss 0.1732 (0.1688)	Error@1 5.078 (5.687)	Error@5 0.391 (0.105)
Epoch: [15][102/196]	Time 0.088 (0.087)	Data 0.051 (0.047)	Loss 0.2093 (0.1643)	Error@1 6.641 (5.620)	Error@5 0.391 (0.091)
Epoch: [15][153/196]	Time 0.102 (0.087)	Data 0.053 (0.047)	Loss 0.1745 (0.1633)	Error@1 6.250 (5.667)	Error@5 0.000 (0.081)
Test: [0/40]	Time 0.069 (0.069)	Loss 0.3300 (0.3300)	Error@1 9.766 (9.766)	Error@5 0.000 (0.000)
 * Error@1 10.180 Error@5 0.320
Epoch 16:
Learning rate is 0.07171428571428572
Epoch: [16][0/196]	Time 0.084 (0.084)	Data 0.047 (0.047)	Loss 0.1833 (0.1833)	Error@1 6.641 (6.641)	Error@5 0.000 (0.000)
Epoch: [16][51/196]	Time 0.085 (0.091)	Data 0.046 (0.050)	Loss 0.1169 (0.1428)	Error@1 3.906 (5.078)	Error@5 0.000 (0.038)
Epoch: [16][102/196]	Time 0.084 (0.088)	Data 0.047 (0.049)	Loss 0.1392 (0.1440)	Error@1 5.469 (4.953)	Error@5 0.391 (0.049)
Epoch: [16][153/196]	Time 0.085 (0.087)	Data 0.047 (0.048)	Loss 0.1618 (0.1440)	Error@1 5.469 (5.020)	Error@5 0.391 (0.061)
Test: [0/40]	Time 0.069 (0.069)	Loss 0.2268 (0.2268)	Error@1 7.422 (7.422)	Error@5 0.000 (0.000)
 * Error@1 9.330 Error@5 0.290
Epoch 17:
Learning rate is 0.05757142857142858
Epoch: [17][0/196]	Time 0.086 (0.086)	Data 0.049 (0.049)	Loss 0.1024 (0.1024)	Error@1 3.516 (3.516)	Error@5 0.000 (0.000)
Epoch: [17][51/196]	Time 0.083 (0.086)	Data 0.046 (0.047)	Loss 0.1120 (0.1126)	Error@1 4.688 (3.831)	Error@5 0.000 (0.053)
Epoch: [17][102/196]	Time 0.084 (0.086)	Data 0.047 (0.047)	Loss 0.1138 (0.1172)	Error@1 3.516 (3.990)	Error@5 0.000 (0.053)
Epoch: [17][153/196]	Time 0.084 (0.086)	Data 0.048 (0.048)	Loss 0.1044 (0.1157)	Error@1 2.734 (3.990)	Error@5 0.000 (0.056)
Test: [0/40]	Time 0.072 (0.072)	Loss 0.3942 (0.3942)	Error@1 12.500 (12.500)	Error@5 0.000 (0.000)
 * Error@1 9.580 Error@5 0.220
Epoch 18:
Learning rate is 0.043428571428571434
Epoch: [18][0/196]	Time 0.089 (0.089)	Data 0.051 (0.051)	Loss 0.1343 (0.1343)	Error@1 5.859 (5.859)	Error@5 0.000 (0.000)
Epoch: [18][51/196]	Time 0.091 (0.089)	Data 0.046 (0.047)	Loss 0.0642 (0.1045)	Error@1 2.734 (3.523)	Error@5 0.000 (0.038)
Epoch: [18][102/196]	Time 0.094 (0.087)	Data 0.045 (0.047)	Loss 0.0769 (0.1010)	Error@1 2.734 (3.478)	Error@5 0.000 (0.023)
Epoch: [18][153/196]	Time 0.085 (0.087)	Data 0.046 (0.047)	Loss 0.0891 (0.1029)	Error@1 3.516 (3.564)	Error@5 0.000 (0.028)
Test: [0/40]	Time 0.072 (0.072)	Loss 0.1653 (0.1653)	Error@1 4.688 (4.688)	Error@5 0.000 (0.000)
 * Error@1 8.590 Error@5 0.200
Epoch 19:
Learning rate is 0.02928571428571429
Epoch: [19][0/196]	Time 0.086 (0.086)	Data 0.048 (0.048)	Loss 0.0610 (0.0610)	Error@1 1.172 (1.172)	Error@5 0.000 (0.000)
Epoch: [19][51/196]	Time 0.084 (0.086)	Data 0.045 (0.047)	Loss 0.0771 (0.0825)	Error@1 1.953 (2.817)	Error@5 0.000 (0.023)
Epoch: [19][102/196]	Time 0.084 (0.086)	Data 0.045 (0.047)	Loss 0.0655 (0.0842)	Error@1 1.953 (2.909)	Error@5 0.000 (0.027)
Epoch: [19][153/196]	Time 0.089 (0.086)	Data 0.049 (0.047)	Loss 0.0975 (0.0825)	Error@1 2.344 (2.861)	Error@5 0.391 (0.025)
Test: [0/40]	Time 0.069 (0.069)	Loss 0.3045 (0.3045)	Error@1 8.984 (8.984)	Error@5 0.000 (0.000)
 * Error@1 8.360 Error@5 0.220
Epoch 20:
Learning rate is 0.015142857142857152
Epoch: [20][0/196]	Time 0.086 (0.086)	Data 0.049 (0.049)	Loss 0.0881 (0.0881)	Error@1 3.906 (3.906)	Error@5 0.000 (0.000)
Epoch: [20][51/196]	Time 0.083 (0.087)	Data 0.046 (0.047)	Loss 0.0347 (0.0722)	Error@1 1.172 (2.396)	Error@5 0.000 (0.015)
Epoch: [20][102/196]	Time 0.084 (0.087)	Data 0.046 (0.047)	Loss 0.0944 (0.0720)	Error@1 3.906 (2.359)	Error@5 0.391 (0.023)
Epoch: [20][153/196]	Time 0.084 (0.086)	Data 0.049 (0.047)	Loss 0.0997 (0.0708)	Error@1 2.734 (2.301)	Error@5 0.000 (0.028)
Test: [0/40]	Time 0.069 (0.069)	Loss 0.2976 (0.2976)	Error@1 10.156 (10.156)	Error@5 0.391 (0.391)
 * Error@1 8.040 Error@5 0.150
Epoch 21:
Learning rate is 0.001
Epoch: [21][0/196]	Time 0.086 (0.086)	Data 0.049 (0.049)	Loss 0.0502 (0.0502)	Error@1 1.172 (1.172)	Error@5 0.000 (0.000)
Epoch: [21][51/196]	Time 0.085 (0.086)	Data 0.046 (0.048)	Loss 0.0965 (0.0590)	Error@1 2.344 (1.870)	Error@5 0.000 (0.008)
Epoch: [21][102/196]	Time 0.089 (0.086)	Data 0.045 (0.048)	Loss 0.0717 (0.0608)	Error@1 3.516 (2.052)	Error@5 0.000 (0.019)
Epoch: [21][153/196]	Time 0.085 (0.086)	Data 0.048 (0.048)	Loss 0.0522 (0.0607)	Error@1 1.562 (2.034)	Error@5 0.000 (0.015)
Test: [0/40]	Time 0.070 (0.070)	Loss 0.2561 (0.2561)	Error@1 7.812 (7.812)	Error@5 0.000 (0.000)
 * Error@1 7.900 Error@5 0.150
Epoch 22:
Learning rate is 0.0008888888888888889
Epoch: [22][0/196]	Time 0.084 (0.084)	Data 0.047 (0.047)	Loss 0.0300 (0.0300)	Error@1 0.781 (0.781)	Error@5 0.000 (0.000)
Epoch: [22][51/196]	Time 0.094 (0.090)	Data 0.045 (0.047)	Loss 0.0784 (0.0606)	Error@1 1.953 (2.126)	Error@5 0.000 (0.015)
Epoch: [22][102/196]	Time 0.090 (0.089)	Data 0.045 (0.047)	Loss 0.0657 (0.0605)	Error@1 2.344 (2.002)	Error@5 0.000 (0.008)
Epoch: [22][153/196]	Time 0.084 (0.089)	Data 0.046 (0.047)	Loss 0.0355 (0.0599)	Error@1 1.172 (1.968)	Error@5 0.000 (0.008)
Test: [0/40]	Time 0.070 (0.070)	Loss 0.1545 (0.1545)	Error@1 5.859 (5.859)	Error@5 0.000 (0.000)
 * Error@1 7.780 Error@5 0.150
Epoch 23:
Learning rate is 0.0007777777777777778
Epoch: [23][0/196]	Time 0.085 (0.085)	Data 0.050 (0.050)	Loss 0.0418 (0.0418)	Error@1 1.172 (1.172)	Error@5 0.000 (0.000)
Epoch: [23][51/196]	Time 0.085 (0.088)	Data 0.047 (0.047)	Loss 0.0720 (0.0583)	Error@1 1.953 (1.961)	Error@5 0.000 (0.008)
Epoch: [23][102/196]	Time 0.087 (0.087)	Data 0.047 (0.047)	Loss 0.0480 (0.0569)	Error@1 1.172 (1.862)	Error@5 0.000 (0.011)
Epoch: [23][153/196]	Time 0.084 (0.086)	Data 0.047 (0.047)	Loss 0.0601 (0.0587)	Error@1 2.344 (1.938)	Error@5 0.000 (0.010)
Test: [0/40]	Time 0.073 (0.073)	Loss 0.2134 (0.2134)	Error@1 7.031 (7.031)	Error@5 0.000 (0.000)
 * Error@1 7.850 Error@5 0.150
Epoch 24:
Learning rate is 0.0006666666666666666
Epoch: [24][0/196]	Time 0.085 (0.085)	Data 0.049 (0.049)	Loss 0.0755 (0.0755)	Error@1 1.562 (1.562)	Error@5 0.000 (0.000)
Epoch: [24][51/196]	Time 0.084 (0.088)	Data 0.047 (0.048)	Loss 0.0643 (0.0576)	Error@1 2.734 (1.991)	Error@5 0.000 (0.000)
Epoch: [24][102/196]	Time 0.087 (0.087)	Data 0.051 (0.048)	Loss 0.0579 (0.0571)	Error@1 0.781 (1.870)	Error@5 0.000 (0.008)
Epoch: [24][153/196]	Time 0.085 (0.086)	Data 0.045 (0.048)	Loss 0.0433 (0.0570)	Error@1 1.172 (1.824)	Error@5 0.000 (0.010)
Test: [0/40]	Time 0.069 (0.069)	Loss 0.2954 (0.2954)	Error@1 7.812 (7.812)	Error@5 0.000 (0.000)
 * Error@1 7.910 Error@5 0.140
Epoch 25:
Learning rate is 0.0005555555555555556
Epoch: [25][0/196]	Time 0.118 (0.118)	Data 0.081 (0.081)	Loss 0.0509 (0.0509)	Error@1 1.953 (1.953)	Error@5 0.000 (0.000)
Epoch: [25][51/196]	Time 0.089 (0.087)	Data 0.053 (0.048)	Loss 0.0521 (0.0576)	Error@1 2.344 (1.863)	Error@5 0.000 (0.023)
Epoch: [25][102/196]	Time 0.083 (0.087)	Data 0.046 (0.048)	Loss 0.0319 (0.0553)	Error@1 1.172 (1.737)	Error@5 0.000 (0.019)
Epoch: [25][153/196]	Time 0.085 (0.087)	Data 0.047 (0.047)	Loss 0.0464 (0.0549)	Error@1 1.172 (1.735)	Error@5 0.000 (0.013)
Test: [0/40]	Time 0.071 (0.071)	Loss 0.3490 (0.3490)	Error@1 9.766 (9.766)	Error@5 0.781 (0.781)
 * Error@1 8.010 Error@5 0.140
Epoch 26:
Learning rate is 0.00044444444444444447
Epoch: [26][0/196]	Time 0.122 (0.122)	Data 0.085 (0.085)	Loss 0.0502 (0.0502)	Error@1 1.953 (1.953)	Error@5 0.000 (0.000)
Epoch: [26][51/196]	Time 0.087 (0.087)	Data 0.051 (0.048)	Loss 0.0796 (0.0561)	Error@1 3.516 (1.825)	Error@5 0.000 (0.008)
Epoch: [26][102/196]	Time 0.087 (0.087)	Data 0.051 (0.048)	Loss 0.0370 (0.0560)	Error@1 0.391 (1.748)	Error@5 0.000 (0.023)
Epoch: [26][153/196]	Time 0.092 (0.087)	Data 0.050 (0.047)	Loss 0.0622 (0.0557)	Error@1 1.172 (1.707)	Error@5 0.000 (0.020)
Test: [0/40]	Time 0.070 (0.070)	Loss 0.4016 (0.4016)	Error@1 11.719 (11.719)	Error@5 0.391 (0.391)
 * Error@1 7.860 Error@5 0.150
Epoch 27:
Learning rate is 0.00033333333333333327
Epoch: [27][0/196]	Time 0.114 (0.114)	Data 0.078 (0.078)	Loss 0.0493 (0.0493)	Error@1 1.953 (1.953)	Error@5 0.000 (0.000)
Epoch: [27][51/196]	Time 0.084 (0.086)	Data 0.047 (0.049)	Loss 0.0601 (0.0565)	Error@1 1.953 (1.810)	Error@5 0.000 (0.000)
Epoch: [27][102/196]	Time 0.086 (0.086)	Data 0.045 (0.048)	Loss 0.0517 (0.0556)	Error@1 1.562 (1.786)	Error@5 0.000 (0.004)
Epoch: [27][153/196]	Time 0.084 (0.086)	Data 0.045 (0.048)	Loss 0.0684 (0.0559)	Error@1 3.516 (1.763)	Error@5 0.000 (0.003)
Test: [0/40]	Time 0.070 (0.070)	Loss 0.3245 (0.3245)	Error@1 7.422 (7.422)	Error@5 0.391 (0.391)
 * Error@1 7.880 Error@5 0.150
Epoch 28:
Learning rate is 0.00022222222222222218
Epoch: [28][0/196]	Time 0.086 (0.086)	Data 0.049 (0.049)	Loss 0.0592 (0.0592)	Error@1 1.953 (1.953)	Error@5 0.000 (0.000)
Epoch: [28][51/196]	Time 0.084 (0.086)	Data 0.045 (0.047)	Loss 0.0536 (0.0539)	Error@1 1.172 (1.698)	Error@5 0.000 (0.008)
Epoch: [28][102/196]	Time 0.085 (0.086)	Data 0.045 (0.047)	Loss 0.0779 (0.0549)	Error@1 4.297 (1.752)	Error@5 0.000 (0.004)
Epoch: [28][153/196]	Time 0.086 (0.086)	Data 0.049 (0.047)	Loss 0.0380 (0.0564)	Error@1 1.172 (1.852)	Error@5 0.000 (0.005)
Test: [0/40]	Time 0.071 (0.071)	Loss 0.2147 (0.2147)	Error@1 7.031 (7.031)	Error@5 0.000 (0.000)
 * Error@1 7.940 Error@5 0.140
Epoch 29:
Learning rate is 0.00011111111111111109
Epoch: [29][0/196]	Time 0.086 (0.086)	Data 0.049 (0.049)	Loss 0.0615 (0.0615)	Error@1 1.953 (1.953)	Error@5 0.000 (0.000)
Epoch: [29][51/196]	Time 0.086 (0.087)	Data 0.045 (0.047)	Loss 0.0689 (0.0572)	Error@1 1.953 (1.773)	Error@5 0.000 (0.038)
Epoch: [29][102/196]	Time 0.084 (0.087)	Data 0.045 (0.047)	Loss 0.0433 (0.0559)	Error@1 1.172 (1.786)	Error@5 0.000 (0.019)
Epoch: [29][153/196]	Time 0.091 (0.086)	Data 0.045 (0.047)	Loss 0.1245 (0.0578)	Error@1 3.516 (1.892)	Error@5 0.000 (0.015)
Test: [0/40]	Time 0.070 (0.070)	Loss 0.3171 (0.3171)	Error@1 9.375 (9.375)	Error@5 0.391 (0.391)
 * Error@1 7.780 Error@5 0.140
Epoch 30:
Learning rate is 0.0
Epoch: [30][0/196]	Time 0.088 (0.088)	Data 0.051 (0.051)	Loss 0.0365 (0.0365)	Error@1 0.781 (0.781)	Error@5 0.000 (0.000)
Epoch: [30][51/196]	Time 0.088 (0.086)	Data 0.050 (0.048)	Loss 0.0442 (0.0540)	Error@1 1.172 (1.645)	Error@5 0.000 (0.015)
Epoch: [30][102/196]	Time 0.094 (0.086)	Data 0.052 (0.048)	Loss 0.0832 (0.0565)	Error@1 2.734 (1.836)	Error@5 0.000 (0.011)
Epoch: [30][153/196]	Time 0.084 (0.086)	Data 0.049 (0.048)	Loss 0.0450 (0.0562)	Error@1 1.172 (1.806)	Error@5 0.000 (0.010)
Test: [0/40]	Time 0.072 (0.072)	Loss 0.2185 (0.2185)	Error@1 7.812 (7.812)	Error@5 0.000 (0.000)
 * Error@1 7.860 Error@5 0.130
