Tue Nov 13 18:04:38 2018       
+-----------------------------------------------------------------------------+
| NVIDIA-SMI 390.87                 Driver Version: 390.87                    |
|-------------------------------+----------------------+----------------------+
| GPU  Name        Persistence-M| Bus-Id        Disp.A | Volatile Uncorr. ECC |
| Fan  Temp  Perf  Pwr:Usage/Cap|         Memory-Usage | GPU-Util  Compute M. |
|===============================+======================+======================|
|   0  TITAN X (Pascal)    Off  | 00000000:02:00.0 Off |                  N/A |
| 23%   28C    P8    16W / 250W |      0MiB / 12196MiB |      0%      Default |
+-------------------------------+----------------------+----------------------+
|   1  TITAN X (Pascal)    Off  | 00000000:03:00.0 Off |                  N/A |
| 23%   36C    P8    17W / 250W |      0MiB / 12196MiB |      0%      Default |
+-------------------------------+----------------------+----------------------+
                                                                               
+-----------------------------------------------------------------------------+
| Processes:                                                       GPU Memory |
|  GPU       PID   Type   Process name                             Usage      |
|=============================================================================|
|  No running processes found                                                 |
+-----------------------------------------------------------------------------+
Waking up Bertie...
Bertie is going to help us train a ResNet on CIFAR-10...
Namespace(GPU='0,1', base_file='bbb', batch_size=128, learning_rate=0.1, no_epochs=30, print_freq=51, save_file='resnet', workers=0)
CUDA AVAILABLE
Using multiple GPUs
Files already downloaded and verified
Files already downloaded and verified
Files already downloaded and verified
Files already downloaded and verified
Epoch 1:
Learning rate is 0.014285714285714287
Epoch: [1][0/391]	Time 2.827 (2.827)	Data 0.031 (0.031)	Loss 2.3697 (2.3697)	Error@1 88.281 (88.281)	Error@5 46.094 (46.094)
Epoch: [1][51/391]	Time 0.052 (0.106)	Data 0.023 (0.024)	Loss 1.7435 (1.9548)	Error@1 62.500 (72.671)	Error@5 9.375 (20.463)
Epoch: [1][102/391]	Time 0.051 (0.079)	Data 0.022 (0.024)	Loss 1.4835 (1.8171)	Error@1 52.344 (67.779)	Error@5 10.156 (16.050)
Epoch: [1][153/391]	Time 0.052 (0.070)	Data 0.024 (0.024)	Loss 1.3969 (1.7317)	Error@1 52.344 (64.550)	Error@5 7.031 (13.733)
Epoch: [1][204/391]	Time 0.053 (0.066)	Data 0.025 (0.024)	Loss 1.3203 (1.6685)	Error@1 50.781 (61.700)	Error@5 5.469 (12.393)
Epoch: [1][255/391]	Time 0.052 (0.063)	Data 0.024 (0.024)	Loss 1.3657 (1.6092)	Error@1 44.531 (59.500)	Error@5 7.031 (11.234)
Epoch: [1][306/391]	Time 0.054 (0.061)	Data 0.023 (0.024)	Loss 1.3597 (1.5559)	Error@1 51.562 (57.329)	Error@5 4.688 (10.266)
Epoch: [1][357/391]	Time 0.052 (0.060)	Data 0.023 (0.024)	Loss 1.1808 (1.5074)	Error@1 37.500 (55.384)	Error@5 6.250 (9.515)
Test: [0/79]	Time 0.044 (0.044)	Loss 1.2589 (1.2589)	Error@1 42.969 (42.969)	Error@5 3.906 (3.906)
Test: [51/79]	Time 0.049 (0.050)	Loss 0.9562 (1.1510)	Error@1 37.500 (41.256)	Error@5 2.344 (4.117)
 * Error@1 41.230 Error@5 4.240
Epoch 2:
Learning rate is 0.028571428571428574
Epoch: [2][0/391]	Time 0.052 (0.052)	Data 0.025 (0.025)	Loss 1.1946 (1.1946)	Error@1 44.531 (44.531)	Error@5 6.250 (6.250)
Epoch: [2][51/391]	Time 0.052 (0.052)	Data 0.023 (0.024)	Loss 1.0876 (1.1925)	Error@1 39.844 (42.728)	Error@5 2.344 (4.823)
Epoch: [2][102/391]	Time 0.053 (0.052)	Data 0.023 (0.024)	Loss 1.2382 (1.1793)	Error@1 45.312 (41.664)	Error@5 7.031 (4.763)
Epoch: [2][153/391]	Time 0.051 (0.053)	Data 0.022 (0.024)	Loss 1.0101 (1.1384)	Error@1 36.719 (40.569)	Error@5 5.469 (4.469)
Epoch: [2][204/391]	Time 0.052 (0.053)	Data 0.023 (0.024)	Loss 1.0931 (1.1034)	Error@1 35.156 (39.173)	Error@5 5.469 (4.211)
Epoch: [2][255/391]	Time 0.052 (0.053)	Data 0.025 (0.024)	Loss 0.9496 (1.0735)	Error@1 32.031 (37.985)	Error@5 3.125 (4.001)
Epoch: [2][306/391]	Time 0.052 (0.053)	Data 0.023 (0.024)	Loss 0.8090 (1.0455)	Error@1 28.125 (37.004)	Error@5 3.125 (3.784)
Epoch: [2][357/391]	Time 0.051 (0.053)	Data 0.023 (0.024)	Loss 0.8949 (1.0199)	Error@1 33.594 (36.106)	Error@5 2.344 (3.555)
Test: [0/79]	Time 0.044 (0.044)	Loss 1.0617 (1.0617)	Error@1 34.375 (34.375)	Error@5 3.125 (3.125)
Test: [51/79]	Time 0.050 (0.050)	Loss 0.9770 (1.0540)	Error@1 32.031 (34.766)	Error@5 1.562 (2.419)
 * Error@1 34.550 Error@5 2.330
Epoch 3:
Learning rate is 0.04285714285714286
Epoch: [3][0/391]	Time 0.077 (0.077)	Data 0.048 (0.048)	Loss 0.8009 (0.8009)	Error@1 28.125 (28.125)	Error@5 0.000 (0.000)
Epoch: [3][51/391]	Time 0.053 (0.053)	Data 0.023 (0.025)	Loss 0.8039 (0.8962)	Error@1 26.562 (31.100)	Error@5 1.562 (2.764)
Epoch: [3][102/391]	Time 0.052 (0.053)	Data 0.023 (0.024)	Loss 0.9292 (0.8931)	Error@1 32.812 (30.863)	Error@5 0.000 (2.624)
Epoch: [3][153/391]	Time 0.053 (0.053)	Data 0.026 (0.024)	Loss 0.7234 (0.8688)	Error@1 29.688 (30.337)	Error@5 1.562 (2.425)
Epoch: [3][204/391]	Time 0.054 (0.053)	Data 0.024 (0.024)	Loss 0.8644 (0.8538)	Error@1 28.125 (29.867)	Error@5 0.781 (2.271)
Epoch: [3][255/391]	Time 0.054 (0.053)	Data 0.027 (0.024)	Loss 0.5793 (0.8392)	Error@1 20.312 (29.208)	Error@5 0.781 (2.191)
Epoch: [3][306/391]	Time 0.053 (0.053)	Data 0.026 (0.024)	Loss 0.7495 (0.8163)	Error@1 25.000 (28.407)	Error@5 1.562 (2.117)
Epoch: [3][357/391]	Time 0.054 (0.053)	Data 0.023 (0.024)	Loss 0.6572 (0.8029)	Error@1 22.656 (27.922)	Error@5 1.562 (2.023)
Test: [0/79]	Time 0.047 (0.047)	Loss 0.9470 (0.9470)	Error@1 30.469 (30.469)	Error@5 1.562 (1.562)
Test: [51/79]	Time 0.051 (0.050)	Loss 0.7295 (0.7819)	Error@1 28.125 (26.878)	Error@5 0.781 (1.517)
 * Error@1 27.440 Error@5 1.650
Epoch 4:
Learning rate is 0.05714285714285715
Epoch: [4][0/391]	Time 0.078 (0.078)	Data 0.049 (0.049)	Loss 0.7048 (0.7048)	Error@1 23.438 (23.438)	Error@5 3.906 (3.906)
Epoch: [4][51/391]	Time 0.053 (0.053)	Data 0.026 (0.024)	Loss 0.6658 (0.7106)	Error@1 24.219 (24.579)	Error@5 0.000 (1.562)
Epoch: [4][102/391]	Time 0.053 (0.053)	Data 0.023 (0.024)	Loss 0.7493 (0.7111)	Error@1 28.125 (24.841)	Error@5 0.781 (1.532)
Epoch: [4][153/391]	Time 0.053 (0.053)	Data 0.023 (0.024)	Loss 0.6235 (0.7119)	Error@1 24.219 (24.706)	Error@5 2.344 (1.573)
Epoch: [4][204/391]	Time 0.054 (0.053)	Data 0.023 (0.024)	Loss 0.6415 (0.7084)	Error@1 21.875 (24.585)	Error@5 0.781 (1.532)
Epoch: [4][255/391]	Time 0.052 (0.053)	Data 0.023 (0.024)	Loss 0.6184 (0.7015)	Error@1 24.219 (24.289)	Error@5 0.781 (1.474)
Epoch: [4][306/391]	Time 0.054 (0.053)	Data 0.024 (0.024)	Loss 0.5620 (0.6939)	Error@1 25.000 (24.046)	Error@5 0.000 (1.479)
Epoch: [4][357/391]	Time 0.053 (0.053)	Data 0.023 (0.024)	Loss 0.6451 (0.6843)	Error@1 18.750 (23.695)	Error@5 2.344 (1.473)
Test: [0/79]	Time 0.043 (0.043)	Loss 0.7816 (0.7816)	Error@1 25.000 (25.000)	Error@5 3.125 (3.125)
Test: [51/79]	Time 0.051 (0.050)	Loss 0.8305 (0.7282)	Error@1 26.562 (24.159)	Error@5 1.562 (1.638)
 * Error@1 23.760 Error@5 1.580
Epoch 5:
Learning rate is 0.07142857142857144
Epoch: [5][0/391]	Time 0.081 (0.081)	Data 0.051 (0.051)	Loss 0.5651 (0.5651)	Error@1 19.531 (19.531)	Error@5 0.000 (0.000)
Epoch: [5][51/391]	Time 0.052 (0.054)	Data 0.025 (0.025)	Loss 0.7276 (0.6292)	Error@1 27.344 (21.529)	Error@5 1.562 (1.397)
Epoch: [5][102/391]	Time 0.053 (0.053)	Data 0.026 (0.024)	Loss 0.4724 (0.6286)	Error@1 13.281 (21.352)	Error@5 0.000 (1.426)
Epoch: [5][153/391]	Time 0.053 (0.053)	Data 0.023 (0.024)	Loss 0.5285 (0.6279)	Error@1 18.750 (21.495)	Error@5 1.562 (1.289)
Epoch: [5][204/391]	Time 0.053 (0.053)	Data 0.022 (0.024)	Loss 0.6690 (0.6261)	Error@1 22.656 (21.494)	Error@5 1.562 (1.284)
Epoch: [5][255/391]	Time 0.053 (0.053)	Data 0.025 (0.024)	Loss 0.6267 (0.6099)	Error@1 22.656 (20.920)	Error@5 0.000 (1.190)
Epoch: [5][306/391]	Time 0.055 (0.053)	Data 0.026 (0.024)	Loss 0.5953 (0.6032)	Error@1 24.219 (20.709)	Error@5 1.562 (1.158)
Epoch: [5][357/391]	Time 0.053 (0.053)	Data 0.024 (0.024)	Loss 0.7665 (0.6008)	Error@1 28.125 (20.664)	Error@5 2.344 (1.159)
Test: [0/79]	Time 0.048 (0.048)	Loss 0.7611 (0.7611)	Error@1 25.781 (25.781)	Error@5 2.344 (2.344)
Test: [51/79]	Time 0.053 (0.052)	Loss 0.8267 (0.9511)	Error@1 25.781 (28.335)	Error@5 3.125 (3.005)
 * Error@1 28.750 Error@5 3.080
Epoch 6:
Learning rate is 0.08571428571428572
Epoch: [6][0/391]	Time 0.052 (0.052)	Data 0.025 (0.025)	Loss 0.4454 (0.4454)	Error@1 12.500 (12.500)	Error@5 1.562 (1.562)
Epoch: [6][51/391]	Time 0.055 (0.054)	Data 0.022 (0.024)	Loss 0.5614 (0.5509)	Error@1 14.844 (18.705)	Error@5 1.562 (0.992)
Epoch: [6][102/391]	Time 0.054 (0.054)	Data 0.023 (0.024)	Loss 0.7157 (0.5615)	Error@1 26.562 (18.970)	Error@5 0.000 (1.085)
Epoch: [6][153/391]	Time 0.053 (0.054)	Data 0.024 (0.024)	Loss 0.4649 (0.5490)	Error@1 15.625 (18.633)	Error@5 0.781 (0.994)
Epoch: [6][204/391]	Time 0.056 (0.054)	Data 0.027 (0.024)	Loss 0.5063 (0.5497)	Error@1 19.531 (18.716)	Error@5 0.781 (0.960)
Epoch: [6][255/391]	Time 0.053 (0.054)	Data 0.026 (0.024)	Loss 0.6189 (0.5475)	Error@1 23.438 (18.558)	Error@5 1.562 (0.937)
Epoch: [6][306/391]	Time 0.054 (0.054)	Data 0.022 (0.024)	Loss 0.6487 (0.5442)	Error@1 21.875 (18.518)	Error@5 0.000 (0.888)
Epoch: [6][357/391]	Time 0.053 (0.054)	Data 0.025 (0.024)	Loss 0.6464 (0.5412)	Error@1 18.750 (18.455)	Error@5 0.781 (0.886)
Test: [0/79]	Time 0.046 (0.046)	Loss 0.8563 (0.8563)	Error@1 28.125 (28.125)	Error@5 1.562 (1.562)
Test: [51/79]	Time 0.055 (0.051)	Loss 0.8396 (0.7512)	Error@1 25.781 (24.805)	Error@5 0.000 (1.743)
 * Error@1 24.110 Error@5 1.600
Epoch 7:
Learning rate is 0.1
Epoch: [7][0/391]	Time 0.052 (0.052)	Data 0.025 (0.025)	Loss 0.4865 (0.4865)	Error@1 20.312 (20.312)	Error@5 0.781 (0.781)
Epoch: [7][51/391]	Time 0.054 (0.054)	Data 0.022 (0.024)	Loss 0.4461 (0.4799)	Error@1 17.969 (16.917)	Error@5 0.000 (0.796)
Epoch: [7][102/391]	Time 0.053 (0.054)	Data 0.022 (0.024)	Loss 0.4870 (0.5027)	Error@1 14.062 (17.468)	Error@5 0.781 (0.834)
Epoch: [7][153/391]	Time 0.053 (0.054)	Data 0.023 (0.024)	Loss 0.4459 (0.5085)	Error@1 13.281 (17.548)	Error@5 0.000 (0.832)
Epoch: [7][204/391]	Time 0.053 (0.054)	Data 0.026 (0.024)	Loss 0.4119 (0.4989)	Error@1 14.062 (17.168)	Error@5 1.562 (0.819)
Epoch: [7][255/391]	Time 0.055 (0.054)	Data 0.025 (0.024)	Loss 0.4428 (0.4989)	Error@1 17.969 (17.212)	Error@5 0.000 (0.827)
Epoch: [7][306/391]	Time 0.054 (0.054)	Data 0.023 (0.024)	Loss 0.3695 (0.4921)	Error@1 10.156 (16.979)	Error@5 0.000 (0.812)
Epoch: [7][357/391]	Time 0.057 (0.054)	Data 0.023 (0.024)	Loss 0.4897 (0.4913)	Error@1 15.625 (16.958)	Error@5 0.781 (0.807)
Test: [0/79]	Time 0.044 (0.044)	Loss 0.5018 (0.5018)	Error@1 15.625 (15.625)	Error@5 0.000 (0.000)
Test: [51/79]	Time 0.051 (0.051)	Loss 0.8101 (0.6577)	Error@1 27.344 (21.244)	Error@5 3.125 (1.067)
 * Error@1 21.320 Error@5 1.030
Epoch 8:
Learning rate is 0.08714285714285715
Epoch: [8][0/391]	Time 0.054 (0.054)	Data 0.026 (0.026)	Loss 0.6225 (0.6225)	Error@1 19.531 (19.531)	Error@5 0.781 (0.781)
Epoch: [8][51/391]	Time 0.052 (0.055)	Data 0.023 (0.024)	Loss 0.4950 (0.4573)	Error@1 16.406 (15.475)	Error@5 0.000 (0.796)
Epoch: [8][102/391]	Time 0.053 (0.054)	Data 0.023 (0.024)	Loss 0.4472 (0.4457)	Error@1 12.500 (15.193)	Error@5 2.344 (0.781)
Epoch: [8][153/391]	Time 0.054 (0.054)	Data 0.023 (0.024)	Loss 0.3295 (0.4262)	Error@1 10.938 (14.463)	Error@5 0.000 (0.705)
Epoch: [8][204/391]	Time 0.053 (0.054)	Data 0.023 (0.024)	Loss 0.4142 (0.4248)	Error@1 16.406 (14.470)	Error@5 0.781 (0.667)
Epoch: [8][255/391]	Time 0.052 (0.054)	Data 0.023 (0.024)	Loss 0.4155 (0.4258)	Error@1 14.062 (14.484)	Error@5 0.000 (0.650)
Epoch: [8][306/391]	Time 0.053 (0.054)	Data 0.023 (0.024)	Loss 0.4488 (0.4238)	Error@1 13.281 (14.490)	Error@5 0.781 (0.613)
Epoch: [8][357/391]	Time 0.056 (0.054)	Data 0.023 (0.024)	Loss 0.3795 (0.4222)	Error@1 11.719 (14.416)	Error@5 0.000 (0.594)
Test: [0/79]	Time 0.046 (0.046)	Loss 0.5924 (0.5924)	Error@1 18.750 (18.750)	Error@5 0.000 (0.000)
Test: [51/79]	Time 0.054 (0.053)	Loss 0.5000 (0.5077)	Error@1 15.625 (16.617)	Error@5 0.781 (0.691)
 * Error@1 16.540 Error@5 0.780
Epoch 9:
Learning rate is 0.07428571428571429
Epoch: [9][0/391]	Time 0.085 (0.085)	Data 0.051 (0.051)	Loss 0.3629 (0.3629)	Error@1 10.938 (10.938)	Error@5 0.000 (0.000)
Epoch: [9][51/391]	Time 0.055 (0.056)	Data 0.023 (0.025)	Loss 0.2858 (0.3556)	Error@1 10.938 (12.169)	Error@5 0.781 (0.376)
Epoch: [9][102/391]	Time 0.052 (0.055)	Data 0.025 (0.024)	Loss 0.3491 (0.3515)	Error@1 12.500 (12.037)	Error@5 0.000 (0.379)
Epoch: [9][153/391]	Time 0.059 (0.055)	Data 0.023 (0.024)	Loss 0.4043 (0.3589)	Error@1 14.844 (12.399)	Error@5 0.000 (0.370)
Epoch: [9][204/391]	Time 0.053 (0.055)	Data 0.023 (0.024)	Loss 0.3281 (0.3595)	Error@1 12.500 (12.424)	Error@5 0.781 (0.381)
Epoch: [9][255/391]	Time 0.056 (0.055)	Data 0.029 (0.024)	Loss 0.4785 (0.3674)	Error@1 16.406 (12.778)	Error@5 0.781 (0.397)
Epoch: [9][306/391]	Time 0.053 (0.055)	Data 0.023 (0.024)	Loss 0.3419 (0.3634)	Error@1 14.844 (12.630)	Error@5 0.781 (0.397)
Epoch: [9][357/391]	Time 0.057 (0.055)	Data 0.022 (0.024)	Loss 0.4651 (0.3620)	Error@1 15.625 (12.509)	Error@5 0.000 (0.406)
Test: [0/79]	Time 0.048 (0.048)	Loss 0.5883 (0.5883)	Error@1 17.969 (17.969)	Error@5 2.344 (2.344)
Test: [51/79]	Time 0.051 (0.051)	Loss 0.5698 (0.5915)	Error@1 18.750 (17.984)	Error@5 0.000 (1.352)
 * Error@1 17.620 Error@5 1.210
Epoch 10:
Learning rate is 0.06142857142857143
Epoch: [10][0/391]	Time 0.053 (0.053)	Data 0.026 (0.026)	Loss 0.3043 (0.3043)	Error@1 10.156 (10.156)	Error@5 0.000 (0.000)
Epoch: [10][51/391]	Time 0.055 (0.057)	Data 0.022 (0.024)	Loss 0.2578 (0.3007)	Error@1 9.375 (10.051)	Error@5 0.000 (0.180)
Epoch: [10][102/391]	Time 0.059 (0.056)	Data 0.022 (0.024)	Loss 0.2973 (0.2977)	Error@1 9.375 (10.209)	Error@5 0.000 (0.190)
Epoch: [10][153/391]	Time 0.054 (0.055)	Data 0.023 (0.024)	Loss 0.2676 (0.3011)	Error@1 10.156 (10.308)	Error@5 0.000 (0.203)
Epoch: [10][204/391]	Time 0.056 (0.055)	Data 0.023 (0.024)	Loss 0.2547 (0.3060)	Error@1 9.375 (10.534)	Error@5 0.000 (0.244)
Epoch: [10][255/391]	Time 0.054 (0.055)	Data 0.024 (0.024)	Loss 0.2639 (0.3085)	Error@1 9.375 (10.599)	Error@5 0.000 (0.253)
Epoch: [10][306/391]	Time 0.056 (0.055)	Data 0.024 (0.024)	Loss 0.3285 (0.3101)	Error@1 10.938 (10.650)	Error@5 0.000 (0.280)
Epoch: [10][357/391]	Time 0.054 (0.055)	Data 0.027 (0.024)	Loss 0.2348 (0.3096)	Error@1 7.031 (10.665)	Error@5 0.000 (0.297)
Test: [0/79]	Time 0.047 (0.047)	Loss 0.2732 (0.2732)	Error@1 11.719 (11.719)	Error@5 0.000 (0.000)
Test: [51/79]	Time 0.051 (0.051)	Loss 0.3149 (0.3684)	Error@1 8.594 (11.989)	Error@5 0.781 (0.406)
 * Error@1 11.990 Error@5 0.370
Epoch 11:
Learning rate is 0.04857142857142857
Epoch: [11][0/391]	Time 0.053 (0.053)	Data 0.025 (0.025)	Loss 0.2467 (0.2467)	Error@1 10.156 (10.156)	Error@5 0.000 (0.000)
Epoch: [11][51/391]	Time 0.055 (0.055)	Data 0.023 (0.023)	Loss 0.2804 (0.2674)	Error@1 10.156 (9.240)	Error@5 0.000 (0.225)
Epoch: [11][102/391]	Time 0.054 (0.055)	Data 0.023 (0.024)	Loss 0.1889 (0.2592)	Error@1 7.031 (8.973)	Error@5 0.781 (0.220)
Epoch: [11][153/391]	Time 0.053 (0.054)	Data 0.024 (0.024)	Loss 0.1953 (0.2611)	Error@1 7.812 (8.989)	Error@5 0.000 (0.228)
Epoch: [11][204/391]	Time 0.056 (0.054)	Data 0.023 (0.024)	Loss 0.2876 (0.2608)	Error@1 11.719 (8.998)	Error@5 0.000 (0.225)
Epoch: [11][255/391]	Time 0.053 (0.054)	Data 0.023 (0.024)	Loss 0.1748 (0.2580)	Error@1 5.469 (8.908)	Error@5 0.000 (0.229)
Epoch: [11][306/391]	Time 0.055 (0.054)	Data 0.023 (0.024)	Loss 0.2427 (0.2609)	Error@1 10.156 (9.029)	Error@5 0.000 (0.239)
Epoch: [11][357/391]	Time 0.053 (0.054)	Data 0.026 (0.024)	Loss 0.3491 (0.2630)	Error@1 12.500 (9.120)	Error@5 0.000 (0.231)
Test: [0/79]	Time 0.044 (0.044)	Loss 0.3594 (0.3594)	Error@1 14.062 (14.062)	Error@5 0.000 (0.000)
Test: [51/79]	Time 0.051 (0.051)	Loss 0.4469 (0.3734)	Error@1 14.844 (12.816)	Error@5 0.781 (0.496)
 * Error@1 12.810 Error@5 0.490
Epoch 12:
Learning rate is 0.03571428571428571
Epoch: [12][0/391]	Time 0.056 (0.056)	Data 0.026 (0.026)	Loss 0.2839 (0.2839)	Error@1 10.156 (10.156)	Error@5 0.000 (0.000)
Epoch: [12][51/391]	Time 0.054 (0.056)	Data 0.023 (0.024)	Loss 0.2806 (0.2344)	Error@1 8.594 (8.068)	Error@5 0.781 (0.165)
Epoch: [12][102/391]	Time 0.057 (0.055)	Data 0.023 (0.024)	Loss 0.1368 (0.2242)	Error@1 3.125 (7.767)	Error@5 0.000 (0.129)
Epoch: [12][153/391]	Time 0.053 (0.055)	Data 0.023 (0.024)	Loss 0.2688 (0.2249)	Error@1 9.375 (7.767)	Error@5 0.781 (0.127)
Epoch: [12][204/391]	Time 0.055 (0.055)	Data 0.023 (0.024)	Loss 0.2242 (0.2231)	Error@1 6.250 (7.702)	Error@5 0.000 (0.118)
Epoch: [12][255/391]	Time 0.054 (0.055)	Data 0.023 (0.024)	Loss 0.2330 (0.2243)	Error@1 7.812 (7.700)	Error@5 0.000 (0.125)
Epoch: [12][306/391]	Time 0.054 (0.055)	Data 0.022 (0.024)	Loss 0.2090 (0.2255)	Error@1 7.031 (7.683)	Error@5 0.781 (0.148)
Epoch: [12][357/391]	Time 0.056 (0.055)	Data 0.023 (0.024)	Loss 0.1813 (0.2261)	Error@1 8.594 (7.736)	Error@5 0.000 (0.159)
Test: [0/79]	Time 0.044 (0.044)	Loss 0.2838 (0.2838)	Error@1 10.156 (10.156)	Error@5 0.000 (0.000)
Test: [51/79]	Time 0.049 (0.052)	Loss 0.3760 (0.3303)	Error@1 10.156 (10.802)	Error@5 0.000 (0.255)
 * Error@1 10.760 Error@5 0.280
Epoch 13:
Learning rate is 0.022857142857142854
Epoch: [13][0/391]	Time 0.053 (0.053)	Data 0.025 (0.025)	Loss 0.1640 (0.1640)	Error@1 6.250 (6.250)	Error@5 0.000 (0.000)
Epoch: [13][51/391]	Time 0.053 (0.057)	Data 0.026 (0.024)	Loss 0.2060 (0.1820)	Error@1 6.250 (6.160)	Error@5 0.781 (0.195)
Epoch: [13][102/391]	Time 0.054 (0.057)	Data 0.023 (0.023)	Loss 0.1323 (0.1765)	Error@1 3.125 (6.030)	Error@5 0.000 (0.144)
Epoch: [13][153/391]	Time 0.055 (0.056)	Data 0.027 (0.024)	Loss 0.2169 (0.1813)	Error@1 7.812 (6.169)	Error@5 0.781 (0.157)
Epoch: [13][204/391]	Time 0.055 (0.056)	Data 0.026 (0.024)	Loss 0.1723 (0.1805)	Error@1 5.469 (6.105)	Error@5 0.000 (0.141)
Epoch: [13][255/391]	Time 0.055 (0.056)	Data 0.023 (0.024)	Loss 0.2274 (0.1806)	Error@1 9.375 (6.168)	Error@5 0.000 (0.143)
Epoch: [13][306/391]	Time 0.056 (0.055)	Data 0.023 (0.024)	Loss 0.1951 (0.1807)	Error@1 7.031 (6.191)	Error@5 0.000 (0.145)
Epoch: [13][357/391]	Time 0.054 (0.055)	Data 0.026 (0.024)	Loss 0.1462 (0.1824)	Error@1 6.250 (6.261)	Error@5 0.000 (0.137)
Test: [0/79]	Time 0.044 (0.044)	Loss 0.3315 (0.3315)	Error@1 10.938 (10.938)	Error@5 0.000 (0.000)
Test: [51/79]	Time 0.051 (0.051)	Loss 0.3745 (0.3171)	Error@1 8.594 (10.322)	Error@5 0.000 (0.210)
 * Error@1 10.030 Error@5 0.230
Epoch 14:
Learning rate is 0.01
Epoch: [14][0/391]	Time 0.054 (0.054)	Data 0.026 (0.026)	Loss 0.2167 (0.2167)	Error@1 7.812 (7.812)	Error@5 0.000 (0.000)
Epoch: [14][51/391]	Time 0.056 (0.057)	Data 0.029 (0.024)	Loss 0.1405 (0.1611)	Error@1 6.250 (5.709)	Error@5 0.000 (0.105)
Epoch: [14][102/391]	Time 0.053 (0.055)	Data 0.023 (0.024)	Loss 0.1203 (0.1578)	Error@1 3.906 (5.499)	Error@5 0.000 (0.144)
Epoch: [14][153/391]	Time 0.059 (0.056)	Data 0.023 (0.024)	Loss 0.1268 (0.1529)	Error@1 6.250 (5.271)	Error@5 0.000 (0.107)
Epoch: [14][204/391]	Time 0.053 (0.056)	Data 0.022 (0.024)	Loss 0.0741 (0.1502)	Error@1 0.781 (5.168)	Error@5 0.000 (0.088)
Epoch: [14][255/391]	Time 0.053 (0.055)	Data 0.023 (0.024)	Loss 0.1440 (0.1482)	Error@1 4.688 (5.130)	Error@5 0.000 (0.089)
Epoch: [14][306/391]	Time 0.057 (0.055)	Data 0.023 (0.024)	Loss 0.1615 (0.1498)	Error@1 4.688 (5.168)	Error@5 0.000 (0.097)
Epoch: [14][357/391]	Time 0.054 (0.055)	Data 0.023 (0.024)	Loss 0.1294 (0.1476)	Error@1 6.250 (5.093)	Error@5 0.000 (0.096)
Test: [0/79]	Time 0.045 (0.045)	Loss 0.1884 (0.1884)	Error@1 4.688 (4.688)	Error@5 0.000 (0.000)
Test: [51/79]	Time 0.050 (0.052)	Loss 0.3186 (0.2649)	Error@1 9.375 (8.534)	Error@5 0.000 (0.165)
 * Error@1 8.750 Error@5 0.210
Epoch 15:
Learning rate is 0.008714285714285714
Epoch: [15][0/391]	Time 0.085 (0.085)	Data 0.051 (0.051)	Loss 0.2108 (0.2108)	Error@1 8.594 (8.594)	Error@5 0.000 (0.000)
Epoch: [15][51/391]	Time 0.054 (0.056)	Data 0.025 (0.025)	Loss 0.1484 (0.1407)	Error@1 2.344 (4.823)	Error@5 0.000 (0.060)
Epoch: [15][102/391]	Time 0.054 (0.055)	Data 0.026 (0.024)	Loss 0.1053 (0.1367)	Error@1 3.906 (4.748)	Error@5 0.000 (0.053)
Epoch: [15][153/391]	Time 0.054 (0.055)	Data 0.023 (0.024)	Loss 0.2176 (0.1378)	Error@1 7.812 (4.728)	Error@5 0.000 (0.061)
Epoch: [15][204/391]	Time 0.053 (0.054)	Data 0.023 (0.024)	Loss 0.1998 (0.1353)	Error@1 6.250 (4.649)	Error@5 0.000 (0.057)
Epoch: [15][255/391]	Time 0.054 (0.054)	Data 0.027 (0.024)	Loss 0.0997 (0.1347)	Error@1 4.688 (4.636)	Error@5 0.000 (0.064)
Epoch: [15][306/391]	Time 0.055 (0.054)	Data 0.023 (0.024)	Loss 0.1479 (0.1356)	Error@1 4.688 (4.624)	Error@5 0.000 (0.064)
Epoch: [15][357/391]	Time 0.054 (0.054)	Data 0.023 (0.024)	Loss 0.1267 (0.1354)	Error@1 4.688 (4.613)	Error@5 0.000 (0.059)
Test: [0/79]	Time 0.045 (0.045)	Loss 0.3991 (0.3991)	Error@1 9.375 (9.375)	Error@5 0.000 (0.000)
Test: [51/79]	Time 0.050 (0.051)	Loss 0.2633 (0.2823)	Error@1 7.812 (8.879)	Error@5 0.000 (0.180)
 * Error@1 8.690 Error@5 0.170
Epoch 16:
Learning rate is 0.0074285714285714285
Epoch: [16][0/391]	Time 0.057 (0.057)	Data 0.027 (0.027)	Loss 0.1351 (0.1351)	Error@1 4.688 (4.688)	Error@5 0.000 (0.000)
Epoch: [16][51/391]	Time 0.053 (0.055)	Data 0.023 (0.024)	Loss 0.0587 (0.1255)	Error@1 1.562 (4.207)	Error@5 0.000 (0.075)
Epoch: [16][102/391]	Time 0.057 (0.055)	Data 0.023 (0.024)	Loss 0.0391 (0.1206)	Error@1 0.781 (4.073)	Error@5 0.000 (0.038)
Epoch: [16][153/391]	Time 0.058 (0.055)	Data 0.028 (0.024)	Loss 0.0872 (0.1224)	Error@1 4.688 (4.200)	Error@5 0.000 (0.025)
Epoch: [16][204/391]	Time 0.055 (0.054)	Data 0.022 (0.024)	Loss 0.1356 (0.1234)	Error@1 3.906 (4.284)	Error@5 0.000 (0.027)
Epoch: [16][255/391]	Time 0.052 (0.054)	Data 0.025 (0.024)	Loss 0.1387 (0.1246)	Error@1 4.688 (4.297)	Error@5 0.000 (0.034)
Epoch: [16][306/391]	Time 0.057 (0.054)	Data 0.024 (0.024)	Loss 0.1649 (0.1249)	Error@1 6.250 (4.280)	Error@5 0.000 (0.043)
Epoch: [16][357/391]	Time 0.053 (0.054)	Data 0.023 (0.024)	Loss 0.1195 (0.1247)	Error@1 4.688 (4.284)	Error@5 0.000 (0.041)
Test: [0/79]	Time 0.045 (0.045)	Loss 0.1970 (0.1970)	Error@1 6.250 (6.250)	Error@5 1.562 (1.562)
Test: [51/79]	Time 0.053 (0.051)	Loss 0.3726 (0.2686)	Error@1 10.156 (8.368)	Error@5 1.562 (0.210)
 * Error@1 8.530 Error@5 0.210
Epoch 17:
Learning rate is 0.006142857142857143
Epoch: [17][0/391]	Time 0.056 (0.056)	Data 0.027 (0.027)	Loss 0.0899 (0.0899)	Error@1 2.344 (2.344)	Error@5 0.000 (0.000)
Epoch: [17][51/391]	Time 0.057 (0.057)	Data 0.027 (0.024)	Loss 0.0957 (0.1134)	Error@1 4.688 (3.921)	Error@5 0.000 (0.030)
Epoch: [17][102/391]	Time 0.054 (0.056)	Data 0.027 (0.024)	Loss 0.1163 (0.1140)	Error@1 3.906 (3.899)	Error@5 0.000 (0.023)
Epoch: [17][153/391]	Time 0.054 (0.055)	Data 0.023 (0.024)	Loss 0.1796 (0.1184)	Error@1 5.469 (4.099)	Error@5 0.000 (0.025)
Epoch: [17][204/391]	Time 0.055 (0.055)	Data 0.023 (0.024)	Loss 0.1368 (0.1192)	Error@1 4.688 (4.135)	Error@5 0.000 (0.038)
Epoch: [17][255/391]	Time 0.053 (0.055)	Data 0.025 (0.024)	Loss 0.0595 (0.1167)	Error@1 3.125 (4.025)	Error@5 0.000 (0.046)
Epoch: [17][306/391]	Time 0.053 (0.055)	Data 0.023 (0.024)	Loss 0.0751 (0.1161)	Error@1 1.562 (3.993)	Error@5 0.000 (0.046)
Epoch: [17][357/391]	Time 0.054 (0.055)	Data 0.023 (0.024)	Loss 0.0908 (0.1164)	Error@1 5.469 (4.028)	Error@5 0.000 (0.046)
Test: [0/79]	Time 0.045 (0.045)	Loss 0.2048 (0.2048)	Error@1 8.594 (8.594)	Error@5 0.000 (0.000)
Test: [51/79]	Time 0.049 (0.051)	Loss 0.2112 (0.2654)	Error@1 9.375 (8.609)	Error@5 0.781 (0.120)
 * Error@1 8.680 Error@5 0.150
Epoch 18:
Learning rate is 0.004857142857142857
Epoch: [18][0/391]	Time 0.054 (0.054)	Data 0.026 (0.026)	Loss 0.0849 (0.0849)	Error@1 2.344 (2.344)	Error@5 0.000 (0.000)
Epoch: [18][51/391]	Time 0.053 (0.056)	Data 0.026 (0.024)	Loss 0.1402 (0.1043)	Error@1 6.250 (3.636)	Error@5 0.000 (0.030)
Epoch: [18][102/391]	Time 0.055 (0.055)	Data 0.022 (0.024)	Loss 0.0932 (0.1062)	Error@1 3.906 (3.656)	Error@5 0.000 (0.023)
Epoch: [18][153/391]	Time 0.053 (0.055)	Data 0.025 (0.024)	Loss 0.0916 (0.1054)	Error@1 3.125 (3.668)	Error@5 0.000 (0.036)
Epoch: [18][204/391]	Time 0.053 (0.055)	Data 0.023 (0.024)	Loss 0.1506 (0.1082)	Error@1 9.375 (3.807)	Error@5 0.000 (0.042)
Epoch: [18][255/391]	Time 0.053 (0.055)	Data 0.026 (0.024)	Loss 0.0998 (0.1074)	Error@1 3.125 (3.760)	Error@5 0.000 (0.034)
Epoch: [18][306/391]	Time 0.053 (0.055)	Data 0.023 (0.024)	Loss 0.0620 (0.1076)	Error@1 0.000 (3.736)	Error@5 0.000 (0.031)
Epoch: [18][357/391]	Time 0.059 (0.054)	Data 0.027 (0.024)	Loss 0.1440 (0.1080)	Error@1 4.688 (3.727)	Error@5 0.000 (0.031)
Test: [0/79]	Time 0.045 (0.045)	Loss 0.2801 (0.2801)	Error@1 9.375 (9.375)	Error@5 0.000 (0.000)
Test: [51/79]	Time 0.051 (0.052)	Loss 0.2784 (0.2815)	Error@1 6.250 (8.444)	Error@5 0.000 (0.225)
 * Error@1 8.340 Error@5 0.180
Epoch 19:
Learning rate is 0.003571428571428571
Epoch: [19][0/391]	Time 0.055 (0.055)	Data 0.025 (0.025)	Loss 0.0658 (0.0658)	Error@1 2.344 (2.344)	Error@5 0.000 (0.000)
Epoch: [19][51/391]	Time 0.053 (0.055)	Data 0.023 (0.024)	Loss 0.0864 (0.0989)	Error@1 3.906 (3.365)	Error@5 0.000 (0.015)
Epoch: [19][102/391]	Time 0.055 (0.055)	Data 0.022 (0.024)	Loss 0.0451 (0.0982)	Error@1 0.000 (3.406)	Error@5 0.000 (0.038)
Epoch: [19][153/391]	Time 0.055 (0.054)	Data 0.027 (0.024)	Loss 0.1095 (0.0993)	Error@1 4.688 (3.434)	Error@5 0.000 (0.041)
Epoch: [19][204/391]	Time 0.057 (0.054)	Data 0.028 (0.024)	Loss 0.0643 (0.0987)	Error@1 1.562 (3.441)	Error@5 0.000 (0.034)
Epoch: [19][255/391]	Time 0.060 (0.054)	Data 0.022 (0.024)	Loss 0.0913 (0.0997)	Error@1 3.125 (3.424)	Error@5 0.000 (0.040)
Epoch: [19][306/391]	Time 0.056 (0.055)	Data 0.028 (0.024)	Loss 0.0813 (0.0994)	Error@1 3.125 (3.410)	Error@5 0.000 (0.038)
Epoch: [19][357/391]	Time 0.058 (0.055)	Data 0.022 (0.024)	Loss 0.1056 (0.1007)	Error@1 3.906 (3.452)	Error@5 0.000 (0.033)
Test: [0/79]	Time 0.046 (0.046)	Loss 0.2872 (0.2872)	Error@1 10.156 (10.156)	Error@5 0.000 (0.000)
Test: [51/79]	Time 0.056 (0.053)	Loss 0.1992 (0.2687)	Error@1 6.250 (8.413)	Error@5 0.000 (0.165)
 * Error@1 8.500 Error@5 0.160
Epoch 20:
Learning rate is 0.002285714285714285
Epoch: [20][0/391]	Time 0.053 (0.053)	Data 0.025 (0.025)	Loss 0.1521 (0.1521)	Error@1 6.250 (6.250)	Error@5 0.000 (0.000)
Epoch: [20][51/391]	Time 0.053 (0.053)	Data 0.024 (0.024)	Loss 0.0884 (0.0929)	Error@1 3.906 (3.155)	Error@5 0.000 (0.030)
Epoch: [20][102/391]	Time 0.053 (0.054)	Data 0.025 (0.025)	Loss 0.0819 (0.0936)	Error@1 1.562 (3.163)	Error@5 0.000 (0.023)
Epoch: [20][153/391]	Time 0.053 (0.054)	Data 0.025 (0.025)	Loss 0.0655 (0.0915)	Error@1 1.562 (3.089)	Error@5 0.000 (0.030)
Epoch: [20][204/391]	Time 0.056 (0.054)	Data 0.023 (0.024)	Loss 0.0776 (0.0923)	Error@1 3.906 (3.136)	Error@5 0.000 (0.030)
Epoch: [20][255/391]	Time 0.054 (0.054)	Data 0.023 (0.024)	Loss 0.0778 (0.0928)	Error@1 1.562 (3.128)	Error@5 0.000 (0.031)
Epoch: [20][306/391]	Time 0.055 (0.054)	Data 0.023 (0.024)	Loss 0.0592 (0.0938)	Error@1 1.562 (3.138)	Error@5 0.000 (0.036)
Epoch: [20][357/391]	Time 0.054 (0.054)	Data 0.023 (0.024)	Loss 0.1369 (0.0945)	Error@1 6.250 (3.188)	Error@5 0.000 (0.037)
Test: [0/79]	Time 0.046 (0.046)	Loss 0.3657 (0.3657)	Error@1 10.156 (10.156)	Error@5 0.781 (0.781)
Test: [51/79]	Time 0.052 (0.055)	Loss 0.2949 (0.2741)	Error@1 9.375 (8.489)	Error@5 0.000 (0.120)
 * Error@1 8.280 Error@5 0.150
Epoch 21:
Learning rate is 0.001
Epoch: [21][0/391]	Time 0.080 (0.080)	Data 0.050 (0.050)	Loss 0.0551 (0.0551)	Error@1 1.562 (1.562)	Error@5 0.000 (0.000)
Epoch: [21][51/391]	Time 0.052 (0.054)	Data 0.025 (0.024)	Loss 0.0635 (0.0911)	Error@1 2.344 (3.095)	Error@5 0.000 (0.060)
Epoch: [21][102/391]	Time 0.053 (0.054)	Data 0.024 (0.024)	Loss 0.1099 (0.0892)	Error@1 3.906 (2.973)	Error@5 0.000 (0.038)
Epoch: [21][153/391]	Time 0.053 (0.054)	Data 0.023 (0.024)	Loss 0.0749 (0.0892)	Error@1 4.688 (2.927)	Error@5 0.000 (0.030)
Epoch: [21][204/391]	Time 0.054 (0.054)	Data 0.022 (0.024)	Loss 0.1202 (0.0891)	Error@1 4.688 (2.965)	Error@5 0.000 (0.030)
Epoch: [21][255/391]	Time 0.053 (0.054)	Data 0.025 (0.024)	Loss 0.0989 (0.0902)	Error@1 5.469 (3.040)	Error@5 0.000 (0.024)
Epoch: [21][306/391]	Time 0.053 (0.054)	Data 0.023 (0.024)	Loss 0.0600 (0.0904)	Error@1 2.344 (3.021)	Error@5 0.000 (0.023)
Epoch: [21][357/391]	Time 0.059 (0.054)	Data 0.025 (0.024)	Loss 0.0822 (0.0917)	Error@1 2.344 (3.077)	Error@5 0.000 (0.024)
Test: [0/79]	Time 0.048 (0.048)	Loss 0.3039 (0.3039)	Error@1 9.375 (9.375)	Error@5 0.000 (0.000)
Test: [51/79]	Time 0.053 (0.051)	Loss 0.3709 (0.2834)	Error@1 8.594 (8.624)	Error@5 1.562 (0.165)
 * Error@1 8.230 Error@5 0.140
Epoch 22:
Learning rate is 0.0008888888888888889
Epoch: [22][0/391]	Time 0.052 (0.052)	Data 0.025 (0.025)	Loss 0.0510 (0.0510)	Error@1 2.344 (2.344)	Error@5 0.000 (0.000)
Epoch: [22][51/391]	Time 0.058 (0.056)	Data 0.025 (0.024)	Loss 0.0730 (0.0978)	Error@1 2.344 (3.395)	Error@5 0.000 (0.045)
Epoch: [22][102/391]	Time 0.058 (0.055)	Data 0.022 (0.024)	Loss 0.1192 (0.0932)	Error@1 3.906 (3.171)	Error@5 0.000 (0.030)
Epoch: [22][153/391]	Time 0.056 (0.055)	Data 0.023 (0.024)	Loss 0.0837 (0.0909)	Error@1 2.344 (3.115)	Error@5 0.000 (0.020)
Epoch: [22][204/391]	Time 0.053 (0.055)	Data 0.023 (0.024)	Loss 0.1214 (0.0918)	Error@1 3.125 (3.114)	Error@5 0.000 (0.019)
Epoch: [22][255/391]	Time 0.055 (0.055)	Data 0.025 (0.024)	Loss 0.0649 (0.0912)	Error@1 0.781 (3.061)	Error@5 0.000 (0.018)
Epoch: [22][306/391]	Time 0.053 (0.055)	Data 0.023 (0.024)	Loss 0.0661 (0.0914)	Error@1 2.344 (3.089)	Error@5 0.000 (0.015)
Epoch: [22][357/391]	Time 0.054 (0.055)	Data 0.023 (0.024)	Loss 0.1056 (0.0915)	Error@1 3.906 (3.097)	Error@5 0.000 (0.017)
Test: [0/79]	Time 0.045 (0.045)	Loss 0.3236 (0.3236)	Error@1 12.500 (12.500)	Error@5 0.000 (0.000)
Test: [51/79]	Time 0.051 (0.052)	Loss 0.2535 (0.2701)	Error@1 7.812 (8.534)	Error@5 0.000 (0.120)
 * Error@1 8.330 Error@5 0.120
Epoch 23:
Learning rate is 0.0007777777777777778
Epoch: [23][0/391]	Time 0.053 (0.053)	Data 0.025 (0.025)	Loss 0.0937 (0.0937)	Error@1 3.125 (3.125)	Error@5 0.000 (0.000)
Epoch: [23][51/391]	Time 0.056 (0.055)	Data 0.023 (0.024)	Loss 0.0740 (0.0889)	Error@1 1.562 (2.900)	Error@5 0.000 (0.000)
Epoch: [23][102/391]	Time 0.053 (0.055)	Data 0.025 (0.024)	Loss 0.1076 (0.0869)	Error@1 3.125 (2.905)	Error@5 0.000 (0.015)
Epoch: [23][153/391]	Time 0.054 (0.054)	Data 0.027 (0.024)	Loss 0.0711 (0.0862)	Error@1 3.125 (2.937)	Error@5 0.000 (0.010)
Epoch: [23][204/391]	Time 0.054 (0.054)	Data 0.025 (0.024)	Loss 0.0366 (0.0871)	Error@1 0.781 (2.900)	Error@5 0.000 (0.015)
Epoch: [23][255/391]	Time 0.053 (0.054)	Data 0.023 (0.024)	Loss 0.0719 (0.0891)	Error@1 2.344 (2.942)	Error@5 0.000 (0.018)
Epoch: [23][306/391]	Time 0.055 (0.054)	Data 0.023 (0.024)	Loss 0.0822 (0.0881)	Error@1 3.906 (2.924)	Error@5 0.000 (0.018)
Epoch: [23][357/391]	Time 0.055 (0.054)	Data 0.027 (0.024)	Loss 0.1146 (0.0887)	Error@1 4.688 (2.957)	Error@5 0.000 (0.022)
Test: [0/79]	Time 0.047 (0.047)	Loss 0.2269 (0.2269)	Error@1 7.812 (7.812)	Error@5 0.000 (0.000)
Test: [51/79]	Time 0.051 (0.052)	Loss 0.2434 (0.2867)	Error@1 7.812 (8.519)	Error@5 0.000 (0.135)
 * Error@1 8.260 Error@5 0.140
Epoch 24:
Learning rate is 0.0006666666666666666
Epoch: [24][0/391]	Time 0.052 (0.052)	Data 0.025 (0.025)	Loss 0.1233 (0.1233)	Error@1 3.125 (3.125)	Error@5 0.000 (0.000)
Epoch: [24][51/391]	Time 0.056 (0.057)	Data 0.023 (0.023)	Loss 0.1507 (0.0900)	Error@1 5.469 (3.080)	Error@5 0.781 (0.015)
Epoch: [24][102/391]	Time 0.054 (0.056)	Data 0.023 (0.024)	Loss 0.0901 (0.0856)	Error@1 3.125 (2.867)	Error@5 0.000 (0.023)
Epoch: [24][153/391]	Time 0.057 (0.055)	Data 0.023 (0.024)	Loss 0.0606 (0.0841)	Error@1 2.344 (2.826)	Error@5 0.000 (0.015)
Epoch: [24][204/391]	Time 0.059 (0.056)	Data 0.023 (0.024)	Loss 0.0721 (0.0845)	Error@1 3.125 (2.805)	Error@5 0.000 (0.015)
Epoch: [24][255/391]	Time 0.053 (0.055)	Data 0.022 (0.024)	Loss 0.0690 (0.0847)	Error@1 2.344 (2.820)	Error@5 0.000 (0.015)
Epoch: [24][306/391]	Time 0.054 (0.055)	Data 0.023 (0.024)	Loss 0.0839 (0.0855)	Error@1 2.344 (2.843)	Error@5 0.000 (0.013)
Epoch: [24][357/391]	Time 0.053 (0.055)	Data 0.025 (0.024)	Loss 0.0972 (0.0858)	Error@1 3.125 (2.846)	Error@5 0.000 (0.015)
Test: [0/79]	Time 0.048 (0.048)	Loss 0.1903 (0.1903)	Error@1 7.031 (7.031)	Error@5 0.000 (0.000)
Test: [51/79]	Time 0.050 (0.052)	Loss 0.3439 (0.2694)	Error@1 7.031 (8.338)	Error@5 0.000 (0.135)
 * Error@1 8.380 Error@5 0.130
Epoch 25:
Learning rate is 0.0005555555555555556
Epoch: [25][0/391]	Time 0.080 (0.080)	Data 0.051 (0.051)	Loss 0.1113 (0.1113)	Error@1 6.250 (6.250)	Error@5 0.000 (0.000)
Epoch: [25][51/391]	Time 0.052 (0.056)	Data 0.022 (0.024)	Loss 0.0675 (0.0851)	Error@1 2.344 (2.599)	Error@5 0.000 (0.000)
Epoch: [25][102/391]	Time 0.055 (0.055)	Data 0.025 (0.024)	Loss 0.0578 (0.0850)	Error@1 0.781 (2.769)	Error@5 0.000 (0.000)
Epoch: [25][153/391]	Time 0.052 (0.054)	Data 0.025 (0.024)	Loss 0.0644 (0.0855)	Error@1 1.562 (2.851)	Error@5 0.000 (0.005)
Epoch: [25][204/391]	Time 0.058 (0.054)	Data 0.027 (0.024)	Loss 0.2475 (0.0868)	Error@1 5.469 (2.915)	Error@5 0.000 (0.008)
Epoch: [25][255/391]	Time 0.054 (0.054)	Data 0.023 (0.024)	Loss 0.1365 (0.0864)	Error@1 4.688 (2.893)	Error@5 0.000 (0.009)
Epoch: [25][306/391]	Time 0.053 (0.054)	Data 0.023 (0.024)	Loss 0.0556 (0.0863)	Error@1 1.562 (2.914)	Error@5 0.000 (0.010)
Epoch: [25][357/391]	Time 0.058 (0.054)	Data 0.027 (0.024)	Loss 0.0575 (0.0860)	Error@1 0.781 (2.889)	Error@5 0.000 (0.015)
Test: [0/79]	Time 0.044 (0.044)	Loss 0.3874 (0.3874)	Error@1 10.156 (10.156)	Error@5 0.781 (0.781)
Test: [51/79]	Time 0.050 (0.052)	Loss 0.3335 (0.2688)	Error@1 7.812 (8.263)	Error@5 0.000 (0.210)
 * Error@1 8.300 Error@5 0.190
Epoch 26:
Learning rate is 0.00044444444444444447
Epoch: [26][0/391]	Time 0.054 (0.054)	Data 0.026 (0.026)	Loss 0.1466 (0.1466)	Error@1 5.469 (5.469)	Error@5 0.000 (0.000)
Epoch: [26][51/391]	Time 0.056 (0.057)	Data 0.023 (0.023)	Loss 0.0964 (0.0890)	Error@1 2.344 (2.960)	Error@5 0.000 (0.015)
Epoch: [26][102/391]	Time 0.053 (0.056)	Data 0.023 (0.024)	Loss 0.1344 (0.0858)	Error@1 3.906 (2.867)	Error@5 0.000 (0.023)
Epoch: [26][153/391]	Time 0.055 (0.056)	Data 0.028 (0.024)	Loss 0.0470 (0.0857)	Error@1 1.562 (2.881)	Error@5 0.000 (0.020)
Epoch: [26][204/391]	Time 0.056 (0.056)	Data 0.027 (0.024)	Loss 0.1070 (0.0861)	Error@1 3.125 (2.923)	Error@5 0.000 (0.030)
Epoch: [26][255/391]	Time 0.054 (0.055)	Data 0.026 (0.024)	Loss 0.1318 (0.0865)	Error@1 5.469 (2.914)	Error@5 0.000 (0.024)
Epoch: [26][306/391]	Time 0.057 (0.055)	Data 0.023 (0.024)	Loss 0.0985 (0.0856)	Error@1 3.125 (2.899)	Error@5 0.000 (0.025)
Epoch: [26][357/391]	Time 0.055 (0.055)	Data 0.029 (0.024)	Loss 0.1258 (0.0868)	Error@1 3.906 (2.933)	Error@5 0.000 (0.022)
Test: [0/79]	Time 0.048 (0.048)	Loss 0.2827 (0.2827)	Error@1 9.375 (9.375)	Error@5 0.000 (0.000)
Test: [51/79]	Time 0.051 (0.051)	Loss 0.2687 (0.2687)	Error@1 10.156 (8.218)	Error@5 0.000 (0.150)
 * Error@1 8.310 Error@5 0.120
Epoch 27:
Learning rate is 0.00033333333333333327
Epoch: [27][0/391]	Time 0.062 (0.062)	Data 0.034 (0.034)	Loss 0.0828 (0.0828)	Error@1 1.562 (1.562)	Error@5 0.000 (0.000)
Epoch: [27][51/391]	Time 0.058 (0.056)	Data 0.025 (0.026)	Loss 0.0641 (0.0823)	Error@1 1.562 (2.704)	Error@5 0.000 (0.045)
Epoch: [27][102/391]	Time 0.053 (0.056)	Data 0.025 (0.025)	Loss 0.0505 (0.0840)	Error@1 2.344 (2.806)	Error@5 0.000 (0.053)
Epoch: [27][153/391]	Time 0.052 (0.055)	Data 0.023 (0.024)	Loss 0.1009 (0.0884)	Error@1 3.906 (2.968)	Error@5 0.781 (0.051)
Epoch: [27][204/391]	Time 0.054 (0.055)	Data 0.026 (0.024)	Loss 0.0875 (0.0871)	Error@1 3.125 (2.900)	Error@5 0.000 (0.042)
Epoch: [27][255/391]	Time 0.053 (0.055)	Data 0.023 (0.024)	Loss 0.0739 (0.0859)	Error@1 3.906 (2.853)	Error@5 0.000 (0.043)
Epoch: [27][306/391]	Time 0.055 (0.055)	Data 0.027 (0.024)	Loss 0.0582 (0.0862)	Error@1 1.562 (2.873)	Error@5 0.000 (0.036)
Epoch: [27][357/391]	Time 0.055 (0.055)	Data 0.023 (0.024)	Loss 0.0757 (0.0852)	Error@1 2.344 (2.826)	Error@5 0.781 (0.035)
Test: [0/79]	Time 0.046 (0.046)	Loss 0.4129 (0.4129)	Error@1 10.938 (10.938)	Error@5 0.781 (0.781)
Test: [51/79]	Time 0.051 (0.053)	Loss 0.2202 (0.2828)	Error@1 7.031 (8.564)	Error@5 0.000 (0.150)
 * Error@1 8.200 Error@5 0.130
Epoch 28:
Learning rate is 0.00022222222222222218
Epoch: [28][0/391]	Time 0.053 (0.053)	Data 0.025 (0.025)	Loss 0.0360 (0.0360)	Error@1 0.781 (0.781)	Error@5 0.000 (0.000)
Epoch: [28][51/391]	Time 0.055 (0.057)	Data 0.026 (0.024)	Loss 0.0943 (0.0805)	Error@1 2.344 (2.885)	Error@5 0.000 (0.030)
Epoch: [28][102/391]	Time 0.057 (0.056)	Data 0.023 (0.024)	Loss 0.0878 (0.0829)	Error@1 3.906 (2.890)	Error@5 0.000 (0.015)
Epoch: [28][153/391]	Time 0.057 (0.055)	Data 0.029 (0.024)	Loss 0.0751 (0.0846)	Error@1 3.906 (2.897)	Error@5 0.000 (0.025)
Epoch: [28][204/391]	Time 0.055 (0.055)	Data 0.022 (0.024)	Loss 0.0466 (0.0834)	Error@1 0.781 (2.824)	Error@5 0.000 (0.023)
Epoch: [28][255/391]	Time 0.057 (0.055)	Data 0.023 (0.024)	Loss 0.0383 (0.0820)	Error@1 0.781 (2.780)	Error@5 0.000 (0.018)
Epoch: [28][306/391]	Time 0.054 (0.055)	Data 0.026 (0.024)	Loss 0.0928 (0.0829)	Error@1 2.344 (2.815)	Error@5 0.000 (0.020)
Epoch: [28][357/391]	Time 0.055 (0.055)	Data 0.023 (0.024)	Loss 0.1305 (0.0845)	Error@1 5.469 (2.870)	Error@5 0.000 (0.017)
Test: [0/79]	Time 0.043 (0.043)	Loss 0.2503 (0.2503)	Error@1 8.594 (8.594)	Error@5 0.000 (0.000)
Test: [51/79]	Time 0.049 (0.051)	Loss 0.1952 (0.2749)	Error@1 6.250 (8.278)	Error@5 0.000 (0.180)
 * Error@1 8.230 Error@5 0.140
Epoch 29:
Learning rate is 0.00011111111111111109
Epoch: [29][0/391]	Time 0.056 (0.056)	Data 0.027 (0.027)	Loss 0.0416 (0.0416)	Error@1 0.781 (0.781)	Error@5 0.000 (0.000)
Epoch: [29][51/391]	Time 0.051 (0.055)	Data 0.024 (0.024)	Loss 0.0759 (0.0821)	Error@1 2.344 (2.960)	Error@5 0.781 (0.045)
Epoch: [29][102/391]	Time 0.052 (0.055)	Data 0.024 (0.024)	Loss 0.0660 (0.0879)	Error@1 2.344 (3.087)	Error@5 0.000 (0.053)
Epoch: [29][153/391]	Time 0.058 (0.055)	Data 0.022 (0.024)	Loss 0.0762 (0.0852)	Error@1 2.344 (2.993)	Error@5 0.000 (0.051)
Epoch: [29][204/391]	Time 0.056 (0.055)	Data 0.026 (0.024)	Loss 0.0955 (0.0847)	Error@1 2.344 (2.961)	Error@5 0.000 (0.038)
Epoch: [29][255/391]	Time 0.056 (0.055)	Data 0.025 (0.024)	Loss 0.1165 (0.0847)	Error@1 2.344 (2.954)	Error@5 0.000 (0.031)
Epoch: [29][306/391]	Time 0.053 (0.055)	Data 0.025 (0.024)	Loss 0.0916 (0.0843)	Error@1 3.906 (2.929)	Error@5 0.000 (0.028)
Epoch: [29][357/391]	Time 0.057 (0.055)	Data 0.023 (0.024)	Loss 0.1049 (0.0849)	Error@1 3.906 (2.946)	Error@5 0.000 (0.026)
Test: [0/79]	Time 0.044 (0.044)	Loss 0.1535 (0.1535)	Error@1 5.469 (5.469)	Error@5 0.000 (0.000)
Test: [51/79]	Time 0.062 (0.054)	Loss 0.2227 (0.2704)	Error@1 7.031 (8.564)	Error@5 0.000 (0.135)
 * Error@1 8.280 Error@5 0.130
Epoch 30:
Learning rate is 0.0
Epoch: [30][0/391]	Time 0.053 (0.053)	Data 0.025 (0.025)	Loss 0.1153 (0.1153)	Error@1 3.906 (3.906)	Error@5 0.000 (0.000)
Epoch: [30][51/391]	Time 0.052 (0.055)	Data 0.023 (0.024)	Loss 0.0745 (0.0860)	Error@1 2.344 (2.719)	Error@5 0.000 (0.000)
Epoch: [30][102/391]	Time 0.056 (0.055)	Data 0.023 (0.024)	Loss 0.0906 (0.0856)	Error@1 5.469 (2.799)	Error@5 0.000 (0.023)
Epoch: [30][153/391]	Time 0.054 (0.054)	Data 0.023 (0.024)	Loss 0.1026 (0.0845)	Error@1 3.125 (2.770)	Error@5 0.000 (0.015)
Epoch: [30][204/391]	Time 0.052 (0.054)	Data 0.023 (0.024)	Loss 0.1211 (0.0875)	Error@1 2.344 (2.881)	Error@5 0.000 (0.015)
Epoch: [30][255/391]	Time 0.054 (0.054)	Data 0.027 (0.024)	Loss 0.1338 (0.0869)	Error@1 3.125 (2.902)	Error@5 0.000 (0.012)
Epoch: [30][306/391]	Time 0.052 (0.054)	Data 0.022 (0.024)	Loss 0.1346 (0.0851)	Error@1 5.469 (2.850)	Error@5 0.000 (0.015)
Epoch: [30][357/391]	Time 0.054 (0.054)	Data 0.023 (0.024)	Loss 0.1033 (0.0847)	Error@1 2.344 (2.841)	Error@5 0.000 (0.013)
Test: [0/79]	Time 0.044 (0.044)	Loss 0.3065 (0.3065)	Error@1 12.500 (12.500)	Error@5 0.000 (0.000)
Test: [51/79]	Time 0.052 (0.051)	Loss 0.3094 (0.2668)	Error@1 10.156 (8.308)	Error@5 0.781 (0.150)
 * Error@1 8.230 Error@5 0.140
