Tue Nov 13 19:17:27 2018       
+-----------------------------------------------------------------------------+
| NVIDIA-SMI 390.87                 Driver Version: 390.87                    |
|-------------------------------+----------------------+----------------------+
| GPU  Name        Persistence-M| Bus-Id        Disp.A | Volatile Uncorr. ECC |
| Fan  Temp  Perf  Pwr:Usage/Cap|         Memory-Usage | GPU-Util  Compute M. |
|===============================+======================+======================|
|   0  TITAN X (Pascal)    Off  | 00000000:02:00.0 Off |                  N/A |
| 23%   21C    P8    15W / 250W |      0MiB / 12196MiB |      0%      Default |
+-------------------------------+----------------------+----------------------+
|   1  TITAN X (Pascal)    Off  | 00000000:03:00.0 Off |                  N/A |
| 23%   27C    P8    16W / 250W |      0MiB / 12196MiB |      0%      Default |
+-------------------------------+----------------------+----------------------+
                                                                               
+-----------------------------------------------------------------------------+
| Processes:                                                       GPU Memory |
|  GPU       PID   Type   Process name                             Usage      |
|=============================================================================|
|  No running processes found                                                 |
+-----------------------------------------------------------------------------+
Waking up Bertie...
Bertie is going to help us train a ResNet on CIFAR-10...
Namespace(GPU='0,1', base_file='bbb', batch_size=512, learning_rate=0.1, no_epochs=30, print_freq=51, save_file='resnet', workers=0)
CUDA AVAILABLE
Using multiple GPUs
Files already downloaded and verified
Files already downloaded and verified
Files already downloaded and verified
Files already downloaded and verified
Epoch 1:
Learning rate is 0.014285714285714287
Epoch: [1][0/98]	Time 2.893 (2.893)	Data 0.093 (0.093)	Loss 2.3705 (2.3705)	Error@1 89.258 (89.258)	Error@5 49.023 (49.023)
Epoch: [1][51/98]	Time 0.145 (0.201)	Data 0.093 (0.095)	Loss 1.4783 (1.8185)	Error@1 57.031 (67.788)	Error@5 8.008 (17.424)
Test: [0/20]	Time 0.121 (0.121)	Loss 1.4043 (1.4043)	Error@1 49.219 (49.219)	Error@5 5.273 (5.273)
 * Error@1 50.010 Error@5 6.030
Epoch 2:
Learning rate is 0.028571428571428574
Epoch: [2][0/98]	Time 0.143 (0.143)	Data 0.091 (0.091)	Loss 1.3622 (1.3622)	Error@1 50.000 (50.000)	Error@5 7.422 (7.422)
Epoch: [2][51/98]	Time 0.147 (0.148)	Data 0.091 (0.094)	Loss 1.1198 (1.2709)	Error@1 43.164 (46.398)	Error@5 3.711 (5.679)
Test: [0/20]	Time 0.123 (0.123)	Loss 1.4028 (1.4028)	Error@1 43.164 (43.164)	Error@5 6.445 (6.445)
 * Error@1 42.480 Error@5 5.390
Epoch 3:
Learning rate is 0.04285714285714286
Epoch: [3][0/98]	Time 0.146 (0.146)	Data 0.093 (0.093)	Loss 0.9298 (0.9298)	Error@1 31.836 (31.836)	Error@5 3.125 (3.125)
Epoch: [3][51/98]	Time 0.149 (0.148)	Data 0.095 (0.094)	Loss 0.8550 (0.9450)	Error@1 30.078 (33.710)	Error@5 1.758 (2.986)
Test: [0/20]	Time 0.122 (0.122)	Loss 1.3206 (1.3206)	Error@1 40.234 (40.234)	Error@5 4.102 (4.102)
 * Error@1 37.450 Error@5 3.130
Epoch 4:
Learning rate is 0.05714285714285715
Epoch: [4][0/98]	Time 0.144 (0.144)	Data 0.091 (0.091)	Loss 0.7260 (0.7260)	Error@1 24.805 (24.805)	Error@5 1.367 (1.367)
Epoch: [4][51/98]	Time 0.148 (0.149)	Data 0.094 (0.094)	Loss 0.6326 (0.7521)	Error@1 23.242 (26.281)	Error@5 1.758 (1.619)
Test: [0/20]	Time 0.124 (0.124)	Loss 0.7022 (0.7022)	Error@1 23.047 (23.047)	Error@5 1.367 (1.367)
 * Error@1 24.860 Error@5 1.710
Epoch 5:
Learning rate is 0.07142857142857144
Epoch: [5][0/98]	Time 0.178 (0.178)	Data 0.123 (0.123)	Loss 0.6616 (0.6616)	Error@1 23.633 (23.633)	Error@5 1.562 (1.562)
Epoch: [5][51/98]	Time 0.149 (0.151)	Data 0.093 (0.096)	Loss 0.6981 (0.6493)	Error@1 24.414 (22.536)	Error@5 0.977 (1.341)
Test: [0/20]	Time 0.131 (0.131)	Loss 0.9256 (0.9256)	Error@1 30.469 (30.469)	Error@5 1.758 (1.758)
 * Error@1 29.750 Error@5 1.670
Epoch 6:
Learning rate is 0.08571428571428572
Epoch: [6][0/98]	Time 0.145 (0.145)	Data 0.091 (0.091)	Loss 0.5112 (0.5112)	Error@1 16.602 (16.602)	Error@5 0.391 (0.391)
Epoch: [6][51/98]	Time 0.151 (0.150)	Data 0.095 (0.094)	Loss 0.6579 (0.5939)	Error@1 22.070 (20.549)	Error@5 1.367 (1.022)
Test: [0/20]	Time 0.123 (0.123)	Loss 0.7215 (0.7215)	Error@1 24.414 (24.414)	Error@5 0.781 (0.781)
 * Error@1 22.460 Error@5 1.990
Epoch 7:
Learning rate is 0.1
Epoch: [7][0/98]	Time 0.143 (0.143)	Data 0.092 (0.092)	Loss 0.4616 (0.4616)	Error@1 14.648 (14.648)	Error@5 0.391 (0.391)
Epoch: [7][51/98]	Time 0.150 (0.151)	Data 0.095 (0.094)	Loss 0.5661 (0.5284)	Error@1 18.750 (18.190)	Error@5 1.758 (0.905)
Test: [0/20]	Time 0.155 (0.155)	Loss 0.6059 (0.6059)	Error@1 21.484 (21.484)	Error@5 1.172 (1.172)
 * Error@1 18.990 Error@5 0.830
Epoch 8:
Learning rate is 0.08714285714285715
Epoch: [8][0/98]	Time 0.147 (0.147)	Data 0.092 (0.092)	Loss 0.4771 (0.4771)	Error@1 18.164 (18.164)	Error@5 0.977 (0.977)
Epoch: [8][51/98]	Time 0.150 (0.151)	Data 0.094 (0.095)	Loss 0.4380 (0.4462)	Error@1 14.844 (15.306)	Error@5 0.586 (0.642)
Test: [0/20]	Time 0.122 (0.122)	Loss 0.5435 (0.5435)	Error@1 17.188 (17.188)	Error@5 0.977 (0.977)
 * Error@1 19.130 Error@5 1.380
Epoch 9:
Learning rate is 0.07428571428571429
Epoch: [9][0/98]	Time 0.146 (0.146)	Data 0.093 (0.093)	Loss 0.4360 (0.4360)	Error@1 13.867 (13.867)	Error@5 0.195 (0.195)
Epoch: [9][51/98]	Time 0.151 (0.151)	Data 0.094 (0.094)	Loss 0.3190 (0.3762)	Error@1 11.914 (13.045)	Error@5 0.195 (0.436)
Test: [0/20]	Time 0.134 (0.134)	Loss 0.4229 (0.4229)	Error@1 13.672 (13.672)	Error@5 0.781 (0.781)
 * Error@1 15.240 Error@5 0.610
Epoch 10:
Learning rate is 0.06142857142857143
Epoch: [10][0/98]	Time 0.183 (0.183)	Data 0.131 (0.131)	Loss 0.3425 (0.3425)	Error@1 11.719 (11.719)	Error@5 0.000 (0.000)
Epoch: [10][51/98]	Time 0.157 (0.153)	Data 0.095 (0.096)	Loss 0.3525 (0.3247)	Error@1 12.305 (11.215)	Error@5 0.195 (0.304)
Test: [0/20]	Time 0.122 (0.122)	Loss 0.4570 (0.4570)	Error@1 16.016 (16.016)	Error@5 0.391 (0.391)
 * Error@1 16.870 Error@5 0.560
Epoch 11:
Learning rate is 0.04857142857142857
Epoch: [11][0/98]	Time 0.146 (0.146)	Data 0.092 (0.092)	Loss 0.3290 (0.3290)	Error@1 12.695 (12.695)	Error@5 0.391 (0.391)
Epoch: [11][51/98]	Time 0.153 (0.155)	Data 0.096 (0.096)	Loss 0.3216 (0.2774)	Error@1 10.742 (9.796)	Error@5 0.391 (0.248)
Test: [0/20]	Time 0.139 (0.139)	Loss 0.3892 (0.3892)	Error@1 13.281 (13.281)	Error@5 0.391 (0.391)
 * Error@1 13.590 Error@5 0.510
Epoch 12:
Learning rate is 0.03571428571428571
Epoch: [12][0/98]	Time 0.144 (0.144)	Data 0.091 (0.091)	Loss 0.2275 (0.2275)	Error@1 7.812 (7.812)	Error@5 0.000 (0.000)
Epoch: [12][51/98]	Time 0.154 (0.158)	Data 0.097 (0.095)	Loss 0.2358 (0.2407)	Error@1 8.203 (8.350)	Error@5 0.195 (0.180)
Test: [0/20]	Time 0.125 (0.125)	Loss 0.3724 (0.3724)	Error@1 12.109 (12.109)	Error@5 0.195 (0.195)
 * Error@1 12.290 Error@5 0.350
Epoch 13:
Learning rate is 0.022857142857142854
Epoch: [13][0/98]	Time 0.180 (0.180)	Data 0.128 (0.128)	Loss 0.2600 (0.2600)	Error@1 9.570 (9.570)	Error@5 0.391 (0.391)
Epoch: [13][51/98]	Time 0.165 (0.157)	Data 0.097 (0.096)	Loss 0.1751 (0.2098)	Error@1 6.445 (7.264)	Error@5 0.000 (0.184)
Test: [0/20]	Time 0.144 (0.144)	Loss 0.3922 (0.3922)	Error@1 12.891 (12.891)	Error@5 0.000 (0.000)
 * Error@1 10.520 Error@5 0.250
Epoch 14:
Learning rate is 0.01
Epoch: [14][0/98]	Time 0.184 (0.184)	Data 0.131 (0.131)	Loss 0.1743 (0.1743)	Error@1 6.836 (6.836)	Error@5 0.000 (0.000)
Epoch: [14][51/98]	Time 0.152 (0.155)	Data 0.093 (0.095)	Loss 0.1844 (0.1732)	Error@1 5.469 (5.995)	Error@5 0.195 (0.101)
Test: [0/20]	Time 0.124 (0.124)	Loss 0.3427 (0.3427)	Error@1 9.766 (9.766)	Error@5 0.195 (0.195)
 * Error@1 9.910 Error@5 0.160
Epoch 15:
Learning rate is 0.008714285714285714
Epoch: [15][0/98]	Time 0.145 (0.145)	Data 0.093 (0.093)	Loss 0.1794 (0.1794)	Error@1 6.250 (6.250)	Error@5 0.000 (0.000)
Epoch: [15][51/98]	Time 0.151 (0.155)	Data 0.096 (0.095)	Loss 0.1531 (0.1589)	Error@1 4.297 (5.495)	Error@5 0.391 (0.098)
Test: [0/20]	Time 0.134 (0.134)	Loss 0.3097 (0.3097)	Error@1 10.938 (10.938)	Error@5 0.391 (0.391)
 * Error@1 9.980 Error@5 0.230
Epoch 16:
Learning rate is 0.0074285714285714285
Epoch: [16][0/98]	Time 0.149 (0.149)	Data 0.095 (0.095)	Loss 0.1249 (0.1249)	Error@1 4.102 (4.102)	Error@5 0.000 (0.000)
Epoch: [16][51/98]	Time 0.151 (0.153)	Data 0.096 (0.094)	Loss 0.1546 (0.1535)	Error@1 4.492 (5.228)	Error@5 0.000 (0.098)
Test: [0/20]	Time 0.121 (0.121)	Loss 0.2320 (0.2320)	Error@1 8.008 (8.008)	Error@5 0.000 (0.000)
 * Error@1 9.530 Error@5 0.170
Epoch 17:
Learning rate is 0.006142857142857143
Epoch: [17][0/98]	Time 0.156 (0.156)	Data 0.099 (0.099)	Loss 0.1474 (0.1474)	Error@1 5.469 (5.469)	Error@5 0.000 (0.000)
Epoch: [17][51/98]	Time 0.153 (0.156)	Data 0.094 (0.095)	Loss 0.1437 (0.1469)	Error@1 5.469 (5.202)	Error@5 0.000 (0.049)
Test: [0/20]	Time 0.135 (0.135)	Loss 0.2939 (0.2939)	Error@1 10.547 (10.547)	Error@5 0.000 (0.000)
 * Error@1 9.450 Error@5 0.220
Epoch 18:
Learning rate is 0.004857142857142857
Epoch: [18][0/98]	Time 0.155 (0.155)	Data 0.098 (0.098)	Loss 0.1193 (0.1193)	Error@1 3.906 (3.906)	Error@5 0.000 (0.000)
Epoch: [18][51/98]	Time 0.154 (0.154)	Data 0.096 (0.094)	Loss 0.1512 (0.1384)	Error@1 4.688 (4.609)	Error@5 0.391 (0.101)
Test: [0/20]	Time 0.126 (0.126)	Loss 0.3282 (0.3282)	Error@1 9.570 (9.570)	Error@5 0.195 (0.195)
 * Error@1 9.420 Error@5 0.200
Epoch 19:
Learning rate is 0.003571428571428571
Epoch: [19][0/98]	Time 0.156 (0.156)	Data 0.097 (0.097)	Loss 0.1260 (0.1260)	Error@1 4.102 (4.102)	Error@5 0.000 (0.000)
Epoch: [19][51/98]	Time 0.151 (0.155)	Data 0.094 (0.095)	Loss 0.1358 (0.1353)	Error@1 5.273 (4.601)	Error@5 0.000 (0.068)
Test: [0/20]	Time 0.137 (0.137)	Loss 0.2908 (0.2908)	Error@1 11.133 (11.133)	Error@5 0.391 (0.391)
 * Error@1 9.390 Error@5 0.210
Epoch 20:
Learning rate is 0.002285714285714285
Epoch: [20][0/98]	Time 0.152 (0.152)	Data 0.095 (0.095)	Loss 0.1155 (0.1155)	Error@1 4.102 (4.102)	Error@5 0.000 (0.000)
Epoch: [20][51/98]	Time 0.158 (0.160)	Data 0.095 (0.095)	Loss 0.1109 (0.1288)	Error@1 4.297 (4.368)	Error@5 0.000 (0.071)
Test: [0/20]	Time 0.125 (0.125)	Loss 0.3652 (0.3652)	Error@1 9.570 (9.570)	Error@5 0.195 (0.195)
 * Error@1 9.290 Error@5 0.240
Epoch 21:
Learning rate is 0.001
Epoch: [21][0/98]	Time 0.145 (0.145)	Data 0.092 (0.092)	Loss 0.1307 (0.1307)	Error@1 4.297 (4.297)	Error@5 0.195 (0.195)
Epoch: [21][51/98]	Time 0.159 (0.155)	Data 0.094 (0.095)	Loss 0.0966 (0.1235)	Error@1 2.539 (4.158)	Error@5 0.000 (0.068)
Test: [0/20]	Time 0.141 (0.141)	Loss 0.3159 (0.3159)	Error@1 9.570 (9.570)	Error@5 0.195 (0.195)
 * Error@1 9.390 Error@5 0.220
Epoch 22:
Learning rate is 0.0008888888888888889
Epoch: [22][0/98]	Time 0.145 (0.145)	Data 0.092 (0.092)	Loss 0.1504 (0.1504)	Error@1 5.078 (5.078)	Error@5 0.000 (0.000)
Epoch: [22][51/98]	Time 0.152 (0.155)	Data 0.093 (0.095)	Loss 0.1606 (0.1256)	Error@1 5.469 (4.218)	Error@5 0.000 (0.083)
Test: [0/20]	Time 0.124 (0.124)	Loss 0.3745 (0.3745)	Error@1 11.133 (11.133)	Error@5 0.391 (0.391)
 * Error@1 9.320 Error@5 0.230
Epoch 23:
Learning rate is 0.0007777777777777778
Epoch: [23][0/98]	Time 0.148 (0.148)	Data 0.091 (0.091)	Loss 0.1308 (0.1308)	Error@1 3.711 (3.711)	Error@5 0.000 (0.000)
Epoch: [23][51/98]	Time 0.167 (0.156)	Data 0.091 (0.096)	Loss 0.1396 (0.1198)	Error@1 4.688 (4.072)	Error@5 0.195 (0.053)
Test: [0/20]	Time 0.140 (0.140)	Loss 0.2438 (0.2438)	Error@1 8.789 (8.789)	Error@5 0.195 (0.195)
 * Error@1 9.250 Error@5 0.180
Epoch 24:
Learning rate is 0.0006666666666666666
Epoch: [24][0/98]	Time 0.162 (0.162)	Data 0.108 (0.108)	Loss 0.1302 (0.1302)	Error@1 4.883 (4.883)	Error@5 0.000 (0.000)
Epoch: [24][51/98]	Time 0.152 (0.155)	Data 0.099 (0.095)	Loss 0.1335 (0.1201)	Error@1 4.688 (4.147)	Error@5 0.000 (0.064)
Test: [0/20]	Time 0.122 (0.122)	Loss 0.2842 (0.2842)	Error@1 8.398 (8.398)	Error@5 0.000 (0.000)
 * Error@1 9.250 Error@5 0.190
Epoch 25:
Learning rate is 0.0005555555555555556
Epoch: [25][0/98]	Time 0.151 (0.151)	Data 0.096 (0.096)	Loss 0.1485 (0.1485)	Error@1 4.688 (4.688)	Error@5 0.195 (0.195)
Epoch: [25][51/98]	Time 0.164 (0.155)	Data 0.097 (0.095)	Loss 0.1291 (0.1227)	Error@1 4.688 (4.218)	Error@5 0.000 (0.045)
Test: [0/20]	Time 0.135 (0.135)	Loss 0.2782 (0.2782)	Error@1 8.789 (8.789)	Error@5 0.586 (0.586)
 * Error@1 9.330 Error@5 0.190
Epoch 26:
Learning rate is 0.00044444444444444447
Epoch: [26][0/98]	Time 0.152 (0.152)	Data 0.097 (0.097)	Loss 0.1416 (0.1416)	Error@1 4.102 (4.102)	Error@5 0.000 (0.000)
Epoch: [26][51/98]	Time 0.165 (0.156)	Data 0.108 (0.095)	Loss 0.1098 (0.1224)	Error@1 3.125 (4.072)	Error@5 0.195 (0.079)
Test: [0/20]	Time 0.120 (0.120)	Loss 0.3500 (0.3500)	Error@1 10.938 (10.938)	Error@5 0.195 (0.195)
 * Error@1 9.340 Error@5 0.180
Epoch 27:
Learning rate is 0.00033333333333333327
Epoch: [27][0/98]	Time 0.149 (0.149)	Data 0.092 (0.092)	Loss 0.1226 (0.1226)	Error@1 4.297 (4.297)	Error@5 0.000 (0.000)
Epoch: [27][51/98]	Time 0.149 (0.155)	Data 0.093 (0.095)	Loss 0.1148 (0.1191)	Error@1 4.297 (4.038)	Error@5 0.195 (0.038)
Test: [0/20]	Time 0.139 (0.139)	Loss 0.3015 (0.3015)	Error@1 9.570 (9.570)	Error@5 0.000 (0.000)
 * Error@1 9.240 Error@5 0.180
Epoch 28:
Learning rate is 0.00022222222222222218
Epoch: [28][0/98]	Time 0.192 (0.192)	Data 0.135 (0.135)	Loss 0.1232 (0.1232)	Error@1 2.930 (2.930)	Error@5 0.000 (0.000)
Epoch: [28][51/98]	Time 0.152 (0.158)	Data 0.096 (0.096)	Loss 0.1193 (0.1208)	Error@1 3.711 (3.902)	Error@5 0.000 (0.064)
Test: [0/20]	Time 0.126 (0.126)	Loss 0.2803 (0.2803)	Error@1 8.008 (8.008)	Error@5 0.000 (0.000)
 * Error@1 9.230 Error@5 0.200
Epoch 29:
Learning rate is 0.00011111111111111109
Epoch: [29][0/98]	Time 0.150 (0.150)	Data 0.095 (0.095)	Loss 0.1382 (0.1382)	Error@1 3.711 (3.711)	Error@5 0.195 (0.195)
Epoch: [29][51/98]	Time 0.153 (0.153)	Data 0.095 (0.094)	Loss 0.0959 (0.1168)	Error@1 2.539 (3.842)	Error@5 0.000 (0.064)
Test: [0/20]	Time 0.132 (0.132)	Loss 0.2726 (0.2726)	Error@1 8.984 (8.984)	Error@5 0.000 (0.000)
 * Error@1 9.120 Error@5 0.190
Epoch 30:
Learning rate is 0.0
Epoch: [30][0/98]	Time 0.155 (0.155)	Data 0.095 (0.095)	Loss 0.1065 (0.1065)	Error@1 4.492 (4.492)	Error@5 0.000 (0.000)
Epoch: [30][51/98]	Time 0.154 (0.156)	Data 0.095 (0.096)	Loss 0.1003 (0.1219)	Error@1 3.711 (4.248)	Error@5 0.000 (0.056)
Test: [0/20]	Time 0.123 (0.123)	Loss 0.3503 (0.3503)	Error@1 8.398 (8.398)	Error@5 0.195 (0.195)
 * Error@1 9.260 Error@5 0.190
