Tue Nov 13 20:22:16 2018       
+-----------------------------------------------------------------------------+
| NVIDIA-SMI 390.77                 Driver Version: 390.77                    |
|-------------------------------+----------------------+----------------------+
| GPU  Name        Persistence-M| Bus-Id        Disp.A | Volatile Uncorr. ECC |
| Fan  Temp  Perf  Pwr:Usage/Cap|         Memory-Usage | GPU-Util  Compute M. |
|===============================+======================+======================|
|   0  Tesla K40m          Off  | 00000000:04:00.0 Off |                    0 |
| N/A   27C    P8    20W / 235W |      0MiB / 11441MiB |      0%      Default |
+-------------------------------+----------------------+----------------------+
|   1  Tesla K40m          Off  | 00000000:82:00.0 Off |                    0 |
| N/A   25C    P8    20W / 235W |      0MiB / 11441MiB |      0%      Default |
+-------------------------------+----------------------+----------------------+
                                                                               
+-----------------------------------------------------------------------------+
| Processes:                                                       GPU Memory |
|  GPU       PID   Type   Process name                             Usage      |
|=============================================================================|
|  No running processes found                                                 |
+-----------------------------------------------------------------------------+
Waking up Bertie...
Bertie is going to help us train a ResNet on CIFAR-10...
Namespace(GPU='0,1', base_file='bbb', batch_size=256, learning_rate=0.1, no_epochs=30, print_freq=51, save_file='resnet', workers=0)
CUDA AVAILABLE
Using multiple GPUs
Files already downloaded and verified
Files already downloaded and verified
Files already downloaded and verified
Files already downloaded and verified
Epoch 1:
Learning rate is 0.05714285714285715
Epoch: [1][0/196]	Time 3.133 (3.133)	Data 0.104 (0.104)	Loss 2.3655 (2.3655)	Error@1 91.016 (91.016)	Error@5 53.125 (53.125)
Epoch: [1][51/196]	Time 0.542 (0.592)	Data 0.064 (0.064)	Loss 1.7994 (1.9137)	Error@1 69.922 (71.432)	Error@5 16.406 (18.803)
Epoch: [1][102/196]	Time 0.541 (0.567)	Data 0.071 (0.064)	Loss 1.5193 (1.8020)	Error@1 59.375 (67.343)	Error@5 8.594 (15.219)
Epoch: [1][153/196]	Time 0.541 (0.559)	Data 0.063 (0.064)	Loss 1.4707 (1.7202)	Error@1 53.906 (64.177)	Error@5 6.641 (13.187)
Test: [0/40]	Time 0.530 (0.530)	Loss 1.7412 (1.7412)	Error@1 54.297 (54.297)	Error@5 8.594 (8.594)
 * Error@1 55.460 Error@5 8.530
Epoch 2:
Learning rate is 0.1142857142857143
Epoch: [2][0/196]	Time 0.503 (0.503)	Data 0.112 (0.112)	Loss 1.4666 (1.4666)	Error@1 52.344 (52.344)	Error@5 8.594 (8.594)
Epoch: [2][51/196]	Time 0.541 (0.541)	Data 0.064 (0.065)	Loss 1.5070 (1.5362)	Error@1 58.984 (56.122)	Error@5 7.812 (9.044)
Epoch: [2][102/196]	Time 0.541 (0.541)	Data 0.063 (0.064)	Loss 1.2945 (1.4620)	Error@1 47.656 (53.569)	Error@5 6.641 (7.782)
Epoch: [2][153/196]	Time 0.541 (0.541)	Data 0.068 (0.064)	Loss 1.1985 (1.3988)	Error@1 42.188 (51.157)	Error@5 5.078 (7.029)
Test: [0/40]	Time 0.532 (0.532)	Loss 1.6622 (1.6622)	Error@1 51.172 (51.172)	Error@5 9.375 (9.375)
 * Error@1 50.520 Error@5 8.170
Epoch 3:
Learning rate is 0.17142857142857143
Epoch: [3][0/196]	Time 0.491 (0.491)	Data 0.101 (0.101)	Loss 1.1399 (1.1399)	Error@1 38.672 (38.672)	Error@5 4.688 (4.688)
Epoch: [3][51/196]	Time 0.541 (0.540)	Data 0.064 (0.065)	Loss 1.0803 (1.1915)	Error@1 39.453 (42.405)	Error@5 4.297 (4.612)
Epoch: [3][102/196]	Time 0.541 (0.541)	Data 0.064 (0.064)	Loss 1.1320 (1.1531)	Error@1 41.797 (40.989)	Error@5 4.688 (4.331)
Epoch: [3][153/196]	Time 0.541 (0.541)	Data 0.065 (0.064)	Loss 1.0322 (1.1292)	Error@1 33.594 (40.300)	Error@5 1.562 (4.069)
Test: [0/40]	Time 0.534 (0.534)	Loss 0.9067 (0.9067)	Error@1 28.906 (28.906)	Error@5 3.125 (3.125)
 * Error@1 34.840 Error@5 3.630
Epoch 4:
Learning rate is 0.2285714285714286
Epoch: [4][0/196]	Time 0.489 (0.489)	Data 0.100 (0.100)	Loss 1.1159 (1.1159)	Error@1 36.719 (36.719)	Error@5 4.297 (4.297)
Epoch: [4][51/196]	Time 0.541 (0.540)	Data 0.065 (0.065)	Loss 0.9387 (1.0261)	Error@1 32.031 (36.291)	Error@5 2.734 (3.696)
Epoch: [4][102/196]	Time 0.542 (0.541)	Data 0.064 (0.064)	Loss 1.0480 (1.0025)	Error@1 34.766 (35.353)	Error@5 4.297 (3.409)
Epoch: [4][153/196]	Time 0.540 (0.541)	Data 0.063 (0.064)	Loss 0.8307 (0.9783)	Error@1 28.906 (34.433)	Error@5 1.953 (3.252)
Test: [0/40]	Time 0.533 (0.533)	Loss 1.1792 (1.1792)	Error@1 37.500 (37.500)	Error@5 3.906 (3.906)
 * Error@1 35.510 Error@5 2.450
Epoch 5:
Learning rate is 0.28571428571428575
Epoch: [5][0/196]	Time 0.494 (0.494)	Data 0.104 (0.104)	Loss 0.8415 (0.8415)	Error@1 30.078 (30.078)	Error@5 3.906 (3.906)
Epoch: [5][51/196]	Time 0.541 (0.540)	Data 0.063 (0.065)	Loss 1.0004 (0.8926)	Error@1 35.547 (31.070)	Error@5 2.734 (2.637)
Epoch: [5][102/196]	Time 0.541 (0.541)	Data 0.063 (0.064)	Loss 0.8435 (0.8680)	Error@1 28.906 (30.351)	Error@5 1.953 (2.283)
Epoch: [5][153/196]	Time 0.541 (0.541)	Data 0.063 (0.064)	Loss 0.8226 (0.8529)	Error@1 28.125 (30.007)	Error@5 3.125 (2.154)
Test: [0/40]	Time 0.533 (0.533)	Loss 0.8579 (0.8579)	Error@1 30.469 (30.469)	Error@5 3.125 (3.125)
 * Error@1 28.390 Error@5 2.520
Epoch 6:
Learning rate is 0.34285714285714286
Epoch: [6][0/196]	Time 0.478 (0.478)	Data 0.088 (0.088)	Loss 0.8175 (0.8175)	Error@1 28.906 (28.906)	Error@5 1.953 (1.953)
Epoch: [6][51/196]	Time 0.541 (0.540)	Data 0.064 (0.064)	Loss 0.8302 (0.8153)	Error@1 29.297 (28.613)	Error@5 2.344 (1.983)
Epoch: [6][102/196]	Time 0.542 (0.540)	Data 0.063 (0.064)	Loss 0.7636 (0.8050)	Error@1 27.734 (28.311)	Error@5 1.562 (2.029)
Epoch: [6][153/196]	Time 0.541 (0.541)	Data 0.063 (0.064)	Loss 0.6284 (0.7935)	Error@1 25.781 (27.975)	Error@5 1.562 (1.978)
Test: [0/40]	Time 0.533 (0.533)	Loss 0.7789 (0.7789)	Error@1 23.438 (23.438)	Error@5 1.562 (1.562)
 * Error@1 28.110 Error@5 1.850
Epoch 7:
Learning rate is 0.4
Epoch: [7][0/196]	Time 0.481 (0.481)	Data 0.091 (0.091)	Loss 0.8266 (0.8266)	Error@1 29.297 (29.297)	Error@5 2.734 (2.734)
Epoch: [7][51/196]	Time 0.541 (0.540)	Data 0.063 (0.065)	Loss 0.7735 (0.7634)	Error@1 25.781 (26.495)	Error@5 1.953 (1.810)
Epoch: [7][102/196]	Time 0.541 (0.541)	Data 0.064 (0.064)	Loss 0.6927 (0.7567)	Error@1 23.828 (26.418)	Error@5 1.562 (1.752)
Epoch: [7][153/196]	Time 0.541 (0.541)	Data 0.066 (0.064)	Loss 0.7285 (0.7457)	Error@1 25.391 (26.027)	Error@5 1.562 (1.745)
Test: [0/40]	Time 0.532 (0.532)	Loss 0.6468 (0.6468)	Error@1 23.047 (23.047)	Error@5 0.781 (0.781)
 * Error@1 24.000 Error@5 1.460
Epoch 8:
Learning rate is 0.35714285714285715
Epoch: [8][0/196]	Time 0.496 (0.496)	Data 0.106 (0.106)	Loss 0.7005 (0.7005)	Error@1 25.000 (25.000)	Error@5 0.781 (0.781)
Epoch: [8][51/196]	Time 0.542 (0.540)	Data 0.063 (0.065)	Loss 0.7035 (0.6756)	Error@1 25.000 (23.422)	Error@5 1.172 (1.405)
Epoch: [8][102/196]	Time 0.539 (0.541)	Data 0.066 (0.064)	Loss 0.6227 (0.6745)	Error@1 21.094 (23.544)	Error@5 1.172 (1.434)
Epoch: [8][153/196]	Time 0.542 (0.541)	Data 0.064 (0.064)	Loss 0.4863 (0.6581)	Error@1 15.625 (22.915)	Error@5 0.391 (1.380)
Test: [0/40]	Time 0.532 (0.532)	Loss 0.5780 (0.5780)	Error@1 18.750 (18.750)	Error@5 1.562 (1.562)
 * Error@1 22.440 Error@5 1.140
Epoch 9:
Learning rate is 0.3142857142857143
Epoch: [9][0/196]	Time 0.498 (0.498)	Data 0.107 (0.107)	Loss 0.6924 (0.6924)	Error@1 27.344 (27.344)	Error@5 0.781 (0.781)
Epoch: [9][51/196]	Time 0.542 (0.540)	Data 0.063 (0.065)	Loss 0.5313 (0.6149)	Error@1 18.359 (21.462)	Error@5 0.781 (1.142)
Epoch: [9][102/196]	Time 0.542 (0.541)	Data 0.064 (0.065)	Loss 0.5731 (0.6108)	Error@1 22.266 (21.257)	Error@5 1.562 (1.066)
Epoch: [9][153/196]	Time 0.541 (0.541)	Data 0.063 (0.064)	Loss 0.7381 (0.6084)	Error@1 27.734 (21.213)	Error@5 0.391 (1.108)
Test: [0/40]	Time 0.533 (0.533)	Loss 0.5110 (0.5110)	Error@1 15.625 (15.625)	Error@5 1.562 (1.562)
 * Error@1 18.270 Error@5 0.810
Epoch 10:
Learning rate is 0.27142857142857146
Epoch: [10][0/196]	Time 0.493 (0.493)	Data 0.103 (0.103)	Loss 0.5234 (0.5234)	Error@1 18.750 (18.750)	Error@5 0.391 (0.391)
Epoch: [10][51/196]	Time 0.541 (0.540)	Data 0.063 (0.065)	Loss 0.5445 (0.5622)	Error@1 19.141 (19.261)	Error@5 0.781 (0.984)
Epoch: [10][102/196]	Time 0.541 (0.541)	Data 0.063 (0.064)	Loss 0.5016 (0.5439)	Error@1 16.016 (18.723)	Error@5 0.391 (0.929)
Epoch: [10][153/196]	Time 0.541 (0.541)	Data 0.063 (0.064)	Loss 0.5468 (0.5458)	Error@1 19.531 (18.905)	Error@5 0.781 (0.931)
Test: [0/40]	Time 0.533 (0.533)	Loss 0.5429 (0.5429)	Error@1 16.797 (16.797)	Error@5 1.562 (1.562)
 * Error@1 18.220 Error@5 1.110
Epoch 11:
Learning rate is 0.22857142857142856
Epoch: [11][0/196]	Time 0.496 (0.496)	Data 0.106 (0.106)	Loss 0.5184 (0.5184)	Error@1 16.406 (16.406)	Error@5 1.562 (1.562)
Epoch: [11][51/196]	Time 0.541 (0.540)	Data 0.064 (0.065)	Loss 0.4948 (0.5142)	Error@1 15.234 (18.157)	Error@5 0.391 (0.781)
Epoch: [11][102/196]	Time 0.542 (0.541)	Data 0.064 (0.065)	Loss 0.4510 (0.5026)	Error@1 13.672 (17.597)	Error@5 0.781 (0.751)
Epoch: [11][153/196]	Time 0.541 (0.541)	Data 0.064 (0.065)	Loss 0.6116 (0.5058)	Error@1 21.094 (17.713)	Error@5 1.172 (0.731)
Test: [0/40]	Time 0.532 (0.532)	Loss 0.4529 (0.4529)	Error@1 15.625 (15.625)	Error@5 0.391 (0.391)
 * Error@1 15.980 Error@5 0.680
Epoch 12:
Learning rate is 0.1857142857142857
Epoch: [12][0/196]	Time 0.494 (0.494)	Data 0.104 (0.104)	Loss 0.5116 (0.5116)	Error@1 16.797 (16.797)	Error@5 0.391 (0.391)
Epoch: [12][51/196]	Time 0.541 (0.540)	Data 0.063 (0.065)	Loss 0.4665 (0.4757)	Error@1 17.188 (16.669)	Error@5 0.781 (0.691)
Epoch: [12][102/196]	Time 0.540 (0.541)	Data 0.063 (0.064)	Loss 0.3853 (0.4670)	Error@1 14.062 (16.414)	Error@5 0.391 (0.645)
Epoch: [12][153/196]	Time 0.540 (0.541)	Data 0.063 (0.064)	Loss 0.4685 (0.4644)	Error@1 18.750 (16.386)	Error@5 0.781 (0.662)
Test: [0/40]	Time 0.531 (0.531)	Loss 0.4255 (0.4255)	Error@1 14.453 (14.453)	Error@5 1.172 (1.172)
 * Error@1 14.830 Error@5 0.520
Epoch 13:
Learning rate is 0.14285714285714285
Epoch: [13][0/196]	Time 0.492 (0.492)	Data 0.102 (0.102)	Loss 0.5005 (0.5005)	Error@1 16.797 (16.797)	Error@5 0.000 (0.000)
Epoch: [13][51/196]	Time 0.541 (0.540)	Data 0.063 (0.065)	Loss 0.4660 (0.4250)	Error@1 16.797 (14.746)	Error@5 1.172 (0.593)
Epoch: [13][102/196]	Time 0.541 (0.540)	Data 0.063 (0.064)	Loss 0.4104 (0.4274)	Error@1 12.891 (14.870)	Error@5 1.172 (0.539)
Epoch: [13][153/196]	Time 0.540 (0.541)	Data 0.063 (0.064)	Loss 0.4926 (0.4207)	Error@1 17.578 (14.532)	Error@5 0.781 (0.576)
Test: [0/40]	Time 0.534 (0.534)	Loss 0.3201 (0.3201)	Error@1 12.109 (12.109)	Error@5 0.000 (0.000)
 * Error@1 12.590 Error@5 0.370
Epoch 14:
Learning rate is 0.1
Epoch: [14][0/196]	Time 0.478 (0.478)	Data 0.086 (0.086)	Loss 0.4135 (0.4135)	Error@1 13.672 (13.672)	Error@5 0.781 (0.781)
Epoch: [14][51/196]	Time 0.541 (0.540)	Data 0.063 (0.064)	Loss 0.3741 (0.3864)	Error@1 13.281 (13.462)	Error@5 0.000 (0.488)
Epoch: [14][102/196]	Time 0.542 (0.540)	Data 0.063 (0.064)	Loss 0.3871 (0.3853)	Error@1 14.062 (13.406)	Error@5 0.391 (0.508)
Epoch: [14][153/196]	Time 0.541 (0.541)	Data 0.063 (0.064)	Loss 0.3256 (0.3827)	Error@1 10.938 (13.294)	Error@5 0.391 (0.495)
Test: [0/40]	Time 0.532 (0.532)	Loss 0.2982 (0.2982)	Error@1 10.547 (10.547)	Error@5 0.391 (0.391)
 * Error@1 12.520 Error@5 0.370
Epoch 15:
Learning rate is 0.08585714285714287
Epoch: [15][0/196]	Time 0.492 (0.492)	Data 0.102 (0.102)	Loss 0.3591 (0.3591)	Error@1 13.672 (13.672)	Error@5 0.391 (0.391)
Epoch: [15][51/196]	Time 0.541 (0.540)	Data 0.064 (0.065)	Loss 0.3858 (0.3564)	Error@1 12.891 (12.290)	Error@5 0.781 (0.398)
Epoch: [15][102/196]	Time 0.539 (0.541)	Data 0.064 (0.064)	Loss 0.3667 (0.3635)	Error@1 12.891 (12.686)	Error@5 0.781 (0.375)
Epoch: [15][153/196]	Time 0.551 (0.541)	Data 0.063 (0.064)	Loss 0.3545 (0.3625)	Error@1 12.500 (12.680)	Error@5 1.172 (0.416)
Test: [0/40]	Time 0.532 (0.532)	Loss 0.3003 (0.3003)	Error@1 11.719 (11.719)	Error@5 0.391 (0.391)
 * Error@1 11.160 Error@5 0.380
Epoch 16:
Learning rate is 0.07171428571428572
Epoch: [16][0/196]	Time 0.480 (0.480)	Data 0.090 (0.090)	Loss 0.3689 (0.3689)	Error@1 11.719 (11.719)	Error@5 0.391 (0.391)
Epoch: [16][51/196]	Time 0.541 (0.540)	Data 0.063 (0.065)	Loss 0.2906 (0.3303)	Error@1 11.328 (11.831)	Error@5 0.391 (0.406)
Epoch: [16][102/196]	Time 0.542 (0.540)	Data 0.063 (0.064)	Loss 0.4770 (0.3343)	Error@1 17.578 (11.685)	Error@5 0.391 (0.413)
Epoch: [16][153/196]	Time 0.541 (0.541)	Data 0.063 (0.064)	Loss 0.3225 (0.3327)	Error@1 11.719 (11.617)	Error@5 0.000 (0.375)
Test: [0/40]	Time 0.531 (0.531)	Loss 0.3173 (0.3173)	Error@1 10.938 (10.938)	Error@5 0.391 (0.391)
 * Error@1 10.180 Error@5 0.200
Epoch 17:
Learning rate is 0.05757142857142858
Epoch: [17][0/196]	Time 0.487 (0.487)	Data 0.097 (0.097)	Loss 0.2587 (0.2587)	Error@1 9.375 (9.375)	Error@5 0.000 (0.000)
Epoch: [17][51/196]	Time 0.541 (0.540)	Data 0.064 (0.064)	Loss 0.3006 (0.3104)	Error@1 9.766 (10.832)	Error@5 0.781 (0.285)
Epoch: [17][102/196]	Time 0.541 (0.540)	Data 0.063 (0.064)	Loss 0.2586 (0.3062)	Error@1 8.203 (10.846)	Error@5 0.000 (0.262)
Epoch: [17][153/196]	Time 0.541 (0.541)	Data 0.064 (0.064)	Loss 0.3184 (0.3092)	Error@1 11.719 (10.970)	Error@5 0.391 (0.274)
Test: [0/40]	Time 0.533 (0.533)	Loss 0.2813 (0.2813)	Error@1 9.766 (9.766)	Error@5 0.391 (0.391)
 * Error@1 9.580 Error@5 0.210
Epoch 18:
Learning rate is 0.043428571428571434
Epoch: [18][0/196]	Time 0.498 (0.498)	Data 0.108 (0.108)	Loss 0.2711 (0.2711)	Error@1 9.375 (9.375)	Error@5 0.000 (0.000)
Epoch: [18][51/196]	Time 0.541 (0.540)	Data 0.063 (0.065)	Loss 0.3171 (0.3021)	Error@1 11.719 (10.532)	Error@5 0.391 (0.278)
Epoch: [18][102/196]	Time 0.541 (0.541)	Data 0.077 (0.065)	Loss 0.2231 (0.2947)	Error@1 7.812 (10.164)	Error@5 0.391 (0.258)
Epoch: [18][153/196]	Time 0.541 (0.541)	Data 0.066 (0.064)	Loss 0.2158 (0.2940)	Error@1 7.031 (10.222)	Error@5 0.781 (0.269)
Test: [0/40]	Time 0.532 (0.532)	Loss 0.2231 (0.2231)	Error@1 6.250 (6.250)	Error@5 0.391 (0.391)
 * Error@1 8.850 Error@5 0.210
Epoch 19:
Learning rate is 0.02928571428571429
Epoch: [19][0/196]	Time 0.493 (0.493)	Data 0.104 (0.104)	Loss 0.2384 (0.2384)	Error@1 10.156 (10.156)	Error@5 0.000 (0.000)
Epoch: [19][51/196]	Time 0.542 (0.540)	Data 0.063 (0.064)	Loss 0.2936 (0.2715)	Error@1 10.938 (9.630)	Error@5 0.000 (0.180)
Epoch: [19][102/196]	Time 0.540 (0.540)	Data 0.063 (0.064)	Loss 0.2760 (0.2755)	Error@1 8.984 (9.690)	Error@5 0.781 (0.231)
Epoch: [19][153/196]	Time 0.542 (0.541)	Data 0.063 (0.064)	Loss 0.2628 (0.2738)	Error@1 9.766 (9.613)	Error@5 0.391 (0.231)
Test: [0/40]	Time 0.532 (0.532)	Loss 0.3452 (0.3452)	Error@1 11.719 (11.719)	Error@5 0.391 (0.391)
 * Error@1 8.820 Error@5 0.250
Epoch 20:
Learning rate is 0.015142857142857152
Epoch: [20][0/196]	Time 0.485 (0.485)	Data 0.095 (0.095)	Loss 0.2974 (0.2974)	Error@1 10.547 (10.547)	Error@5 0.000 (0.000)
Epoch: [20][51/196]	Time 0.542 (0.540)	Data 0.063 (0.064)	Loss 0.2405 (0.2552)	Error@1 8.203 (9.037)	Error@5 0.000 (0.188)
Epoch: [20][102/196]	Time 0.541 (0.541)	Data 0.065 (0.064)	Loss 0.2987 (0.2541)	Error@1 8.984 (8.882)	Error@5 0.781 (0.174)
Epoch: [20][153/196]	Time 0.542 (0.541)	Data 0.066 (0.064)	Loss 0.3056 (0.2535)	Error@1 10.938 (8.921)	Error@5 0.781 (0.172)
Test: [0/40]	Time 0.533 (0.533)	Loss 0.2199 (0.2199)	Error@1 8.203 (8.203)	Error@5 0.000 (0.000)
 * Error@1 8.270 Error@5 0.230
Epoch 21:
Learning rate is 0.001
Epoch: [21][0/196]	Time 0.493 (0.493)	Data 0.102 (0.102)	Loss 0.3398 (0.3398)	Error@1 11.328 (11.328)	Error@5 0.000 (0.000)
Epoch: [21][51/196]	Time 0.541 (0.540)	Data 0.065 (0.065)	Loss 0.2396 (0.2434)	Error@1 7.812 (8.676)	Error@5 0.000 (0.188)
Epoch: [21][102/196]	Time 0.542 (0.541)	Data 0.064 (0.064)	Loss 0.2583 (0.2476)	Error@1 10.156 (8.704)	Error@5 0.391 (0.201)
Epoch: [21][153/196]	Time 0.542 (0.541)	Data 0.065 (0.064)	Loss 0.2533 (0.2425)	Error@1 7.422 (8.510)	Error@5 0.000 (0.195)
Test: [0/40]	Time 0.533 (0.533)	Loss 0.2335 (0.2335)	Error@1 6.641 (6.641)	Error@5 0.391 (0.391)
 * Error@1 8.190 Error@5 0.240
Epoch 22:
Learning rate is 0.0008888888888888889
Epoch: [22][0/196]	Time 0.488 (0.488)	Data 0.098 (0.098)	Loss 0.2623 (0.2623)	Error@1 9.766 (9.766)	Error@5 0.000 (0.000)
Epoch: [22][51/196]	Time 0.541 (0.540)	Data 0.063 (0.065)	Loss 0.2755 (0.2449)	Error@1 8.203 (8.549)	Error@5 0.391 (0.233)
Epoch: [22][102/196]	Time 0.541 (0.541)	Data 0.063 (0.064)	Loss 0.2245 (0.2422)	Error@1 8.203 (8.503)	Error@5 0.000 (0.216)
Epoch: [22][153/196]	Time 0.541 (0.541)	Data 0.064 (0.064)	Loss 0.1833 (0.2420)	Error@1 5.078 (8.469)	Error@5 0.391 (0.216)
Test: [0/40]	Time 0.532 (0.532)	Loss 0.3186 (0.3186)	Error@1 8.203 (8.203)	Error@5 1.172 (1.172)
 * Error@1 8.200 Error@5 0.230
Epoch 23:
Learning rate is 0.0007777777777777778
Epoch: [23][0/196]	Time 0.492 (0.492)	Data 0.102 (0.102)	Loss 0.2962 (0.2962)	Error@1 10.938 (10.938)	Error@5 0.391 (0.391)
Epoch: [23][51/196]	Time 0.541 (0.540)	Data 0.066 (0.065)	Loss 0.2659 (0.2476)	Error@1 9.375 (8.534)	Error@5 0.000 (0.120)
Epoch: [23][102/196]	Time 0.544 (0.541)	Data 0.066 (0.064)	Loss 0.2425 (0.2392)	Error@1 7.422 (8.378)	Error@5 0.391 (0.133)
Epoch: [23][153/196]	Time 0.541 (0.541)	Data 0.065 (0.064)	Loss 0.2632 (0.2369)	Error@1 8.203 (8.256)	Error@5 0.391 (0.137)
Test: [0/40]	Time 0.533 (0.533)	Loss 0.3017 (0.3017)	Error@1 10.156 (10.156)	Error@5 0.000 (0.000)
 * Error@1 8.180 Error@5 0.220
Epoch 24:
Learning rate is 0.0006666666666666666
Epoch: [24][0/196]	Time 0.514 (0.514)	Data 0.124 (0.124)	Loss 0.2393 (0.2393)	Error@1 8.984 (8.984)	Error@5 0.000 (0.000)
Epoch: [24][51/196]	Time 0.542 (0.541)	Data 0.069 (0.066)	Loss 0.2560 (0.2525)	Error@1 10.547 (9.014)	Error@5 0.781 (0.165)
Epoch: [24][102/196]	Time 0.541 (0.541)	Data 0.065 (0.065)	Loss 0.2285 (0.2423)	Error@1 8.984 (8.469)	Error@5 0.000 (0.193)
Epoch: [24][153/196]	Time 0.541 (0.541)	Data 0.066 (0.064)	Loss 0.2635 (0.2398)	Error@1 9.766 (8.475)	Error@5 0.391 (0.180)
Test: [0/40]	Time 0.533 (0.533)	Loss 0.3231 (0.3231)	Error@1 12.500 (12.500)	Error@5 1.172 (1.172)
 * Error@1 8.140 Error@5 0.240
Epoch 25:
Learning rate is 0.0005555555555555556
Epoch: [25][0/196]	Time 0.491 (0.491)	Data 0.101 (0.101)	Loss 0.2171 (0.2171)	Error@1 6.641 (6.641)	Error@5 0.000 (0.000)
Epoch: [25][51/196]	Time 0.541 (0.540)	Data 0.063 (0.065)	Loss 0.2239 (0.2422)	Error@1 8.203 (8.624)	Error@5 0.000 (0.158)
Epoch: [25][102/196]	Time 0.540 (0.541)	Data 0.063 (0.065)	Loss 0.2465 (0.2420)	Error@1 8.203 (8.601)	Error@5 0.000 (0.167)
Epoch: [25][153/196]	Time 0.542 (0.541)	Data 0.063 (0.064)	Loss 0.2638 (0.2381)	Error@1 8.984 (8.414)	Error@5 0.000 (0.160)
Test: [0/40]	Time 0.533 (0.533)	Loss 0.1894 (0.1894)	Error@1 6.250 (6.250)	Error@5 0.781 (0.781)
 * Error@1 8.190 Error@5 0.250
Epoch 26:
Learning rate is 0.00044444444444444447
Epoch: [26][0/196]	Time 0.486 (0.486)	Data 0.096 (0.096)	Loss 0.2598 (0.2598)	Error@1 9.766 (9.766)	Error@5 0.391 (0.391)
Epoch: [26][51/196]	Time 0.540 (0.540)	Data 0.063 (0.064)	Loss 0.2276 (0.2444)	Error@1 8.203 (8.691)	Error@5 0.000 (0.180)
Epoch: [26][102/196]	Time 0.542 (0.541)	Data 0.066 (0.064)	Loss 0.2089 (0.2414)	Error@1 7.422 (8.586)	Error@5 0.391 (0.163)
Epoch: [26][153/196]	Time 0.541 (0.541)	Data 0.063 (0.064)	Loss 0.2006 (0.2400)	Error@1 7.031 (8.409)	Error@5 0.000 (0.175)
Test: [0/40]	Time 0.533 (0.533)	Loss 0.3065 (0.3065)	Error@1 10.938 (10.938)	Error@5 0.391 (0.391)
 * Error@1 8.150 Error@5 0.220
Epoch 27:
Learning rate is 0.00033333333333333327
Epoch: [27][0/196]	Time 0.497 (0.497)	Data 0.107 (0.107)	Loss 0.1801 (0.1801)	Error@1 6.250 (6.250)	Error@5 0.000 (0.000)
Epoch: [27][51/196]	Time 0.541 (0.540)	Data 0.064 (0.065)	Loss 0.2004 (0.2290)	Error@1 7.031 (8.015)	Error@5 0.000 (0.240)
Epoch: [27][102/196]	Time 0.541 (0.541)	Data 0.064 (0.065)	Loss 0.2141 (0.2283)	Error@1 5.859 (7.976)	Error@5 0.391 (0.212)
Epoch: [27][153/196]	Time 0.541 (0.541)	Data 0.064 (0.064)	Loss 0.3912 (0.2318)	Error@1 14.062 (8.089)	Error@5 0.781 (0.175)
Test: [0/40]	Time 0.532 (0.532)	Loss 0.2859 (0.2859)	Error@1 8.984 (8.984)	Error@5 0.391 (0.391)
 * Error@1 8.130 Error@5 0.220
Epoch 28:
Learning rate is 0.00022222222222222218
Epoch: [28][0/196]	Time 0.474 (0.474)	Data 0.084 (0.084)	Loss 0.1446 (0.1446)	Error@1 4.688 (4.688)	Error@5 0.000 (0.000)
Epoch: [28][51/196]	Time 0.541 (0.540)	Data 0.063 (0.064)	Loss 0.3162 (0.2327)	Error@1 11.328 (8.263)	Error@5 0.781 (0.180)
Epoch: [28][102/196]	Time 0.541 (0.540)	Data 0.064 (0.064)	Loss 0.2159 (0.2336)	Error@1 7.422 (8.188)	Error@5 0.781 (0.159)
Epoch: [28][153/196]	Time 0.541 (0.541)	Data 0.063 (0.064)	Loss 0.2442 (0.2331)	Error@1 7.422 (8.216)	Error@5 0.000 (0.134)
Test: [0/40]	Time 0.532 (0.532)	Loss 0.3430 (0.3430)	Error@1 10.547 (10.547)	Error@5 0.000 (0.000)
 * Error@1 8.100 Error@5 0.190
Epoch 29:
Learning rate is 0.00011111111111111109
Epoch: [29][0/196]	Time 0.486 (0.486)	Data 0.097 (0.097)	Loss 0.2365 (0.2365)	Error@1 8.984 (8.984)	Error@5 0.391 (0.391)
Epoch: [29][51/196]	Time 0.540 (0.540)	Data 0.063 (0.065)	Loss 0.2223 (0.2343)	Error@1 9.375 (8.241)	Error@5 0.000 (0.120)
Epoch: [29][102/196]	Time 0.541 (0.541)	Data 0.063 (0.064)	Loss 0.2363 (0.2377)	Error@1 8.594 (8.393)	Error@5 0.000 (0.148)
Epoch: [29][153/196]	Time 0.539 (0.541)	Data 0.063 (0.064)	Loss 0.2135 (0.2390)	Error@1 5.859 (8.401)	Error@5 0.000 (0.160)
Test: [0/40]	Time 0.532 (0.532)	Loss 0.2309 (0.2309)	Error@1 8.594 (8.594)	Error@5 0.000 (0.000)
 * Error@1 8.180 Error@5 0.220
Epoch 30:
Learning rate is 0.0
Epoch: [30][0/196]	Time 0.489 (0.489)	Data 0.099 (0.099)	Loss 0.2508 (0.2508)	Error@1 9.375 (9.375)	Error@5 0.000 (0.000)
Epoch: [30][51/196]	Time 0.542 (0.540)	Data 0.066 (0.065)	Loss 0.1890 (0.2339)	Error@1 5.469 (7.933)	Error@5 0.000 (0.165)
Epoch: [30][102/196]	Time 0.540 (0.540)	Data 0.063 (0.065)	Loss 0.1913 (0.2337)	Error@1 5.469 (8.063)	Error@5 0.781 (0.163)
Epoch: [30][153/196]	Time 0.541 (0.541)	Data 0.063 (0.065)	Loss 0.2297 (0.2352)	Error@1 6.641 (8.155)	Error@5 0.391 (0.170)
Test: [0/40]	Time 0.533 (0.533)	Loss 0.1465 (0.1465)	Error@1 5.469 (5.469)	Error@5 0.000 (0.000)
 * Error@1 8.140 Error@5 0.220
