Tue Nov 13 22:39:24 2018       
+-----------------------------------------------------------------------------+
| NVIDIA-SMI 390.77                 Driver Version: 390.77                    |
|-------------------------------+----------------------+----------------------+
| GPU  Name        Persistence-M| Bus-Id        Disp.A | Volatile Uncorr. ECC |
| Fan  Temp  Perf  Pwr:Usage/Cap|         Memory-Usage | GPU-Util  Compute M. |
|===============================+======================+======================|
|   0  Tesla K40m          Off  | 00000000:04:00.0 Off |                    0 |
| N/A   26C    P8    20W / 235W |      0MiB / 11441MiB |      0%      Default |
+-------------------------------+----------------------+----------------------+
|   1  Tesla K40m          Off  | 00000000:82:00.0 Off |                    0 |
| N/A   24C    P8    19W / 235W |      0MiB / 11441MiB |      0%      Default |
+-------------------------------+----------------------+----------------------+
                                                                               
+-----------------------------------------------------------------------------+
| Processes:                                                       GPU Memory |
|  GPU       PID   Type   Process name                             Usage      |
|=============================================================================|
|  No running processes found                                                 |
+-----------------------------------------------------------------------------+
Waking up Bertie...
Bertie is going to help us train a ResNet on CIFAR-10...
Namespace(GPU='0,1', base_file='bbb', batch_size=256, learning_rate=0.1, no_epochs=40, print_freq=51, save_file='resnet', workers=0)
CUDA AVAILABLE
Using multiple GPUs
Files already downloaded and verified
Files already downloaded and verified
Files already downloaded and verified
Files already downloaded and verified
Epoch 1:
Learning rate is 0.05714285714285715
Epoch: [1][0/196]	Time 2.917 (2.917)	Data 0.067 (0.067)	Loss 2.3360 (2.3360)	Error@1 92.969 (92.969)	Error@5 50.000 (50.000)
Epoch: [1][51/196]	Time 0.541 (0.587)	Data 0.063 (0.064)	Loss 1.6630 (1.9245)	Error@1 61.328 (72.604)	Error@5 13.281 (18.870)
Epoch: [1][102/196]	Time 0.541 (0.564)	Data 0.063 (0.064)	Loss 1.5961 (1.8082)	Error@1 59.766 (67.578)	Error@5 9.375 (15.299)
Epoch: [1][153/196]	Time 0.541 (0.557)	Data 0.063 (0.064)	Loss 1.4714 (1.7205)	Error@1 55.469 (64.212)	Error@5 8.984 (13.241)
Test: [0/40]	Time 0.530 (0.530)	Loss 1.4724 (1.4724)	Error@1 53.906 (53.906)	Error@5 7.812 (7.812)
 * Error@1 49.270 Error@5 6.160
epoch time:  130.64796543121338
Epoch 2:
Learning rate is 0.1142857142857143
Epoch: [2][0/196]	Time 0.492 (0.492)	Data 0.103 (0.103)	Loss 1.4783 (1.4783)	Error@1 55.859 (55.859)	Error@5 7.812 (7.812)
Epoch: [2][51/196]	Time 0.541 (0.540)	Data 0.066 (0.065)	Loss 1.2757 (1.4857)	Error@1 46.094 (54.380)	Error@5 5.859 (8.196)
Epoch: [2][102/196]	Time 0.542 (0.540)	Data 0.063 (0.065)	Loss 1.2457 (1.4104)	Error@1 46.094 (51.627)	Error@5 5.078 (7.164)
Epoch: [2][153/196]	Time 0.541 (0.541)	Data 0.063 (0.065)	Loss 1.0629 (1.3572)	Error@1 37.891 (49.434)	Error@5 5.078 (6.600)
Test: [0/40]	Time 0.531 (0.531)	Loss 1.1069 (1.1069)	Error@1 36.719 (36.719)	Error@5 5.469 (5.469)
 * Error@1 37.880 Error@5 3.750
epoch time:  128.15149474143982
Epoch 3:
Learning rate is 0.17142857142857143
Epoch: [3][0/196]	Time 0.483 (0.483)	Data 0.093 (0.093)	Loss 1.0406 (1.0406)	Error@1 34.766 (34.766)	Error@5 4.297 (4.297)
Epoch: [3][51/196]	Time 0.541 (0.540)	Data 0.063 (0.065)	Loss 1.0556 (1.1907)	Error@1 38.281 (42.721)	Error@5 3.516 (4.868)
Epoch: [3][102/196]	Time 0.541 (0.540)	Data 0.063 (0.065)	Loss 1.0869 (1.1562)	Error@1 37.109 (41.349)	Error@5 5.078 (4.543)
Epoch: [3][153/196]	Time 0.543 (0.541)	Data 0.066 (0.065)	Loss 1.2004 (1.1255)	Error@1 43.359 (40.194)	Error@5 5.078 (4.396)
Test: [0/40]	Time 0.533 (0.533)	Loss 1.0895 (1.0895)	Error@1 31.641 (31.641)	Error@5 3.906 (3.906)
 * Error@1 34.440 Error@5 3.240
epoch time:  128.14130115509033
Epoch 4:
Learning rate is 0.2285714285714286
Epoch: [4][0/196]	Time 0.489 (0.489)	Data 0.099 (0.099)	Loss 0.9277 (0.9277)	Error@1 31.250 (31.250)	Error@5 2.734 (2.734)
Epoch: [4][51/196]	Time 0.540 (0.540)	Data 0.066 (0.066)	Loss 1.0211 (1.0181)	Error@1 36.328 (35.682)	Error@5 4.297 (3.238)
Epoch: [4][102/196]	Time 0.541 (0.541)	Data 0.066 (0.066)	Loss 1.0214 (0.9942)	Error@1 35.938 (35.228)	Error@5 3.125 (3.049)
Epoch: [4][153/196]	Time 0.542 (0.541)	Data 0.067 (0.066)	Loss 1.0196 (0.9747)	Error@1 36.719 (34.659)	Error@5 3.906 (2.991)
Test: [0/40]	Time 0.533 (0.533)	Loss 0.9950 (0.9950)	Error@1 33.203 (33.203)	Error@5 2.734 (2.734)
 * Error@1 32.530 Error@5 3.310
epoch time:  128.17579174041748
Epoch 5:
Learning rate is 0.28571428571428575
Epoch: [5][0/196]	Time 0.488 (0.488)	Data 0.099 (0.099)	Loss 0.9073 (0.9073)	Error@1 32.812 (32.812)	Error@5 1.953 (1.953)
Epoch: [5][51/196]	Time 0.541 (0.540)	Data 0.063 (0.066)	Loss 0.8270 (0.8840)	Error@1 27.734 (31.130)	Error@5 1.562 (2.276)
Epoch: [5][102/196]	Time 0.544 (0.540)	Data 0.063 (0.065)	Loss 0.8340 (0.8706)	Error@1 31.641 (30.476)	Error@5 0.391 (2.298)
Epoch: [5][153/196]	Time 0.540 (0.541)	Data 0.064 (0.065)	Loss 0.9073 (0.8608)	Error@1 33.984 (30.233)	Error@5 3.125 (2.255)
Test: [0/40]	Time 0.532 (0.532)	Loss 0.6863 (0.6863)	Error@1 21.875 (21.875)	Error@5 1.172 (1.172)
 * Error@1 24.460 Error@5 1.640
epoch time:  128.14261841773987
Epoch 6:
Learning rate is 0.34285714285714286
Epoch: [6][0/196]	Time 0.494 (0.494)	Data 0.104 (0.104)	Loss 0.8746 (0.8746)	Error@1 28.516 (28.516)	Error@5 2.734 (2.734)
Epoch: [6][51/196]	Time 0.541 (0.540)	Data 0.064 (0.065)	Loss 0.8994 (0.8296)	Error@1 30.078 (28.884)	Error@5 4.688 (2.306)
Epoch: [6][102/196]	Time 0.541 (0.540)	Data 0.064 (0.065)	Loss 0.7379 (0.8193)	Error@1 23.438 (28.682)	Error@5 1.172 (2.120)
Epoch: [6][153/196]	Time 0.541 (0.541)	Data 0.064 (0.065)	Loss 0.8036 (0.8046)	Error@1 25.000 (28.138)	Error@5 2.344 (2.037)
Test: [0/40]	Time 0.532 (0.532)	Loss 0.7359 (0.7359)	Error@1 23.828 (23.828)	Error@5 1.172 (1.172)
 * Error@1 23.380 Error@5 1.350
epoch time:  128.17935180664062
Epoch 7:
Learning rate is 0.4
Epoch: [7][0/196]	Time 0.475 (0.475)	Data 0.084 (0.084)	Loss 0.7886 (0.7886)	Error@1 26.953 (26.953)	Error@5 2.734 (2.734)
Epoch: [7][51/196]	Time 0.542 (0.539)	Data 0.064 (0.065)	Loss 0.9211 (0.7801)	Error@1 32.422 (27.186)	Error@5 1.562 (1.795)
Epoch: [7][102/196]	Time 0.541 (0.540)	Data 0.063 (0.065)	Loss 0.7583 (0.7656)	Error@1 23.828 (26.525)	Error@5 1.562 (1.881)
Epoch: [7][153/196]	Time 0.539 (0.540)	Data 0.064 (0.065)	Loss 0.6440 (0.7525)	Error@1 21.875 (26.238)	Error@5 0.391 (1.773)
Test: [0/40]	Time 0.532 (0.532)	Loss 0.7253 (0.7253)	Error@1 23.828 (23.828)	Error@5 1.172 (1.172)
 * Error@1 25.170 Error@5 1.380
epoch time:  128.091299533844
Epoch 8:
Learning rate is 0.35714285714285715
Epoch: [8][0/196]	Time 0.494 (0.494)	Data 0.105 (0.105)	Loss 0.5957 (0.5957)	Error@1 22.656 (22.656)	Error@5 0.781 (0.781)
Epoch: [8][51/196]	Time 0.541 (0.540)	Data 0.063 (0.066)	Loss 0.7221 (0.6767)	Error@1 26.562 (24.008)	Error@5 1.562 (1.540)
Epoch: [8][102/196]	Time 0.541 (0.540)	Data 0.064 (0.066)	Loss 0.8092 (0.6710)	Error@1 26.562 (23.620)	Error@5 1.953 (1.551)
Epoch: [8][153/196]	Time 0.541 (0.541)	Data 0.065 (0.065)	Loss 0.6741 (0.6678)	Error@1 22.266 (23.384)	Error@5 1.172 (1.517)
Test: [0/40]	Time 0.533 (0.533)	Loss 0.4438 (0.4438)	Error@1 13.281 (13.281)	Error@5 0.391 (0.391)
 * Error@1 17.530 Error@5 0.720
epoch time:  128.1529085636139
Epoch 9:
Learning rate is 0.3142857142857143
Epoch: [9][0/196]	Time 0.489 (0.489)	Data 0.099 (0.099)	Loss 0.7027 (0.7027)	Error@1 26.953 (26.953)	Error@5 1.953 (1.953)
Epoch: [9][51/196]	Time 0.540 (0.540)	Data 0.068 (0.065)	Loss 0.5651 (0.6007)	Error@1 19.531 (21.184)	Error@5 1.172 (1.149)
Epoch: [9][102/196]	Time 0.541 (0.540)	Data 0.063 (0.065)	Loss 0.5292 (0.6041)	Error@1 17.969 (21.291)	Error@5 0.781 (1.168)
Epoch: [9][153/196]	Time 0.541 (0.541)	Data 0.063 (0.065)	Loss 0.6108 (0.6042)	Error@1 20.703 (21.205)	Error@5 2.344 (1.185)
Test: [0/40]	Time 0.533 (0.533)	Loss 0.5437 (0.5437)	Error@1 17.578 (17.578)	Error@5 1.172 (1.172)
 * Error@1 20.490 Error@5 1.460
epoch time:  128.12782335281372
Epoch 10:
Learning rate is 0.27142857142857146
Epoch: [10][0/196]	Time 0.497 (0.497)	Data 0.106 (0.106)	Loss 0.5247 (0.5247)	Error@1 18.359 (18.359)	Error@5 0.391 (0.391)
Epoch: [10][51/196]	Time 0.540 (0.540)	Data 0.067 (0.066)	Loss 0.5225 (0.5513)	Error@1 19.922 (19.606)	Error@5 0.781 (0.796)
Epoch: [10][102/196]	Time 0.540 (0.540)	Data 0.066 (0.065)	Loss 0.5254 (0.5523)	Error@1 17.969 (19.490)	Error@5 1.172 (0.903)
Epoch: [10][153/196]	Time 0.540 (0.541)	Data 0.064 (0.065)	Loss 0.6745 (0.5551)	Error@1 23.047 (19.519)	Error@5 1.953 (0.956)
Test: [0/40]	Time 0.531 (0.531)	Loss 0.4919 (0.4919)	Error@1 15.234 (15.234)	Error@5 0.781 (0.781)
 * Error@1 16.110 Error@5 0.660
epoch time:  128.11624264717102
Epoch 11:
Learning rate is 0.22857142857142856
Epoch: [11][0/196]	Time 0.481 (0.481)	Data 0.092 (0.092)	Loss 0.5263 (0.5263)	Error@1 19.531 (19.531)	Error@5 0.391 (0.391)
Epoch: [11][51/196]	Time 0.540 (0.540)	Data 0.063 (0.065)	Loss 0.4315 (0.5169)	Error@1 14.062 (18.224)	Error@5 0.781 (0.849)
Epoch: [11][102/196]	Time 0.540 (0.540)	Data 0.067 (0.065)	Loss 0.4844 (0.5141)	Error@1 13.672 (18.113)	Error@5 0.000 (0.850)
Epoch: [11][153/196]	Time 0.541 (0.540)	Data 0.064 (0.065)	Loss 0.4914 (0.5119)	Error@1 17.578 (18.126)	Error@5 0.781 (0.832)
Test: [0/40]	Time 0.532 (0.532)	Loss 0.4326 (0.4326)	Error@1 14.453 (14.453)	Error@5 0.391 (0.391)
 * Error@1 14.830 Error@5 0.630
epoch time:  128.08999705314636
Epoch 12:
Learning rate is 0.1857142857142857
Epoch: [12][0/196]	Time 0.494 (0.494)	Data 0.103 (0.103)	Loss 0.4816 (0.4816)	Error@1 17.578 (17.578)	Error@5 0.391 (0.391)
Epoch: [12][51/196]	Time 0.541 (0.540)	Data 0.066 (0.065)	Loss 0.5416 (0.4714)	Error@1 17.969 (16.369)	Error@5 1.172 (0.669)
Epoch: [12][102/196]	Time 0.540 (0.540)	Data 0.065 (0.065)	Loss 0.4423 (0.4657)	Error@1 13.281 (16.228)	Error@5 0.000 (0.667)
Epoch: [12][153/196]	Time 0.541 (0.540)	Data 0.066 (0.065)	Loss 0.5057 (0.4634)	Error@1 17.578 (16.031)	Error@5 0.781 (0.652)
Test: [0/40]	Time 0.533 (0.533)	Loss 0.4288 (0.4288)	Error@1 13.281 (13.281)	Error@5 0.391 (0.391)
 * Error@1 13.920 Error@5 0.460
epoch time:  128.10935735702515
Epoch 13:
Learning rate is 0.14285714285714285
Epoch: [13][0/196]	Time 0.496 (0.496)	Data 0.106 (0.106)	Loss 0.5021 (0.5021)	Error@1 21.094 (21.094)	Error@5 0.000 (0.000)
Epoch: [13][51/196]	Time 0.540 (0.540)	Data 0.063 (0.065)	Loss 0.4352 (0.4150)	Error@1 14.453 (14.611)	Error@5 0.781 (0.496)
Epoch: [13][102/196]	Time 0.539 (0.540)	Data 0.063 (0.065)	Loss 0.4145 (0.4166)	Error@1 14.453 (14.624)	Error@5 0.391 (0.493)
Epoch: [13][153/196]	Time 0.540 (0.540)	Data 0.063 (0.065)	Loss 0.4106 (0.4151)	Error@1 16.016 (14.588)	Error@5 0.391 (0.512)
Test: [0/40]	Time 0.533 (0.533)	Loss 0.4227 (0.4227)	Error@1 15.234 (15.234)	Error@5 0.000 (0.000)
 * Error@1 12.990 Error@5 0.460
epoch time:  128.1105773448944
Epoch 14:
Learning rate is 0.1
Epoch: [14][0/196]	Time 0.483 (0.483)	Data 0.094 (0.094)	Loss 0.3600 (0.3600)	Error@1 12.891 (12.891)	Error@5 0.781 (0.781)
Epoch: [14][51/196]	Time 0.541 (0.540)	Data 0.065 (0.066)	Loss 0.3812 (0.4010)	Error@1 12.109 (14.100)	Error@5 0.391 (0.511)
Epoch: [14][102/196]	Time 0.540 (0.540)	Data 0.063 (0.065)	Loss 0.3807 (0.3859)	Error@1 14.844 (13.672)	Error@5 0.000 (0.451)
Epoch: [14][153/196]	Time 0.540 (0.540)	Data 0.067 (0.065)	Loss 0.4117 (0.3781)	Error@1 10.938 (13.373)	Error@5 1.172 (0.459)
Test: [0/40]	Time 0.532 (0.532)	Loss 0.3856 (0.3856)	Error@1 12.891 (12.891)	Error@5 0.000 (0.000)
 * Error@1 13.060 Error@5 0.440
epoch time:  128.1068172454834
Epoch 15:
Learning rate is 0.08585714285714287
Epoch: [15][0/196]	Time 0.482 (0.482)	Data 0.092 (0.092)	Loss 0.3185 (0.3185)	Error@1 11.328 (11.328)	Error@5 0.000 (0.000)
Epoch: [15][51/196]	Time 0.539 (0.539)	Data 0.063 (0.065)	Loss 0.3120 (0.3526)	Error@1 10.938 (12.237)	Error@5 0.391 (0.338)
Epoch: [15][102/196]	Time 0.540 (0.540)	Data 0.063 (0.065)	Loss 0.4665 (0.3563)	Error@1 16.406 (12.375)	Error@5 0.000 (0.356)
Epoch: [15][153/196]	Time 0.550 (0.540)	Data 0.064 (0.065)	Loss 0.3079 (0.3557)	Error@1 9.766 (12.449)	Error@5 0.000 (0.378)
Test: [0/40]	Time 0.532 (0.532)	Loss 0.2700 (0.2700)	Error@1 9.375 (9.375)	Error@5 0.000 (0.000)
 * Error@1 10.690 Error@5 0.340
epoch time:  128.0626938343048
Epoch 16:
Learning rate is 0.07171428571428572
Epoch: [16][0/196]	Time 0.492 (0.492)	Data 0.103 (0.103)	Loss 0.3629 (0.3629)	Error@1 12.109 (12.109)	Error@5 0.000 (0.000)
Epoch: [16][51/196]	Time 0.541 (0.540)	Data 0.063 (0.065)	Loss 0.3373 (0.3269)	Error@1 12.500 (11.546)	Error@5 0.391 (0.308)
Epoch: [16][102/196]	Time 0.541 (0.540)	Data 0.064 (0.065)	Loss 0.2946 (0.3321)	Error@1 10.156 (11.685)	Error@5 0.391 (0.356)
Epoch: [16][153/196]	Time 0.540 (0.540)	Data 0.063 (0.065)	Loss 0.4214 (0.3309)	Error@1 13.281 (11.615)	Error@5 1.172 (0.332)
Test: [0/40]	Time 0.533 (0.533)	Loss 0.1933 (0.1933)	Error@1 8.203 (8.203)	Error@5 0.000 (0.000)
 * Error@1 9.470 Error@5 0.220
epoch time:  128.09266209602356
Epoch 17:
Learning rate is 0.05757142857142858
Epoch: [17][0/196]	Time 0.500 (0.500)	Data 0.110 (0.110)	Loss 0.2709 (0.2709)	Error@1 10.547 (10.547)	Error@5 0.000 (0.000)
Epoch: [17][51/196]	Time 0.540 (0.540)	Data 0.063 (0.066)	Loss 0.3452 (0.3061)	Error@1 12.500 (10.727)	Error@5 0.781 (0.323)
Epoch: [17][102/196]	Time 0.541 (0.540)	Data 0.065 (0.065)	Loss 0.2280 (0.3103)	Error@1 7.422 (10.877)	Error@5 0.000 (0.307)
Epoch: [17][153/196]	Time 0.540 (0.540)	Data 0.063 (0.065)	Loss 0.2995 (0.3119)	Error@1 10.547 (10.925)	Error@5 0.391 (0.317)
Test: [0/40]	Time 0.532 (0.532)	Loss 0.2726 (0.2726)	Error@1 9.766 (9.766)	Error@5 0.000 (0.000)
 * Error@1 9.790 Error@5 0.220
epoch time:  128.11903071403503
Epoch 18:
Learning rate is 0.043428571428571434
Epoch: [18][0/196]	Time 0.498 (0.498)	Data 0.108 (0.108)	Loss 0.2761 (0.2761)	Error@1 10.156 (10.156)	Error@5 0.391 (0.391)
Epoch: [18][51/196]	Time 0.542 (0.540)	Data 0.063 (0.066)	Loss 0.2763 (0.2985)	Error@1 9.375 (10.562)	Error@5 0.000 (0.195)
Epoch: [18][102/196]	Time 0.541 (0.540)	Data 0.064 (0.065)	Loss 0.3244 (0.2917)	Error@1 11.328 (10.217)	Error@5 0.781 (0.250)
Epoch: [18][153/196]	Time 0.541 (0.540)	Data 0.065 (0.065)	Loss 0.2574 (0.2923)	Error@1 10.547 (10.232)	Error@5 0.391 (0.251)
Test: [0/40]	Time 0.532 (0.532)	Loss 0.2233 (0.2233)	Error@1 6.641 (6.641)	Error@5 0.391 (0.391)
 * Error@1 9.190 Error@5 0.250
epoch time:  128.09023237228394
Epoch 19:
Learning rate is 0.02928571428571429
Epoch: [19][0/196]	Time 0.487 (0.487)	Data 0.097 (0.097)	Loss 0.3319 (0.3319)	Error@1 10.938 (10.938)	Error@5 0.000 (0.000)
Epoch: [19][51/196]	Time 0.540 (0.540)	Data 0.064 (0.065)	Loss 0.2427 (0.2689)	Error@1 8.594 (9.615)	Error@5 0.781 (0.210)
Epoch: [19][102/196]	Time 0.541 (0.540)	Data 0.063 (0.065)	Loss 0.2804 (0.2720)	Error@1 11.328 (9.694)	Error@5 0.000 (0.205)
Epoch: [19][153/196]	Time 0.541 (0.540)	Data 0.063 (0.065)	Loss 0.2360 (0.2677)	Error@1 8.984 (9.586)	Error@5 0.000 (0.185)
Test: [0/40]	Time 0.533 (0.533)	Loss 0.3173 (0.3173)	Error@1 8.594 (8.594)	Error@5 0.000 (0.000)
 * Error@1 8.650 Error@5 0.240
epoch time:  128.12982392311096
Epoch 20:
Learning rate is 0.015142857142857152
Epoch: [20][0/196]	Time 0.487 (0.487)	Data 0.098 (0.098)	Loss 0.2742 (0.2742)	Error@1 10.547 (10.547)	Error@5 0.000 (0.000)
Epoch: [20][51/196]	Time 0.539 (0.540)	Data 0.064 (0.065)	Loss 0.2544 (0.2509)	Error@1 9.766 (8.797)	Error@5 0.000 (0.225)
Epoch: [20][102/196]	Time 0.541 (0.540)	Data 0.065 (0.065)	Loss 0.2807 (0.2529)	Error@1 10.156 (8.909)	Error@5 0.391 (0.231)
Epoch: [20][153/196]	Time 0.540 (0.540)	Data 0.063 (0.065)	Loss 0.3033 (0.2486)	Error@1 11.719 (8.787)	Error@5 0.000 (0.195)
Test: [0/40]	Time 0.532 (0.532)	Loss 0.2357 (0.2357)	Error@1 7.812 (7.812)	Error@5 0.000 (0.000)
 * Error@1 8.240 Error@5 0.220
epoch time:  128.13955998420715
Epoch 21:
Learning rate is 0.001
Epoch: [21][0/196]	Time 0.491 (0.491)	Data 0.102 (0.102)	Loss 0.2563 (0.2563)	Error@1 10.156 (10.156)	Error@5 0.391 (0.391)
Epoch: [21][51/196]	Time 0.540 (0.540)	Data 0.063 (0.065)	Loss 0.2458 (0.2425)	Error@1 8.203 (8.721)	Error@5 0.000 (0.158)
Epoch: [21][102/196]	Time 0.541 (0.540)	Data 0.065 (0.065)	Loss 0.2485 (0.2424)	Error@1 8.203 (8.594)	Error@5 0.000 (0.182)
Epoch: [21][153/196]	Time 0.541 (0.540)	Data 0.063 (0.065)	Loss 0.2463 (0.2395)	Error@1 8.984 (8.381)	Error@5 0.781 (0.167)
Test: [0/40]	Time 0.532 (0.532)	Loss 0.1737 (0.1737)	Error@1 6.250 (6.250)	Error@5 0.000 (0.000)
 * Error@1 8.060 Error@5 0.230
epoch time:  128.127831697464
Epoch 22:
Learning rate is 0.0009
Epoch: [22][0/196]	Time 0.497 (0.497)	Data 0.107 (0.107)	Loss 0.2608 (0.2608)	Error@1 10.156 (10.156)	Error@5 0.391 (0.391)
Epoch: [22][51/196]	Time 0.541 (0.540)	Data 0.065 (0.066)	Loss 0.1614 (0.2308)	Error@1 4.688 (7.963)	Error@5 0.000 (0.180)
Epoch: [22][102/196]	Time 0.542 (0.540)	Data 0.063 (0.065)	Loss 0.1875 (0.2269)	Error@1 5.859 (7.904)	Error@5 0.000 (0.163)
Epoch: [22][153/196]	Time 0.540 (0.540)	Data 0.066 (0.065)	Loss 0.2341 (0.2293)	Error@1 7.422 (7.952)	Error@5 0.000 (0.160)
Test: [0/40]	Time 0.533 (0.533)	Loss 0.2164 (0.2164)	Error@1 8.203 (8.203)	Error@5 0.391 (0.391)
 * Error@1 7.900 Error@5 0.230
epoch time:  128.12433171272278
Epoch 23:
Learning rate is 0.0008
Epoch: [23][0/196]	Time 0.485 (0.485)	Data 0.095 (0.095)	Loss 0.3120 (0.3120)	Error@1 10.547 (10.547)	Error@5 0.391 (0.391)
Epoch: [23][51/196]	Time 0.541 (0.540)	Data 0.068 (0.065)	Loss 0.2963 (0.2257)	Error@1 10.938 (8.038)	Error@5 0.000 (0.135)
Epoch: [23][102/196]	Time 0.540 (0.540)	Data 0.065 (0.065)	Loss 0.2538 (0.2293)	Error@1 8.594 (8.203)	Error@5 0.000 (0.159)
Epoch: [23][153/196]	Time 0.541 (0.540)	Data 0.066 (0.065)	Loss 0.2045 (0.2331)	Error@1 6.641 (8.320)	Error@5 0.000 (0.175)
Test: [0/40]	Time 0.532 (0.532)	Loss 0.1990 (0.1990)	Error@1 5.859 (5.859)	Error@5 0.000 (0.000)
 * Error@1 7.840 Error@5 0.240
epoch time:  128.10242199897766
Epoch 24:
Learning rate is 0.0007000000000000001
Epoch: [24][0/196]	Time 0.493 (0.493)	Data 0.104 (0.104)	Loss 0.2316 (0.2316)	Error@1 7.812 (7.812)	Error@5 0.000 (0.000)
Epoch: [24][51/196]	Time 0.541 (0.540)	Data 0.063 (0.065)	Loss 0.2073 (0.2301)	Error@1 6.641 (8.098)	Error@5 0.391 (0.173)
Epoch: [24][102/196]	Time 0.541 (0.540)	Data 0.067 (0.065)	Loss 0.2117 (0.2313)	Error@1 7.422 (8.249)	Error@5 0.000 (0.174)
Epoch: [24][153/196]	Time 0.540 (0.540)	Data 0.063 (0.065)	Loss 0.2158 (0.2352)	Error@1 7.422 (8.363)	Error@5 0.391 (0.193)
Test: [0/40]	Time 0.531 (0.531)	Loss 0.2336 (0.2336)	Error@1 7.422 (7.422)	Error@5 0.391 (0.391)
 * Error@1 7.900 Error@5 0.240
epoch time:  128.10887026786804
Epoch 25:
Learning rate is 0.0006000000000000001
Epoch: [25][0/196]	Time 0.485 (0.485)	Data 0.095 (0.095)	Loss 0.2165 (0.2165)	Error@1 7.031 (7.031)	Error@5 0.000 (0.000)
Epoch: [25][51/196]	Time 0.540 (0.540)	Data 0.064 (0.065)	Loss 0.1408 (0.2217)	Error@1 5.078 (7.737)	Error@5 0.000 (0.195)
Epoch: [25][102/196]	Time 0.540 (0.540)	Data 0.066 (0.065)	Loss 0.1744 (0.2266)	Error@1 6.250 (8.051)	Error@5 0.391 (0.197)
Epoch: [25][153/196]	Time 0.541 (0.540)	Data 0.063 (0.065)	Loss 0.2509 (0.2303)	Error@1 7.031 (8.092)	Error@5 0.391 (0.195)
Test: [0/40]	Time 0.532 (0.532)	Loss 0.2113 (0.2113)	Error@1 6.641 (6.641)	Error@5 0.781 (0.781)
 * Error@1 7.880 Error@5 0.220
epoch time:  128.1199266910553
Epoch 26:
Learning rate is 0.0005
Epoch: [26][0/196]	Time 0.488 (0.488)	Data 0.097 (0.097)	Loss 0.2552 (0.2552)	Error@1 7.812 (7.812)	Error@5 0.000 (0.000)
Epoch: [26][51/196]	Time 0.541 (0.540)	Data 0.067 (0.065)	Loss 0.2277 (0.2270)	Error@1 7.422 (7.895)	Error@5 0.391 (0.128)
Epoch: [26][102/196]	Time 0.541 (0.540)	Data 0.064 (0.065)	Loss 0.1925 (0.2277)	Error@1 7.031 (7.968)	Error@5 0.000 (0.152)
Epoch: [26][153/196]	Time 0.541 (0.540)	Data 0.066 (0.065)	Loss 0.1712 (0.2282)	Error@1 5.859 (7.942)	Error@5 0.000 (0.165)
Test: [0/40]	Time 0.532 (0.532)	Loss 0.1937 (0.1937)	Error@1 7.812 (7.812)	Error@5 0.000 (0.000)
 * Error@1 7.910 Error@5 0.240
epoch time:  128.14301085472107
Epoch 27:
Learning rate is 0.0004000000000000001
Epoch: [27][0/196]	Time 0.457 (0.457)	Data 0.067 (0.067)	Loss 0.2327 (0.2327)	Error@1 9.766 (9.766)	Error@5 0.391 (0.391)
Epoch: [27][51/196]	Time 0.541 (0.539)	Data 0.063 (0.065)	Loss 0.2115 (0.2381)	Error@1 7.422 (8.421)	Error@5 0.000 (0.233)
Epoch: [27][102/196]	Time 0.541 (0.540)	Data 0.063 (0.065)	Loss 0.2283 (0.2321)	Error@1 8.594 (8.279)	Error@5 0.391 (0.182)
Epoch: [27][153/196]	Time 0.541 (0.540)	Data 0.064 (0.065)	Loss 0.2577 (0.2290)	Error@1 8.594 (8.152)	Error@5 0.391 (0.172)
Test: [0/40]	Time 0.533 (0.533)	Loss 0.2056 (0.2056)	Error@1 8.984 (8.984)	Error@5 0.000 (0.000)
 * Error@1 7.860 Error@5 0.240
epoch time:  128.10658621788025
Epoch 28:
Learning rate is 0.00030000000000000014
Epoch: [28][0/196]	Time 0.476 (0.476)	Data 0.086 (0.086)	Loss 0.1697 (0.1697)	Error@1 5.078 (5.078)	Error@5 0.000 (0.000)
Epoch: [28][51/196]	Time 0.540 (0.539)	Data 0.063 (0.065)	Loss 0.2869 (0.2247)	Error@1 9.766 (7.978)	Error@5 0.000 (0.188)
Epoch: [28][102/196]	Time 0.541 (0.540)	Data 0.064 (0.065)	Loss 0.2146 (0.2287)	Error@1 6.641 (8.150)	Error@5 0.000 (0.163)
Epoch: [28][153/196]	Time 0.540 (0.540)	Data 0.064 (0.065)	Loss 0.2304 (0.2295)	Error@1 8.984 (8.102)	Error@5 0.000 (0.167)
Test: [0/40]	Time 0.532 (0.532)	Loss 0.2071 (0.2071)	Error@1 7.422 (7.422)	Error@5 0.000 (0.000)
 * Error@1 7.790 Error@5 0.240
epoch time:  128.09750080108643
Epoch 29:
Learning rate is 0.0002000000000000001
Epoch: [29][0/196]	Time 0.499 (0.499)	Data 0.109 (0.109)	Loss 0.2164 (0.2164)	Error@1 6.641 (6.641)	Error@5 0.000 (0.000)
Epoch: [29][51/196]	Time 0.540 (0.540)	Data 0.064 (0.065)	Loss 0.2346 (0.2300)	Error@1 9.766 (8.075)	Error@5 0.391 (0.120)
Epoch: [29][102/196]	Time 0.541 (0.540)	Data 0.066 (0.065)	Loss 0.1958 (0.2296)	Error@1 5.859 (7.945)	Error@5 0.000 (0.144)
Epoch: [29][153/196]	Time 0.541 (0.540)	Data 0.063 (0.065)	Loss 0.2340 (0.2292)	Error@1 9.375 (8.048)	Error@5 0.391 (0.134)
Test: [0/40]	Time 0.532 (0.532)	Loss 0.2029 (0.2029)	Error@1 5.469 (5.469)	Error@5 0.000 (0.000)
 * Error@1 7.950 Error@5 0.240
epoch time:  128.11499214172363
Epoch 30:
Learning rate is 0.0001
Epoch: [30][0/196]	Time 0.486 (0.486)	Data 0.097 (0.097)	Loss 0.2062 (0.2062)	Error@1 7.812 (7.812)	Error@5 0.000 (0.000)
Epoch: [30][51/196]	Time 0.540 (0.540)	Data 0.063 (0.065)	Loss 0.2170 (0.2246)	Error@1 7.031 (7.970)	Error@5 0.000 (0.150)
Epoch: [30][102/196]	Time 0.541 (0.540)	Data 0.063 (0.065)	Loss 0.2502 (0.2245)	Error@1 8.594 (7.987)	Error@5 0.000 (0.140)
Epoch: [30][153/196]	Time 0.541 (0.540)	Data 0.064 (0.065)	Loss 0.2104 (0.2251)	Error@1 7.812 (8.005)	Error@5 0.391 (0.137)
Test: [0/40]	Time 0.532 (0.532)	Loss 0.2369 (0.2369)	Error@1 5.859 (5.859)	Error@5 0.391 (0.391)
 * Error@1 7.820 Error@5 0.230
epoch time:  128.09678196907043
Epoch 31:
Learning rate is 9e-05
Epoch: [31][0/196]	Time 0.491 (0.491)	Data 0.102 (0.102)	Loss 0.3301 (0.3301)	Error@1 10.938 (10.938)	Error@5 0.391 (0.391)
Epoch: [31][51/196]	Time 0.540 (0.540)	Data 0.064 (0.065)	Loss 0.2901 (0.2314)	Error@1 9.766 (8.075)	Error@5 0.391 (0.150)
Epoch: [31][102/196]	Time 0.541 (0.540)	Data 0.063 (0.065)	Loss 0.2095 (0.2314)	Error@1 8.594 (8.078)	Error@5 0.000 (0.159)
Epoch: [31][153/196]	Time 0.540 (0.540)	Data 0.063 (0.065)	Loss 0.2106 (0.2319)	Error@1 7.812 (8.076)	Error@5 0.391 (0.167)
Test: [0/40]	Time 0.532 (0.532)	Loss 0.2584 (0.2584)	Error@1 8.984 (8.984)	Error@5 0.391 (0.391)
 * Error@1 7.850 Error@5 0.210
epoch time:  128.10242891311646
Epoch 32:
Learning rate is 8e-05
Epoch: [32][0/196]	Time 0.489 (0.489)	Data 0.099 (0.099)	Loss 0.1676 (0.1676)	Error@1 5.469 (5.469)	Error@5 0.391 (0.391)
Epoch: [32][51/196]	Time 0.541 (0.540)	Data 0.063 (0.065)	Loss 0.1314 (0.2180)	Error@1 4.688 (7.527)	Error@5 0.000 (0.188)
Epoch: [32][102/196]	Time 0.540 (0.540)	Data 0.063 (0.065)	Loss 0.2100 (0.2258)	Error@1 8.984 (7.907)	Error@5 0.000 (0.209)
Epoch: [32][153/196]	Time 0.542 (0.540)	Data 0.063 (0.065)	Loss 0.2370 (0.2246)	Error@1 9.375 (7.853)	Error@5 0.391 (0.193)
Test: [0/40]	Time 0.531 (0.531)	Loss 0.3486 (0.3486)	Error@1 10.156 (10.156)	Error@5 0.000 (0.000)
 * Error@1 7.940 Error@5 0.220
epoch time:  128.1112322807312
Epoch 33:
Learning rate is 7e-05
Epoch: [33][0/196]	Time 0.490 (0.490)	Data 0.100 (0.100)	Loss 0.1645 (0.1645)	Error@1 5.469 (5.469)	Error@5 0.000 (0.000)
Epoch: [33][51/196]	Time 0.541 (0.540)	Data 0.064 (0.065)	Loss 0.2137 (0.2342)	Error@1 6.641 (8.053)	Error@5 0.391 (0.098)
Epoch: [33][102/196]	Time 0.540 (0.540)	Data 0.063 (0.065)	Loss 0.1823 (0.2313)	Error@1 5.859 (8.097)	Error@5 0.000 (0.125)
Epoch: [33][153/196]	Time 0.540 (0.540)	Data 0.063 (0.065)	Loss 0.1812 (0.2294)	Error@1 6.641 (7.942)	Error@5 0.000 (0.147)
Test: [0/40]	Time 0.532 (0.532)	Loss 0.2148 (0.2148)	Error@1 6.250 (6.250)	Error@5 0.000 (0.000)
 * Error@1 7.790 Error@5 0.240
epoch time:  128.13413405418396
Epoch 34:
Learning rate is 6e-05
Epoch: [34][0/196]	Time 0.493 (0.493)	Data 0.103 (0.103)	Loss 0.2091 (0.2091)	Error@1 8.984 (8.984)	Error@5 0.000 (0.000)
Epoch: [34][51/196]	Time 0.540 (0.540)	Data 0.064 (0.066)	Loss 0.2329 (0.2246)	Error@1 7.031 (7.933)	Error@5 0.391 (0.150)
Epoch: [34][102/196]	Time 0.540 (0.540)	Data 0.064 (0.065)	Loss 0.2093 (0.2279)	Error@1 8.594 (8.105)	Error@5 0.000 (0.137)
Epoch: [34][153/196]	Time 0.541 (0.540)	Data 0.064 (0.065)	Loss 0.3182 (0.2270)	Error@1 9.375 (8.102)	Error@5 0.391 (0.145)
Test: [0/40]	Time 0.532 (0.532)	Loss 0.2836 (0.2836)	Error@1 11.719 (11.719)	Error@5 0.781 (0.781)
 * Error@1 7.810 Error@5 0.240
epoch time:  128.1190779209137
Epoch 35:
Learning rate is 5e-05
Epoch: [35][0/196]	Time 0.494 (0.494)	Data 0.104 (0.104)	Loss 0.2317 (0.2317)	Error@1 6.250 (6.250)	Error@5 0.391 (0.391)
Epoch: [35][51/196]	Time 0.540 (0.540)	Data 0.064 (0.065)	Loss 0.2347 (0.2294)	Error@1 8.203 (7.978)	Error@5 0.391 (0.180)
Epoch: [35][102/196]	Time 0.540 (0.540)	Data 0.063 (0.065)	Loss 0.2858 (0.2260)	Error@1 10.156 (7.885)	Error@5 0.000 (0.174)
Epoch: [35][153/196]	Time 0.541 (0.540)	Data 0.067 (0.065)	Loss 0.2205 (0.2287)	Error@1 9.375 (8.003)	Error@5 0.000 (0.170)
Test: [0/40]	Time 0.533 (0.533)	Loss 0.2811 (0.2811)	Error@1 8.984 (8.984)	Error@5 0.391 (0.391)
 * Error@1 7.750 Error@5 0.230
epoch time:  128.13339853286743
Epoch 36:
Learning rate is 3.9999999999999996e-05
Epoch: [36][0/196]	Time 0.480 (0.480)	Data 0.090 (0.090)	Loss 0.2696 (0.2696)	Error@1 9.766 (9.766)	Error@5 0.391 (0.391)
Epoch: [36][51/196]	Time 0.541 (0.539)	Data 0.064 (0.065)	Loss 0.1832 (0.2278)	Error@1 7.422 (7.910)	Error@5 0.000 (0.143)
Epoch: [36][102/196]	Time 0.540 (0.540)	Data 0.065 (0.065)	Loss 0.2311 (0.2225)	Error@1 9.375 (7.809)	Error@5 0.000 (0.129)
Epoch: [36][153/196]	Time 0.540 (0.540)	Data 0.063 (0.065)	Loss 0.1642 (0.2274)	Error@1 5.859 (7.980)	Error@5 0.000 (0.140)
Test: [0/40]	Time 0.532 (0.532)	Loss 0.2195 (0.2195)	Error@1 8.984 (8.984)	Error@5 0.391 (0.391)
 * Error@1 7.780 Error@5 0.240
epoch time:  128.09380435943604
Epoch 37:
Learning rate is 2.9999999999999997e-05
Epoch: [37][0/196]	Time 0.494 (0.494)	Data 0.104 (0.104)	Loss 0.2570 (0.2570)	Error@1 7.031 (7.031)	Error@5 0.391 (0.391)
Epoch: [37][51/196]	Time 0.541 (0.540)	Data 0.063 (0.065)	Loss 0.2949 (0.2226)	Error@1 9.766 (7.745)	Error@5 0.000 (0.120)
Epoch: [37][102/196]	Time 0.541 (0.540)	Data 0.065 (0.065)	Loss 0.2685 (0.2252)	Error@1 9.766 (7.824)	Error@5 0.000 (0.167)
Epoch: [37][153/196]	Time 0.541 (0.540)	Data 0.064 (0.065)	Loss 0.2676 (0.2266)	Error@1 8.594 (7.901)	Error@5 0.000 (0.185)
Test: [0/40]	Time 0.532 (0.532)	Loss 0.2545 (0.2545)	Error@1 8.203 (8.203)	Error@5 0.781 (0.781)
 * Error@1 7.830 Error@5 0.240
epoch time:  128.12469029426575
Epoch 38:
Learning rate is 1.9999999999999998e-05
Epoch: [38][0/196]	Time 0.490 (0.490)	Data 0.100 (0.100)	Loss 0.2702 (0.2702)	Error@1 9.766 (9.766)	Error@5 0.391 (0.391)
Epoch: [38][51/196]	Time 0.541 (0.540)	Data 0.063 (0.065)	Loss 0.2517 (0.2280)	Error@1 8.203 (8.023)	Error@5 0.000 (0.233)
Epoch: [38][102/196]	Time 0.539 (0.540)	Data 0.063 (0.065)	Loss 0.2000 (0.2282)	Error@1 7.031 (8.048)	Error@5 0.000 (0.228)
Epoch: [38][153/196]	Time 0.541 (0.540)	Data 0.064 (0.065)	Loss 0.2280 (0.2256)	Error@1 8.594 (7.962)	Error@5 0.000 (0.208)
Test: [0/40]	Time 0.532 (0.532)	Loss 0.3005 (0.3005)	Error@1 8.984 (8.984)	Error@5 0.391 (0.391)
 * Error@1 7.820 Error@5 0.220
epoch time:  128.11794757843018
Epoch 39:
Learning rate is 9.999999999999999e-06
Epoch: [39][0/196]	Time 0.492 (0.492)	Data 0.103 (0.103)	Loss 0.1891 (0.1891)	Error@1 6.641 (6.641)	Error@5 0.000 (0.000)
Epoch: [39][51/196]	Time 0.541 (0.540)	Data 0.065 (0.065)	Loss 0.3182 (0.2294)	Error@1 11.328 (8.173)	Error@5 0.000 (0.113)
Epoch: [39][102/196]	Time 0.540 (0.540)	Data 0.066 (0.065)	Loss 0.2462 (0.2322)	Error@1 8.984 (8.290)	Error@5 0.391 (0.163)
Epoch: [39][153/196]	Time 0.541 (0.540)	Data 0.064 (0.065)	Loss 0.2667 (0.2314)	Error@1 10.938 (8.246)	Error@5 0.000 (0.157)
Test: [0/40]	Time 0.535 (0.535)	Loss 0.2098 (0.2098)	Error@1 7.812 (7.812)	Error@5 0.000 (0.000)
 * Error@1 7.930 Error@5 0.240
epoch time:  128.12406826019287
Epoch 40:
Learning rate is 0.0
Epoch: [40][0/196]	Time 0.482 (0.482)	Data 0.092 (0.092)	Loss 0.2375 (0.2375)	Error@1 8.594 (8.594)	Error@5 0.781 (0.781)
Epoch: [40][51/196]	Time 0.539 (0.540)	Data 0.064 (0.065)	Loss 0.2014 (0.2278)	Error@1 7.422 (8.008)	Error@5 0.000 (0.090)
Epoch: [40][102/196]	Time 0.541 (0.540)	Data 0.070 (0.065)	Loss 0.2885 (0.2269)	Error@1 8.984 (8.006)	Error@5 1.172 (0.106)
Epoch: [40][153/196]	Time 0.541 (0.540)	Data 0.063 (0.065)	Loss 0.2130 (0.2288)	Error@1 8.203 (8.053)	Error@5 0.000 (0.145)
Test: [0/40]	Time 0.532 (0.532)	Loss 0.2582 (0.2582)	Error@1 7.422 (7.422)	Error@5 0.781 (0.781)
 * Error@1 7.950 Error@5 0.230
epoch time:  128.12537288665771
