Tue Nov 13 19:32:32 2018       
+-----------------------------------------------------------------------------+
| NVIDIA-SMI 390.87                 Driver Version: 390.87                    |
|-------------------------------+----------------------+----------------------+
| GPU  Name        Persistence-M| Bus-Id        Disp.A | Volatile Uncorr. ECC |
| Fan  Temp  Perf  Pwr:Usage/Cap|         Memory-Usage | GPU-Util  Compute M. |
|===============================+======================+======================|
|   0  TITAN X (Pascal)    Off  | 00000000:02:00.0 Off |                  N/A |
| 23%   25C    P8    16W / 250W |      0MiB / 12196MiB |      0%      Default |
+-------------------------------+----------------------+----------------------+
|   1  TITAN X (Pascal)    Off  | 00000000:03:00.0 Off |                  N/A |
| 23%   33C    P8    17W / 250W |      0MiB / 12196MiB |      0%      Default |
+-------------------------------+----------------------+----------------------+
                                                                               
+-----------------------------------------------------------------------------+
| Processes:                                                       GPU Memory |
|  GPU       PID   Type   Process name                             Usage      |
|=============================================================================|
|  No running processes found                                                 |
+-----------------------------------------------------------------------------+
Waking up Bertie...
Bertie is going to help us train a ResNet on CIFAR-10...
Namespace(GPU='0,1', base_file='bbb', batch_size=512, learning_rate=0.1, no_epochs=30, print_freq=51, save_file='resnet', workers=0)
CUDA AVAILABLE
Using multiple GPUs
Files already downloaded and verified
Files already downloaded and verified
Files already downloaded and verified
Files already downloaded and verified
Epoch 1:
Learning rate is 0.05714285714285715
Epoch: [1][0/98]	Time 3.062 (3.062)	Data 0.092 (0.092)	Loss 2.3243 (2.3243)	Error@1 87.695 (87.695)	Error@5 49.414 (49.414)
Epoch: [1][51/98]	Time 0.146 (0.203)	Data 0.092 (0.094)	Loss 1.5161 (1.7644)	Error@1 54.883 (66.256)	Error@5 9.766 (14.663)
Test: [0/20]	Time 0.121 (0.121)	Loss 1.9656 (1.9656)	Error@1 60.938 (60.938)	Error@5 10.352 (10.352)
 * Error@1 60.480 Error@5 10.800
Epoch 2:
Learning rate is 0.1142857142857143
Epoch: [2][0/98]	Time 0.176 (0.176)	Data 0.122 (0.122)	Loss 1.2346 (1.2346)	Error@1 43.359 (43.359)	Error@5 5.469 (5.469)
Epoch: [2][51/98]	Time 0.146 (0.148)	Data 0.092 (0.094)	Loss 1.1289 (1.3349)	Error@1 40.820 (48.809)	Error@5 3.906 (6.242)
Test: [0/20]	Time 0.122 (0.122)	Loss 0.9780 (0.9780)	Error@1 35.938 (35.938)	Error@5 2.539 (2.539)
 * Error@1 36.780 Error@5 3.020
Epoch 3:
Learning rate is 0.17142857142857143
Epoch: [3][0/98]	Time 0.148 (0.148)	Data 0.095 (0.095)	Loss 0.9772 (0.9772)	Error@1 35.547 (35.547)	Error@5 1.562 (1.562)
Epoch: [3][51/98]	Time 0.150 (0.148)	Data 0.094 (0.094)	Loss 0.8680 (0.9727)	Error@1 28.320 (34.217)	Error@5 2.344 (2.956)
Test: [0/20]	Time 0.121 (0.121)	Loss 0.8846 (0.8846)	Error@1 30.273 (30.273)	Error@5 2.344 (2.344)
 * Error@1 28.560 Error@5 2.150
Epoch 4:
Learning rate is 0.2285714285714286
Epoch: [4][0/98]	Time 0.160 (0.160)	Data 0.107 (0.107)	Loss 0.7141 (0.7141)	Error@1 25.195 (25.195)	Error@5 1.758 (1.758)
Epoch: [4][51/98]	Time 0.147 (0.149)	Data 0.092 (0.093)	Loss 0.8621 (0.7745)	Error@1 29.297 (27.178)	Error@5 1.758 (1.904)
Test: [0/20]	Time 0.123 (0.123)	Loss 1.0632 (1.0632)	Error@1 34.180 (34.180)	Error@5 2.148 (2.148)
 * Error@1 32.750 Error@5 2.320
Epoch 5:
Learning rate is 0.28571428571428575
Epoch: [5][0/98]	Time 0.144 (0.144)	Data 0.092 (0.092)	Loss 0.6493 (0.6493)	Error@1 24.805 (24.805)	Error@5 0.977 (0.977)
Epoch: [5][51/98]	Time 0.150 (0.150)	Data 0.094 (0.094)	Loss 0.6266 (0.6501)	Error@1 24.023 (22.525)	Error@5 1.367 (1.303)
Test: [0/20]	Time 0.139 (0.139)	Loss 0.8500 (0.8500)	Error@1 28.125 (28.125)	Error@5 2.734 (2.734)
 * Error@1 27.490 Error@5 1.900
Epoch 6:
Learning rate is 0.34285714285714286
Epoch: [6][0/98]	Time 0.142 (0.142)	Data 0.091 (0.091)	Loss 0.5110 (0.5110)	Error@1 18.359 (18.359)	Error@5 0.977 (0.977)
Epoch: [6][51/98]	Time 0.152 (0.150)	Data 0.092 (0.093)	Loss 0.5211 (0.5796)	Error@1 18.555 (20.057)	Error@5 0.391 (1.063)
Test: [0/20]	Time 0.127 (0.127)	Loss 0.6279 (0.6279)	Error@1 22.852 (22.852)	Error@5 0.977 (0.977)
 * Error@1 21.050 Error@5 1.100
Epoch 7:
Learning rate is 0.4
Epoch: [7][0/98]	Time 0.141 (0.141)	Data 0.090 (0.090)	Loss 0.4792 (0.4792)	Error@1 17.969 (17.969)	Error@5 0.781 (0.781)
Epoch: [7][51/98]	Time 0.152 (0.151)	Data 0.090 (0.093)	Loss 0.5716 (0.5224)	Error@1 22.461 (18.142)	Error@5 1.367 (0.875)
Test: [0/20]	Time 0.132 (0.132)	Loss 0.6212 (0.6212)	Error@1 20.703 (20.703)	Error@5 0.977 (0.977)
 * Error@1 21.920 Error@5 1.520
Epoch 8:
Learning rate is 0.35714285714285715
Epoch: [8][0/98]	Time 0.145 (0.145)	Data 0.091 (0.091)	Loss 0.4857 (0.4857)	Error@1 16.406 (16.406)	Error@5 0.977 (0.977)
Epoch: [8][51/98]	Time 0.159 (0.153)	Data 0.098 (0.096)	Loss 0.4441 (0.4469)	Error@1 14.648 (15.407)	Error@5 0.781 (0.616)
Test: [0/20]	Time 0.128 (0.128)	Loss 0.6455 (0.6455)	Error@1 21.289 (21.289)	Error@5 1.367 (1.367)
 * Error@1 20.350 Error@5 1.020
Epoch 9:
Learning rate is 0.3142857142857143
Epoch: [9][0/98]	Time 0.147 (0.147)	Data 0.091 (0.091)	Loss 0.4084 (0.4084)	Error@1 14.648 (14.648)	Error@5 0.195 (0.195)
Epoch: [9][51/98]	Time 0.151 (0.154)	Data 0.091 (0.094)	Loss 0.3574 (0.3825)	Error@1 13.477 (13.447)	Error@5 0.586 (0.417)
Test: [0/20]	Time 0.135 (0.135)	Loss 0.5433 (0.5433)	Error@1 17.578 (17.578)	Error@5 1.367 (1.367)
 * Error@1 17.270 Error@5 0.930
Epoch 10:
Learning rate is 0.27142857142857146
Epoch: [10][0/98]	Time 0.169 (0.169)	Data 0.115 (0.115)	Loss 0.3778 (0.3778)	Error@1 12.891 (12.891)	Error@5 0.977 (0.977)
Epoch: [10][51/98]	Time 0.150 (0.151)	Data 0.093 (0.094)	Loss 0.2564 (0.3415)	Error@1 8.594 (11.854)	Error@5 0.195 (0.331)
Test: [0/20]	Time 0.121 (0.121)	Loss 0.4708 (0.4708)	Error@1 14.258 (14.258)	Error@5 0.586 (0.586)
 * Error@1 16.010 Error@5 0.630
Epoch 11:
Learning rate is 0.22857142857142856
Epoch: [11][0/98]	Time 0.145 (0.145)	Data 0.092 (0.092)	Loss 0.3227 (0.3227)	Error@1 11.523 (11.523)	Error@5 0.000 (0.000)
Epoch: [11][51/98]	Time 0.157 (0.154)	Data 0.097 (0.095)	Loss 0.3121 (0.2971)	Error@1 9.961 (10.374)	Error@5 0.195 (0.282)
Test: [0/20]	Time 0.134 (0.134)	Loss 0.4541 (0.4541)	Error@1 13.086 (13.086)	Error@5 0.781 (0.781)
 * Error@1 14.850 Error@5 0.800
Epoch 12:
Learning rate is 0.1857142857142857
Epoch: [12][0/98]	Time 0.143 (0.143)	Data 0.090 (0.090)	Loss 0.2530 (0.2530)	Error@1 9.570 (9.570)	Error@5 0.195 (0.195)
Epoch: [12][51/98]	Time 0.166 (0.155)	Data 0.090 (0.093)	Loss 0.2151 (0.2528)	Error@1 7.031 (8.718)	Error@5 0.195 (0.244)
Test: [0/20]	Time 0.127 (0.127)	Loss 0.3773 (0.3773)	Error@1 12.695 (12.695)	Error@5 0.195 (0.195)
 * Error@1 12.560 Error@5 0.330
Epoch 13:
Learning rate is 0.14285714285714285
Epoch: [13][0/98]	Time 0.149 (0.149)	Data 0.094 (0.094)	Loss 0.2564 (0.2564)	Error@1 8.984 (8.984)	Error@5 0.000 (0.000)
Epoch: [13][51/98]	Time 0.152 (0.154)	Data 0.094 (0.093)	Loss 0.2292 (0.2133)	Error@1 8.984 (7.463)	Error@5 0.000 (0.131)
Test: [0/20]	Time 0.137 (0.137)	Loss 0.3679 (0.3679)	Error@1 13.477 (13.477)	Error@5 0.195 (0.195)
 * Error@1 11.410 Error@5 0.380
Epoch 14:
Learning rate is 0.1
Epoch: [14][0/98]	Time 0.158 (0.158)	Data 0.096 (0.096)	Loss 0.1698 (0.1698)	Error@1 6.250 (6.250)	Error@5 0.391 (0.391)
Epoch: [14][51/98]	Time 0.155 (0.155)	Data 0.095 (0.095)	Loss 0.1833 (0.1847)	Error@1 6.250 (6.479)	Error@5 0.000 (0.109)
Test: [0/20]	Time 0.124 (0.124)	Loss 0.3524 (0.3524)	Error@1 11.523 (11.523)	Error@5 0.977 (0.977)
 * Error@1 11.080 Error@5 0.280
Epoch 15:
Learning rate is 0.08585714285714287
Epoch: [15][0/98]	Time 0.154 (0.154)	Data 0.098 (0.098)	Loss 0.1309 (0.1309)	Error@1 4.492 (4.492)	Error@5 0.000 (0.000)
Epoch: [15][51/98]	Time 0.150 (0.153)	Data 0.093 (0.094)	Loss 0.1678 (0.1529)	Error@1 6.055 (5.221)	Error@5 0.000 (0.071)
Test: [0/20]	Time 0.146 (0.146)	Loss 0.4257 (0.4257)	Error@1 10.742 (10.742)	Error@5 0.781 (0.781)
 * Error@1 10.740 Error@5 0.350
Epoch 16:
Learning rate is 0.07171428571428572
Epoch: [16][0/98]	Time 0.150 (0.150)	Data 0.095 (0.095)	Loss 0.1188 (0.1188)	Error@1 4.297 (4.297)	Error@5 0.195 (0.195)
Epoch: [16][51/98]	Time 0.161 (0.155)	Data 0.104 (0.093)	Loss 0.1540 (0.1409)	Error@1 5.859 (4.868)	Error@5 0.000 (0.060)
Test: [0/20]	Time 0.124 (0.124)	Loss 0.3665 (0.3665)	Error@1 10.547 (10.547)	Error@5 0.391 (0.391)
 * Error@1 10.800 Error@5 0.270
Epoch 17:
Learning rate is 0.05757142857142858
Epoch: [17][0/98]	Time 0.146 (0.146)	Data 0.091 (0.091)	Loss 0.1662 (0.1662)	Error@1 6.445 (6.445)	Error@5 0.000 (0.000)
Epoch: [17][51/98]	Time 0.152 (0.154)	Data 0.093 (0.095)	Loss 0.1121 (0.1230)	Error@1 4.102 (4.319)	Error@5 0.000 (0.038)
Test: [0/20]	Time 0.137 (0.137)	Loss 0.3775 (0.3775)	Error@1 9.375 (9.375)	Error@5 0.000 (0.000)
 * Error@1 9.950 Error@5 0.260
Epoch 18:
Learning rate is 0.043428571428571434
Epoch: [18][0/98]	Time 0.150 (0.150)	Data 0.093 (0.093)	Loss 0.0599 (0.0599)	Error@1 1.953 (1.953)	Error@5 0.000 (0.000)
Epoch: [18][51/98]	Time 0.151 (0.155)	Data 0.091 (0.093)	Loss 0.0936 (0.1092)	Error@1 2.539 (3.703)	Error@5 0.000 (0.030)
Test: [0/20]	Time 0.130 (0.130)	Loss 0.2882 (0.2882)	Error@1 9.180 (9.180)	Error@5 0.000 (0.000)
 * Error@1 9.300 Error@5 0.190
Epoch 19:
Learning rate is 0.02928571428571429
Epoch: [19][0/98]	Time 0.146 (0.146)	Data 0.092 (0.092)	Loss 0.0933 (0.0933)	Error@1 3.125 (3.125)	Error@5 0.000 (0.000)
Epoch: [19][51/98]	Time 0.162 (0.154)	Data 0.095 (0.094)	Loss 0.0674 (0.0935)	Error@1 2.148 (3.117)	Error@5 0.000 (0.049)
Test: [0/20]	Time 0.139 (0.139)	Loss 0.2987 (0.2987)	Error@1 9.570 (9.570)	Error@5 0.586 (0.586)
 * Error@1 9.300 Error@5 0.230
Epoch 20:
Learning rate is 0.015142857142857152
Epoch: [20][0/98]	Time 0.150 (0.150)	Data 0.093 (0.093)	Loss 0.0576 (0.0576)	Error@1 1.367 (1.367)	Error@5 0.000 (0.000)
Epoch: [20][51/98]	Time 0.150 (0.155)	Data 0.094 (0.093)	Loss 0.1066 (0.0797)	Error@1 3.711 (2.595)	Error@5 0.000 (0.023)
Test: [0/20]	Time 0.125 (0.125)	Loss 0.3732 (0.3732)	Error@1 11.328 (11.328)	Error@5 0.586 (0.586)
 * Error@1 9.200 Error@5 0.210
Epoch 21:
Learning rate is 0.001
Epoch: [21][0/98]	Time 0.154 (0.154)	Data 0.095 (0.095)	Loss 0.0733 (0.0733)	Error@1 2.930 (2.930)	Error@5 0.000 (0.000)
Epoch: [21][51/98]	Time 0.158 (0.155)	Data 0.094 (0.094)	Loss 0.0745 (0.0781)	Error@1 3.125 (2.674)	Error@5 0.000 (0.015)
Test: [0/20]	Time 0.133 (0.133)	Loss 0.2682 (0.2682)	Error@1 9.375 (9.375)	Error@5 0.391 (0.391)
 * Error@1 9.220 Error@5 0.190
Epoch 22:
Learning rate is 0.0008888888888888889
Epoch: [22][0/98]	Time 0.147 (0.147)	Data 0.091 (0.091)	Loss 0.0771 (0.0771)	Error@1 2.344 (2.344)	Error@5 0.195 (0.195)
Epoch: [22][51/98]	Time 0.156 (0.157)	Data 0.095 (0.093)	Loss 0.0901 (0.0691)	Error@1 2.539 (2.227)	Error@5 0.000 (0.015)
Test: [0/20]	Time 0.129 (0.129)	Loss 0.3305 (0.3305)	Error@1 10.156 (10.156)	Error@5 0.195 (0.195)
 * Error@1 9.060 Error@5 0.180
Epoch 23:
Learning rate is 0.0007777777777777778
Epoch: [23][0/98]	Time 0.143 (0.143)	Data 0.090 (0.090)	Loss 0.0505 (0.0505)	Error@1 1.367 (1.367)	Error@5 0.000 (0.000)
Epoch: [23][51/98]	Time 0.159 (0.155)	Data 0.095 (0.096)	Loss 0.0613 (0.0739)	Error@1 1.758 (2.393)	Error@5 0.000 (0.019)
Test: [0/20]	Time 0.137 (0.137)	Loss 0.3185 (0.3185)	Error@1 10.352 (10.352)	Error@5 0.391 (0.391)
 * Error@1 9.080 Error@5 0.180
Epoch 24:
Learning rate is 0.0006666666666666666
Epoch: [24][0/98]	Time 0.149 (0.149)	Data 0.092 (0.092)	Loss 0.0568 (0.0568)	Error@1 2.344 (2.344)	Error@5 0.000 (0.000)
Epoch: [24][51/98]	Time 0.151 (0.155)	Data 0.094 (0.094)	Loss 0.0628 (0.0696)	Error@1 1.758 (2.231)	Error@5 0.000 (0.023)
Test: [0/20]	Time 0.123 (0.123)	Loss 0.2919 (0.2919)	Error@1 7.812 (7.812)	Error@5 0.586 (0.586)
 * Error@1 9.110 Error@5 0.170
Epoch 25:
Learning rate is 0.0005555555555555556
Epoch: [25][0/98]	Time 0.145 (0.145)	Data 0.091 (0.091)	Loss 0.0684 (0.0684)	Error@1 2.344 (2.344)	Error@5 0.000 (0.000)
Epoch: [25][51/98]	Time 0.152 (0.153)	Data 0.096 (0.094)	Loss 0.0589 (0.0682)	Error@1 1.758 (2.299)	Error@5 0.000 (0.030)
Test: [0/20]	Time 0.135 (0.135)	Loss 0.2864 (0.2864)	Error@1 8.008 (8.008)	Error@5 0.195 (0.195)
 * Error@1 9.130 Error@5 0.180
Epoch 26:
Learning rate is 0.00044444444444444447
Epoch: [26][0/98]	Time 0.144 (0.144)	Data 0.092 (0.092)	Loss 0.0666 (0.0666)	Error@1 2.539 (2.539)	Error@5 0.000 (0.000)
Epoch: [26][51/98]	Time 0.156 (0.154)	Data 0.094 (0.093)	Loss 0.0536 (0.0703)	Error@1 1.953 (2.340)	Error@5 0.000 (0.026)
Test: [0/20]	Time 0.133 (0.133)	Loss 0.2539 (0.2539)	Error@1 8.984 (8.984)	Error@5 0.000 (0.000)
 * Error@1 9.130 Error@5 0.190
Epoch 27:
Learning rate is 0.00033333333333333327
Epoch: [27][0/98]	Time 0.146 (0.146)	Data 0.093 (0.093)	Loss 0.0461 (0.0461)	Error@1 1.367 (1.367)	Error@5 0.000 (0.000)
Epoch: [27][51/98]	Time 0.165 (0.154)	Data 0.092 (0.095)	Loss 0.0678 (0.0715)	Error@1 1.953 (2.291)	Error@5 0.000 (0.023)
Test: [0/20]	Time 0.134 (0.134)	Loss 0.3303 (0.3303)	Error@1 10.156 (10.156)	Error@5 0.391 (0.391)
 * Error@1 9.120 Error@5 0.180
Epoch 28:
Learning rate is 0.00022222222222222218
Epoch: [28][0/98]	Time 0.151 (0.151)	Data 0.094 (0.094)	Loss 0.0619 (0.0619)	Error@1 1.953 (1.953)	Error@5 0.000 (0.000)
Epoch: [28][51/98]	Time 0.149 (0.154)	Data 0.092 (0.093)	Loss 0.0624 (0.0693)	Error@1 1.367 (2.209)	Error@5 0.000 (0.015)
Test: [0/20]	Time 0.128 (0.128)	Loss 0.3024 (0.3024)	Error@1 9.375 (9.375)	Error@5 0.000 (0.000)
 * Error@1 9.100 Error@5 0.180
Epoch 29:
Learning rate is 0.00011111111111111109
Epoch: [29][0/98]	Time 0.148 (0.148)	Data 0.091 (0.091)	Loss 0.0564 (0.0564)	Error@1 1.758 (1.758)	Error@5 0.000 (0.000)
Epoch: [29][51/98]	Time 0.154 (0.155)	Data 0.091 (0.093)	Loss 0.0783 (0.0681)	Error@1 2.539 (2.182)	Error@5 0.000 (0.019)
Test: [0/20]	Time 0.133 (0.133)	Loss 0.3096 (0.3096)	Error@1 8.594 (8.594)	Error@5 0.391 (0.391)
 * Error@1 9.080 Error@5 0.190
Epoch 30:
Learning rate is 0.0
Epoch: [30][0/98]	Time 0.148 (0.148)	Data 0.093 (0.093)	Loss 0.0577 (0.0577)	Error@1 2.148 (2.148)	Error@5 0.000 (0.000)
Epoch: [30][51/98]	Time 0.152 (0.155)	Data 0.094 (0.095)	Loss 0.0821 (0.0678)	Error@1 3.125 (2.227)	Error@5 0.000 (0.004)
Test: [0/20]	Time 0.126 (0.126)	Loss 0.3079 (0.3079)	Error@1 8.203 (8.203)	Error@5 0.391 (0.391)
 * Error@1 9.040 Error@5 0.200
